2025-05-29T08:15:03.362Z - info: Website generation (lazy) started at 16:15:02
2025-05-29T08:15:03.655Z - warn: ENOENT: no such file or directory, open '/Users/damithch/Repos/nus-cs2103/cs2103-website-base/node_modules/.cache/gh-pages/https!github.com!nus-cs2103-AY2425S2!website.git/book/_markbind/variables.md'
2025-05-29T08:15:03.656Z - warn: ENOENT: no such file or directory, open '/Users/damithch/Repos/nus-cs2103/cs2103-website-base/node_modules/.cache/gh-pages/https!github.com!nus-cs2103-AY2425S2!website.git/_markbind/variables.md'
2025-05-29T08:15:03.677Z - info: Building assets...
2025-05-29T08:15:05.524Z - info: Assets built
2025-05-29T08:15:05.525Z - info: Generating landing page...
2025-05-29T08:15:05.752Z - info: Landing page built, other pages will be built as you navigate to them!
2025-05-29T08:15:05.812Z - info: Site data built
2025-05-29T08:15:05.812Z - info: Website generation (lazy) complete! Total build time: 3.23s
2025-05-29T08:15:05.821Z - info: Serving "/Users/damithch/Repos/nus-cs2103/cs2103-website-base/_site" at http://127.0.0.1:8080
2025-05-29T08:15:05.821Z - info: Press CTRL+C to stop ...
2025-05-29T08:15:15.939Z - info: Building /Users/damithch/Repos/nus-cs2103/cs2103-website-base/admin/courseBriefings as some of its dependencies were changed since the last visit
2025-05-29T08:15:16.127Z - info: Site data built
2025-05-29T08:15:16.127Z - info: Lazy website regeneration complete! Total build time: 0.189s
2025-05-29T08:15:24.454Z - info: Building /Users/damithch/Repos/nus-cs2103/cs2103-website-base/admin/usingThisWebsite as some of its dependencies were changed since the last visit
2025-05-29T08:15:24.654Z - info: Site data built
2025-05-29T08:15:24.654Z - info: Lazy website regeneration complete! Total build time: 0.2s
2025-05-29T08:15:30.689Z - info: Building /Users/damithch/Repos/nus-cs2103/cs2103-website-base/admin/courseOverview as some of its dependencies were changed since the last visit
2025-05-29T08:15:30.801Z - info: Site data built
2025-05-29T08:15:30.801Z - info: Lazy website regeneration complete! Total build time: 0.112s
2025-05-29T08:16:24.676Z - info: [16:16:24] Reload for file change: /Users/damithch/Repos/nus-cs2103/cs2103-website-base/admin/courseOverview.md
2025-05-29T08:16:24.678Z - info: Synchronizing opened pages list before reload
2025-05-29T08:16:24.681Z - info: Current opened pages, from most-to-least recent:
2025-05-29T08:16:24.683Z - info: 1. admin/courseOverview
2025-05-29T08:16:25.696Z - info: Rebuilding 1 pages
2025-05-29T08:16:25.854Z - info: Site data built
2025-05-29T08:16:25.855Z - info: Pages rebuilt
2025-05-29T08:16:25.855Z - info: Website regeneration complete! Total build time: 0.162s
2025-05-29T08:16:58.528Z - info: Website generation started at 16:16:57
2025-05-29T08:16:58.705Z - warn: ENOENT: no such file or directory, open '/Users/damithch/Repos/nus-cs2103/cs2103-website-base/node_modules/.cache/gh-pages/https!github.com!nus-cs2103-AY2425S2!website.git/book/_markbind/variables.md'
2025-05-29T08:16:58.706Z - warn: ENOENT: no such file or directory, open '/Users/damithch/Repos/nus-cs2103/cs2103-website-base/node_modules/.cache/gh-pages/https!github.com!nus-cs2103-AY2425S2!website.git/_markbind/variables.md'
2025-05-29T08:16:58.725Z - info: Building assets...
2025-05-29T08:17:00.231Z - info: Assets built
2025-05-29T08:17:00.231Z - info: Generating pages...
2025-05-29T08:17:08.317Z - debug:  
2025-05-29T08:17:08.317Z - debug:  
2025-05-29T08:17:08.317Z - debug:  
2025-05-29T08:17:08.317Z - debug:  
2025-05-29T08:17:08.712Z - debug:  
2025-05-29T08:17:08.712Z - debug:  
2025-05-29T08:17:08.712Z - debug:  
2025-05-29T08:17:08.712Z - debug:  
2025-05-29T08:17:08.712Z - debug:  
2025-05-29T08:17:08.712Z - debug:  
2025-05-29T08:17:08.712Z - debug:  
2025-05-29T08:17:08.712Z - debug:  
2025-05-29T08:17:08.712Z - debug:  
2025-05-29T08:17:08.712Z - debug:  
2025-05-29T08:17:08.712Z - debug:  
2025-05-29T08:17:08.712Z - debug:  
2025-05-29T08:17:09.470Z - debug:  
2025-05-29T08:17:19.056Z - debug:  
2025-05-29T08:18:04.233Z - debug:  
2025-05-29T08:18:18.882Z - debug:  
2025-05-29T08:18:18.921Z - debug:  
2025-05-29T08:18:26.290Z - info: Pages built
2025-05-29T08:18:26.350Z - info: Site data built
2025-05-29T08:18:26.351Z - info: Website generation complete! Total build time: 88.393s
2025-05-29T08:18:26.351Z - info: Build success!
2025-05-29T08:26:08.420Z - error: uncaughtException: Cloning into '/Users/damithch/Repos/nus-cs2103/cs2103-website-base/node_modules/.cache/gh-pages/https!github.com!nus-cs2103-AY2425S2!website.git'...
error: RPC failed; curl 92 HTTP/2 stream 5 was not closed cleanly: CANCEL (err 8)
error: 4547 bytes of body are still expected
fetch-pack: unexpected disconnect while reading sideband packet
fatal: early EOF
fatal: fetch-pack: invalid index-pack output
 date=Thu May 29 2025 16:26:08 GMT+0800 (Singapore Standard Time), pid=26749, uid=502, gid=20, cwd=/Users/damithch/Repos/nus-cs2103/cs2103-website-base, execPath=/opt/homebrew/Cellar/node@20/20.18.1/bin/node, version=v20.18.1, argv=[/opt/homebrew/Cellar/node@20/20.18.1/bin/node, /opt/homebrew/bin/markbind, deploy], rss=55803904, heapTotal=821280768, heapUsed=569027664, external=3249556, arrayBuffers=1016293, loadavg=[13.9296875, 15.18603515625, 11.990234375], uptime=453112
ProcessError: Cloning into '/Users/damithch/Repos/nus-cs2103/cs2103-website-base/node_modules/.cache/gh-pages/https!github.com!nus-cs2103-AY2425S2!website.git'...
error: RPC failed; curl 92 HTTP/2 stream 5 was not closed cleanly: CANCEL (err 8)
error: 4547 bytes of body are still expected
fetch-pack: unexpected disconnect while reading sideband packet
fatal: early EOF
fatal: fetch-pack: invalid index-pack output

    at ChildProcess.<anonymous> (/opt/homebrew/lib/node_modules/markbind-cli/node_modules/gh-pages/lib/git.js:42:16)
    at ChildProcess.emit (node:events:518:28)
    at maybeClose (node:internal/child_process:1104:16)
    at Socket.<anonymous> (node:internal/child_process:456:11)
    at Socket.emit (node:events:518:28)
    at Pipe.<anonymous> (node:net:343:12)
2025-05-29T08:30:44.734Z - info: Website generation started at 16:30:43
2025-05-29T08:30:44.943Z - info: Building assets...
2025-05-29T08:30:45.187Z - info: Assets built
2025-05-29T08:30:45.187Z - info: Generating pages...
2025-05-29T08:30:51.214Z - debug:  
2025-05-29T08:30:51.215Z - debug:  
2025-05-29T08:30:51.215Z - debug:  
2025-05-29T08:30:51.215Z - debug:  
2025-05-29T08:30:51.215Z - debug:  
2025-05-29T08:30:51.435Z - debug:  
2025-05-29T08:30:51.435Z - debug:  
2025-05-29T08:30:51.435Z - debug:  
2025-05-29T08:30:51.435Z - debug:  
2025-05-29T08:30:51.435Z - debug:  
2025-05-29T08:30:51.435Z - debug:  
2025-05-29T08:30:51.435Z - debug:  
2025-05-29T08:30:51.435Z - debug:  
2025-05-29T08:30:51.435Z - debug:  
2025-05-29T08:30:51.435Z - debug:  
2025-05-29T08:30:51.435Z - debug:  
2025-05-29T08:30:51.911Z - debug:  
2025-05-29T08:31:01.325Z - debug:  
2025-05-29T08:31:47.595Z - debug:  
2025-05-29T08:31:59.144Z - debug:  
2025-05-29T08:31:59.147Z - debug:  
2025-05-29T08:32:07.081Z - info: Pages built
2025-05-29T08:32:07.172Z - info: Site data built
2025-05-29T08:32:07.172Z - info: Website generation complete! Total build time: 83.258s
2025-05-29T08:32:07.172Z - info: Build success!
2025-05-29T08:33:12.163Z - info: The website has been deployed at: https://nus-cs2103-ay2425s2.github.io/website
2025-05-29T13:55:01.626Z - info: Website generation (lazy) started at 21:55:01
2025-05-29T13:55:01.905Z - warn: ENOENT: no such file or directory, open '/Users/damithch/Repos/nus-cs2103/cs2103-website-base/node_modules/.cache/gh-pages/https!github.com!nus-cs2103-AY2425S2!website.git/book/_markbind/variables.md'
2025-05-29T13:55:01.905Z - warn: ENOENT: no such file or directory, open '/Users/damithch/Repos/nus-cs2103/cs2103-website-base/node_modules/.cache/gh-pages/https!github.com!nus-cs2103-AY2425S2!website.git/_markbind/variables.md'
2025-05-29T13:55:01.925Z - info: Building assets...
2025-05-29T13:55:03.579Z - info: Assets built
2025-05-29T13:55:03.579Z - info: Generating landing page...
2025-05-29T13:55:03.816Z - info: Landing page built, other pages will be built as you navigate to them!
2025-05-29T13:55:03.885Z - info: Site data built
2025-05-29T13:55:03.885Z - info: Website generation (lazy) complete! Total build time: 2.576s
2025-05-29T13:55:03.896Z - info: Serving "/Users/damithch/Repos/nus-cs2103/cs2103-website-base/_site" at http://127.0.0.1:8080
2025-05-29T13:55:03.896Z - info: Press CTRL+C to stop ...
2025-05-29T13:56:15.034Z - info: [21:56:15] Reload for file change: /Users/damithch/Repos/nus-cs2103/cs2103-website-base/_course-CS2113/weeklyAdminTasks-fragment.md
2025-05-29T13:56:15.035Z - info: Synchronizing opened pages list before reload
2025-05-29T13:56:15.036Z - info: Current opened pages, from most-to-least recent:
2025-05-29T13:56:15.036Z - info: 1. index
2025-05-29T13:56:16.043Z - info: Assets built
2025-05-29T13:56:23.468Z - info: Building /Users/damithch/Repos/nus-cs2103/cs2103-website-base/schedule/timeline as some of its dependencies were changed since the last visit
2025-05-29T13:56:25.604Z - info: Site data built
2025-05-29T13:56:25.604Z - info: Lazy website regeneration complete! Total build time: 2.136s
2025-05-29T14:05:24.392Z - info: [22:05:24] Reload for file change: /Users/damithch/Repos/nus-cs2103/cs2103-website-base/admin/common-notices-fragment.md
2025-05-29T14:05:24.399Z - info: Synchronizing opened pages list before reload
2025-05-29T14:05:24.400Z - info: Current opened pages, from most-to-least recent:
2025-05-29T14:05:24.401Z - info: 1. schedule/timeline
2025-05-29T14:05:25.426Z - info: Assets built
2025-05-29T14:08:21.101Z - info: [22:08:21] Reload for file change: /Users/damithch/Repos/nus-cs2103/cs2103-website-base/admin/common-tutorials-fragment.md
2025-05-29T14:08:21.103Z - info: Synchronizing opened pages list before reload
2025-05-29T14:08:21.103Z - info: Current opened pages, from most-to-least recent:
2025-05-29T14:08:21.103Z - info: 1. schedule/timeline
2025-05-29T14:08:22.111Z - info: Assets built
2025-05-29T14:08:58.509Z - info: [22:08:58] Reload for file change: /Users/damithch/Repos/nus-cs2103/cs2103-website-base/admin/common-tutorials-fragment.md
2025-05-29T14:08:58.510Z - info: Synchronizing opened pages list before reload
2025-05-29T14:08:58.510Z - info: Current opened pages, from most-to-least recent:
2025-05-29T14:08:58.510Z - info: 1. schedule/timeline
2025-05-29T14:08:59.523Z - info: Assets built
2025-05-29T14:11:48.363Z - info: [22:11:48] Reload for file change: /Users/damithch/Repos/nus-cs2103/cs2103-website-base/admin/ip-grading.md
2025-05-29T14:11:48.363Z - info: Synchronizing opened pages list before reload
2025-05-29T14:11:48.364Z - info: Current opened pages, from most-to-least recent:
2025-05-29T14:11:48.364Z - info: 1. schedule/timeline
2025-05-29T14:11:49.381Z - info: No pages needed to be rebuilt
2025-05-29T14:13:42.192Z - info: [22:13:42] Reload for file change: /Users/damithch/Repos/nus-cs2103/cs2103-website-base/admin/ip-grading.md
2025-05-29T14:13:42.194Z - info: Synchronizing opened pages list before reload
2025-05-29T14:13:42.194Z - info: Current opened pages, from most-to-least recent:
2025-05-29T14:13:42.194Z - info: 1. schedule/timeline
2025-05-29T14:13:43.211Z - info: No pages needed to be rebuilt
2025-05-29T14:13:56.471Z - info: Building /Users/damithch/Repos/nus-cs2103/cs2103-website-base/admin/ip-grading as some of its dependencies were changed since the last visit
2025-05-29T14:13:56.614Z - info: Site data built
2025-05-29T14:13:56.614Z - info: Lazy website regeneration complete! Total build time: 0.143s
2025-05-29T14:20:17.443Z - info: [22:20:17] Reload for file change: /Users/damithch/Repos/nus-cs2103/cs2103-website-base/admin/tp-timeline.md
2025-05-29T14:20:17.457Z - info: Synchronizing opened pages list before reload
2025-05-29T14:20:17.461Z - info: Current opened pages, from most-to-least recent:
2025-05-29T14:20:17.464Z - info: 1. admin/ip-grading
2025-05-29T14:20:18.473Z - info: No pages needed to be rebuilt
2025-05-29T14:22:44.457Z - info: [22:22:44] Reload for file change: /Users/damithch/Repos/nus-cs2103/cs2103-website-base/admin/tutorials.md
2025-05-29T14:22:44.457Z - info: Synchronizing opened pages list before reload
2025-05-29T14:22:44.458Z - info: Current opened pages, from most-to-least recent:
2025-05-29T14:22:44.458Z - info: 1. admin/ip-grading
2025-05-29T14:22:45.466Z - info: No pages needed to be rebuilt
2025-05-29T14:25:36.417Z - info: [22:25:36] Reload for file change: /Users/damithch/Repos/nus-cs2103/cs2103-website-base/admin/tutorials.md
2025-05-29T14:25:36.419Z - info: Synchronizing opened pages list before reload
2025-05-29T14:25:36.420Z - info: Current opened pages, from most-to-least recent:
2025-05-29T14:25:36.420Z - info: 1. admin/ip-grading
2025-05-29T14:25:37.429Z - info: No pages needed to be rebuilt
2025-05-29T14:25:43.572Z - info: Building /Users/damithch/Repos/nus-cs2103/cs2103-website-base/admin/tutorials as some of its dependencies were changed since the last visit
2025-05-29T14:25:43.932Z - info: Site data built
2025-05-29T14:25:43.932Z - info: Lazy website regeneration complete! Total build time: 0.361s
2025-05-29T14:28:40.796Z - info: [22:28:40] Reload for file change: /Users/damithch/Repos/nus-cs2103/cs2103-website-base/admin/tutorials.md
2025-05-29T14:28:40.798Z - info: Synchronizing opened pages list before reload
2025-05-29T14:28:40.799Z - info: Current opened pages, from most-to-least recent:
2025-05-29T14:28:40.799Z - info: 1. admin/tutorials
2025-05-29T14:28:41.807Z - info: Rebuilding 1 pages
2025-05-29T14:28:42.200Z - info: Site data built
2025-05-29T14:28:42.200Z - info: Pages rebuilt
2025-05-29T14:28:42.200Z - info: Website regeneration complete! Total build time: 0.397s
2025-05-29T14:30:57.552Z - info: [22:30:57] Reload for file change: /Users/damithch/Repos/nus-cs2103/cs2103-website-base/schedule/week2/tutorial-cs2113-fragment.md
2025-05-29T14:30:57.564Z - info: Synchronizing opened pages list before reload
2025-05-29T14:30:57.566Z - info: Current opened pages, from most-to-least recent:
2025-05-29T14:30:57.566Z - info: 1. admin/tutorials
2025-05-29T14:30:58.582Z - info: Assets built
2025-05-29T15:37:32.214Z - info: Website generation (lazy) started at 23:37:31
2025-05-29T15:37:32.548Z - warn: ENOENT: no such file or directory, open '/Users/damithch/Repos/nus-cs2103/cs2103-website-base/node_modules/.cache/gh-pages/https!github.com!nus-cs2103-AY2425S2!website.git/book/_markbind/variables.md'
2025-05-29T15:37:32.548Z - warn: ENOENT: no such file or directory, open '/Users/damithch/Repos/nus-cs2103/cs2103-website-base/node_modules/.cache/gh-pages/https!github.com!nus-cs2103-AY2425S2!website.git/_markbind/variables.md'
2025-05-29T15:37:32.568Z - info: Building assets...
2025-05-29T15:37:34.175Z - info: Assets built
2025-05-29T15:37:34.175Z - info: Generating landing page...
2025-05-29T15:37:34.398Z - info: Landing page built, other pages will be built as you navigate to them!
2025-05-29T15:37:34.462Z - info: Site data built
2025-05-29T15:37:34.463Z - info: Website generation (lazy) complete! Total build time: 2.888s
2025-05-29T15:37:34.472Z - info: Serving "/Users/damithch/Repos/nus-cs2103/cs2103-website-base/_site" at http://127.0.0.1:8080
2025-05-29T15:37:34.472Z - info: Press CTRL+C to stop ...
2025-05-29T15:44:12.295Z - info: Website generation started at 23:44:11
2025-05-29T15:44:12.837Z - warn: ENOENT: no such file or directory, open '/Users/damithch/Repos/nus-cs2103/cs2103-website-base/node_modules/.cache/gh-pages/https!github.com!nus-cs2103-AY2425S2!website.git/book/_markbind/variables.md'
2025-05-29T15:44:12.838Z - warn: ENOENT: no such file or directory, open '/Users/damithch/Repos/nus-cs2103/cs2103-website-base/node_modules/.cache/gh-pages/https!github.com!nus-cs2103-AY2425S2!website.git/_markbind/variables.md'
2025-05-29T15:44:12.859Z - info: Building assets...
