2025-06-19T07:38:52.543Z - info: Website generation (lazy) started at 15:38:51
2025-06-19T07:38:52.830Z - warn: ENOENT: no such file or directory, open '/Users/damithch/Repos/nus-cs2103/cs2103-website-base/node_modules/.cache/gh-pages/https!github.com!nus-cs2103-AY2526S1!website.git/book/_markbind/variables.md'
2025-06-19T07:38:52.831Z - warn: ENOENT: no such file or directory, open '/Users/damithch/Repos/nus-cs2103/cs2103-website-base/node_modules/.cache/gh-pages/https!github.com!nus-cs2103-AY2526S1!website.git/_markbind/variables.md'
2025-06-19T07:38:52.850Z - info: Building assets...
2025-06-19T07:38:54.317Z - info: Assets built
2025-06-19T07:38:54.318Z - info: Generating landing page...
2025-06-19T07:38:54.562Z - info: Landing page built, other pages will be built as you navigate to them!
2025-06-19T07:38:54.633Z - info: Site data built
2025-06-19T07:38:54.633Z - info: Website generation (lazy) complete! Total build time: 2.845s
2025-06-19T07:38:54.643Z - info: Serving "/Users/damithch/Repos/nus-cs2103/cs2103-website-base/_site" at http://127.0.0.1:8080
2025-06-19T07:38:54.643Z - info: Press CTRL+C to stop ...
2025-06-19T07:39:02.354Z - info: Building /Users/damithch/Repos/nus-cs2103/cs2103-website-base/se-book-adapted/index as some of its dependencies were changed since the last visit
2025-06-19T07:39:02.519Z - info: Site data built
2025-06-19T07:39:02.520Z - info: Lazy website regeneration complete! Total build time: 0.166s
2025-06-19T07:39:07.421Z - info: Building /Users/damithch/Repos/nus-cs2103/cs2103-website-base/se-book-adapted/chapters/uml as some of its dependencies were changed since the last visit
2025-06-19T07:39:10.719Z - debug:  
2025-06-19T07:39:10.802Z - debug:  
2025-06-19T07:39:10.807Z - debug:  
2025-06-19T07:39:10.834Z - debug:  
2025-06-19T07:39:10.840Z - debug:  
2025-06-19T07:39:10.848Z - debug:  
2025-06-19T07:39:10.865Z - debug:  
2025-06-19T07:39:10.877Z - debug:  
2025-06-19T07:39:10.884Z - debug:  
2025-06-19T07:39:10.896Z - debug:  
2025-06-19T07:39:10.901Z - debug:  
2025-06-19T07:39:11.185Z - debug:  
2025-06-19T07:39:11.230Z - debug:  
2025-06-19T07:39:11.242Z - debug:  
2025-06-19T07:39:11.261Z - debug:  
2025-06-19T07:39:11.462Z - info: Site data built
2025-06-19T07:39:11.462Z - info: Lazy website regeneration complete! Total build time: 4.041s
2025-06-19T07:39:51.163Z - info: Building /Users/damithch/Repos/nus-cs2103/cs2103-website-base/se-book-adapted/chapters/modeling as some of its dependencies were changed since the last visit
2025-06-19T07:39:52.708Z - debug:  
2025-06-19T07:39:52.821Z - info: Site data built
2025-06-19T07:39:52.821Z - info: Lazy website regeneration complete! Total build time: 1.659s
2025-06-19T07:40:41.527Z - info: Building /Users/damithch/Repos/nus-cs2103/cs2103-website-base/se-book-adapted/git-trail/index as some of its dependencies were changed since the last visit
2025-06-19T07:40:41.634Z - info: Site data built
2025-06-19T07:40:41.634Z - info: Lazy website regeneration complete! Total build time: 0.107s
2025-06-19T07:40:44.969Z - info: Building /Users/damithch/Repos/nus-cs2103/cs2103-website-base/book/gitAndGithub/trail/recordingFolderHistory/index as some of its dependencies were changed since the last visit
2025-06-19T07:40:44.999Z - warn: Empty reference in /Users/damithch/Repos/nus-cs2103/cs2103-website-base/book/gitAndGithub/trail/recordingFolderHistory/unit-inElsewhere-asFlat.md:
Segment '#title' in file: /Users/damithch/Repos/nus-cs2103/cs2103-website-base/book/gitAndGithub/trail/recordingFolderHistory/text.md is empty
2025-06-19T07:40:45.253Z - info: Site data built
2025-06-19T07:40:45.253Z - info: Lazy website regeneration complete! Total build time: 0.284s
2025-06-19T07:42:12.556Z - info: [15:42:12] Reload for file change: /Users/damithch/Repos/nus-cs2103/cs2103-website-base/book/gitAndGithub/stage/text.md
2025-06-19T07:42:12.558Z - info: Synchronizing opened pages list before reload
2025-06-19T07:42:12.559Z - info: Current opened pages, from most-to-least recent:
2025-06-19T07:42:12.559Z - info: 1. book/gitAndGithub/trail/recordingFolderHistory/index
2025-06-19T07:42:13.572Z - info: Rebuilding 1 pages
2025-06-19T07:42:13.601Z - warn: Empty reference in /Users/damithch/Repos/nus-cs2103/cs2103-website-base/book/gitAndGithub/trail/recordingFolderHistory/unit-inElsewhere-asFlat.md:
Segment '#title' in file: /Users/damithch/Repos/nus-cs2103/cs2103-website-base/book/gitAndGithub/trail/recordingFolderHistory/text.md is empty
2025-06-19T07:42:13.812Z - info: Site data built
2025-06-19T07:42:13.812Z - info: Pages rebuilt
2025-06-19T07:42:13.812Z - info: Website regeneration complete! Total build time: 0.242s
2025-06-19T07:42:49.445Z - info: [15:42:49] Reload for file change: /Users/damithch/Repos/nus-cs2103/cs2103-website-base/book/gitAndGithub/stage/text.md
2025-06-19T07:42:49.447Z - info: Synchronizing opened pages list before reload
2025-06-19T07:42:49.448Z - info: Current opened pages, from most-to-least recent:
2025-06-19T07:42:49.448Z - info: 1. book/gitAndGithub/trail/recordingFolderHistory/index
2025-06-19T07:42:50.458Z - info: Rebuilding 1 pages
2025-06-19T07:42:50.494Z - warn: Empty reference in /Users/damithch/Repos/nus-cs2103/cs2103-website-base/book/gitAndGithub/trail/recordingFolderHistory/unit-inElsewhere-asFlat.md:
Segment '#title' in file: /Users/damithch/Repos/nus-cs2103/cs2103-website-base/book/gitAndGithub/trail/recordingFolderHistory/text.md is empty
2025-06-19T07:42:50.696Z - info: Site data built
2025-06-19T07:42:50.696Z - info: Pages rebuilt
2025-06-19T07:42:50.696Z - info: Website regeneration complete! Total build time: 0.242s
