2025-06-23T17:14:02.806Z - info: Website generation (lazy) started at 01:14:01
2025-06-23T17:14:03.174Z - warn: ENOENT: no such file or directory, open '/Users/damithch/Repos/nus-cs2103/cs2103-website-base/node_modules/.cache/gh-pages/https!github.com!nus-cs2103-AY2526S1!website.git/book/_markbind/variables.md'
2025-06-23T17:14:03.174Z - warn: ENOENT: no such file or directory, open '/Users/damithch/Repos/nus-cs2103/cs2103-website-base/node_modules/.cache/gh-pages/https!github.com!nus-cs2103-AY2526S1!website.git/_markbind/variables.md'
2025-06-23T17:14:03.193Z - info: Building assets...
2025-06-23T17:14:05.169Z - info: Assets built
2025-06-23T17:14:05.170Z - info: Generating landing page...
2025-06-23T17:14:05.544Z - info: Landing page built, other pages will be built as you navigate to them!
2025-06-23T17:14:05.656Z - info: Site data built
2025-06-23T17:14:05.656Z - info: Website generation (lazy) complete! Total build time: 3.661s
2025-06-23T17:14:05.670Z - info: Serving "/Users/damithch/Repos/nus-cs2103/cs2103-website-base/_site" at http://127.0.0.1:8080
2025-06-23T17:14:05.671Z - info: Press CTRL+C to stop ...
2025-06-23T17:14:39.700Z - info: Building /Users/damithch/Repos/nus-cs2103/cs2103-website-base/se-book-adapted/git-trail/index as some of its dependencies were changed since the last visit
2025-06-23T17:14:39.883Z - info: Site data built
2025-06-23T17:14:39.884Z - info: Lazy website regeneration complete! Total build time: 0.185s
2025-06-23T17:14:44.173Z - info: Building /Users/damithch/Repos/nus-cs2103/cs2103-website-base/book/gitAndGithub/trail/backingUpOnCloud/index as some of its dependencies were changed since the last visit
2025-06-23T17:14:44.360Z - info: Site data built
2025-06-23T17:14:44.360Z - info: Lazy website regeneration complete! Total build time: 0.187s
2025-06-23T17:14:48.142Z - info: Building /Users/damithch/Repos/nus-cs2103/cs2103-website-base/book/gitAndGithub/trail/recordingFolderHistory/index as some of its dependencies were changed since the last visit
2025-06-23T17:14:48.387Z - info: Site data built
2025-06-23T17:14:48.387Z - info: Lazy website regeneration complete! Total build time: 0.245s
2025-06-23T17:15:40.447Z - info: [01:15:40] Reload for file change: /Users/damithch/Repos/nus-cs2103/cs2103-website-base/book/gitAndGithub/commit/text.md
2025-06-23T17:15:40.453Z - info: Synchronizing opened pages list before reload
2025-06-23T17:15:40.458Z - info: Current opened pages, from most-to-least recent:
2025-06-23T17:15:40.459Z - info: 1. book/gitAndGithub/trail/recordingFolderHistory/index
2025-06-23T17:15:41.469Z - info: Rebuilding 1 pages
2025-06-23T17:15:41.784Z - info: Site data built
2025-06-23T17:15:41.784Z - info: Pages rebuilt
2025-06-23T17:15:41.784Z - info: Website regeneration complete! Total build time: 0.318s
2025-06-23T17:19:46.120Z - info: [01:19:46] Reload for file change: /Users/damithch/Repos/nus-cs2103/cs2103-website-base/book/common/macros.njk
2025-06-23T17:19:46.125Z - info: Synchronizing opened pages list before reload
2025-06-23T17:19:46.131Z - info: Current opened pages, from most-to-least recent:
2025-06-23T17:19:46.131Z - info: 1. book/gitAndGithub/trail/recordingFolderHistory/index
2025-06-23T17:19:46.166Z - info: [01:19:46] Reload for file change: /Users/damithch/Repos/nus-cs2103/cs2103-website-base/book/gitAndGithub/trail/recordingFolderHistory/text.md
2025-06-23T17:19:46.166Z - info: Synchronizing opened pages list before reload
2025-06-23T17:19:46.166Z - info: Current opened pages, from most-to-least recent:
2025-06-23T17:19:46.166Z - info: 1. book/gitAndGithub/trail/recordingFolderHistory/index
2025-06-23T17:19:47.143Z - info: Rebuilding 1 pages
2025-06-23T17:19:47.453Z - info: Site data built
2025-06-23T17:19:47.453Z - info: Pages rebuilt
2025-06-23T17:19:47.453Z - info: Website regeneration complete! Total build time: 0.314s
2025-06-23T17:21:29.113Z - info: [01:21:29] Reload for file change: /Users/damithch/Repos/nus-cs2103/cs2103-website-base/book/common/macros.njk
2025-06-23T17:21:29.117Z - info: Synchronizing opened pages list before reload
2025-06-23T17:21:29.118Z - info: Current opened pages, from most-to-least recent:
2025-06-23T17:21:29.118Z - info: 1. book/gitAndGithub/trail/recordingFolderHistory/index
2025-06-23T17:21:29.123Z - info: [01:21:29] Reload for file change: /Users/damithch/Repos/nus-cs2103/cs2103-website-base/book/gitAndGithub/trail/recordingFolderHistory/text.md
2025-06-23T17:21:29.123Z - info: Synchronizing opened pages list before reload
2025-06-23T17:21:29.128Z - info: Current opened pages, from most-to-least recent:
2025-06-23T17:21:29.129Z - info: 1. book/gitAndGithub/trail/recordingFolderHistory/index
2025-06-23T17:21:30.127Z - info: Rebuilding 1 pages
2025-06-23T17:21:30.158Z - error:  Template render error: (/Users/damithch/Repos/nus-cs2103/cs2103-website-base/book/gitAndGithub/trail/recordingFolderHistory/text.md) [Line 17, Column 41]
  expected name as lookup value, got )
    at Object._prettifyError (/opt/homebrew/lib/node_modules/markbind-cli/node_modules/nunjucks/src/lib.js:32:11)
    at Template.render (/opt/homebrew/lib/node_modules/markbind-cli/node_modules/@markbind/core/src/patches/nunjucks/context-overrides-frame.js:358:19)
    at /opt/homebrew/lib/node_modules/markbind-cli/node_modules/@markbind/core/src/patches/nunjucks/context-overrides-frame.js:54:25
    at createTemplate (/opt/homebrew/lib/node_modules/markbind-cli/node_modules/@markbind/core/src/patches/nunjucks/load-event.js:121:7)
    at handle (/opt/homebrew/lib/node_modules/markbind-cli/node_modules/@markbind/core/src/patches/nunjucks/load-event.js:133:9)
    at /opt/homebrew/lib/node_modules/markbind-cli/node_modules/@markbind/core/src/patches/nunjucks/load-event.js:145:7
    at next (/opt/homebrew/lib/node_modules/markbind-cli/node_modules/nunjucks/src/lib.js:258:7)
    at Object.asyncIter (/opt/homebrew/lib/node_modules/markbind-cli/node_modules/nunjucks/src/lib.js:263:3)
    at Environment.getTemplate (/opt/homebrew/lib/node_modules/markbind-cli/node_modules/@markbind/core/src/patches/nunjucks/load-event.js:127:7)
    at Environment.render (/opt/homebrew/lib/node_modules/markbind-cli/node_modules/@markbind/core/src/patches/nunjucks/context-overrides-frame.js:48:8)
    at VariableRenderer.renderFile (/opt/homebrew/lib/node_modules/markbind-cli/node_modules/@markbind/core/src/variables/VariableRenderer.js:73:24)
    at VariableProcessor.renderWithSiteVariables (/opt/homebrew/lib/node_modules/markbind-cli/node_modules/@markbind/core/src/variables/VariableProcessor.js:154:57)
    at VariableProcessor.renderIncludeFile (/opt/homebrew/lib/node_modules/markbind-cli/node_modules/@markbind/core/src/variables/VariableProcessor.js:231:38)
    at processInclude (/opt/homebrew/lib/node_modules/markbind-cli/node_modules/@markbind/core/src/html/includePanelProcessor.js:198:68)
    at NodeProcessor.processNode (/opt/homebrew/lib/node_modules/markbind-cli/node_modules/@markbind/core/src/html/NodeProcessor.js:173:71)
    at NodeProcessor.traverse (/opt/homebrew/lib/node_modules/markbind-cli/node_modules/@markbind/core/src/html/NodeProcessor.js:345:24)
2025-06-23T17:21:30.159Z - error:  Template render error: (/Users/damithch/Repos/nus-cs2103/cs2103-website-base/book/gitAndGithub/trail/recordingFolderHistory/text.md) [Line 17, Column 41]
  expected name as lookup value, got )
    at Object._prettifyError (/opt/homebrew/lib/node_modules/markbind-cli/node_modules/nunjucks/src/lib.js:32:11)
    at Template.render (/opt/homebrew/lib/node_modules/markbind-cli/node_modules/@markbind/core/src/patches/nunjucks/context-overrides-frame.js:358:19)
    at /opt/homebrew/lib/node_modules/markbind-cli/node_modules/@markbind/core/src/patches/nunjucks/context-overrides-frame.js:54:25
    at Environment.getTemplate (/opt/homebrew/lib/node_modules/markbind-cli/node_modules/@markbind/core/src/patches/nunjucks/load-event.js:85:7)
    at Environment.render (/opt/homebrew/lib/node_modules/markbind-cli/node_modules/@markbind/core/src/patches/nunjucks/context-overrides-frame.js:48:8)
    at VariableRenderer.renderFile (/opt/homebrew/lib/node_modules/markbind-cli/node_modules/@markbind/core/src/variables/VariableRenderer.js:73:24)
    at VariableProcessor.renderWithSiteVariables (/opt/homebrew/lib/node_modules/markbind-cli/node_modules/@markbind/core/src/variables/VariableProcessor.js:154:57)
    at VariableProcessor.renderIncludeFile (/opt/homebrew/lib/node_modules/markbind-cli/node_modules/@markbind/core/src/variables/VariableProcessor.js:231:38)
    at processInclude (/opt/homebrew/lib/node_modules/markbind-cli/node_modules/@markbind/core/src/html/includePanelProcessor.js:198:68)
    at NodeProcessor.processNode (/opt/homebrew/lib/node_modules/markbind-cli/node_modules/@markbind/core/src/html/NodeProcessor.js:173:71)
    at NodeProcessor.traverse (/opt/homebrew/lib/node_modules/markbind-cli/node_modules/@markbind/core/src/html/NodeProcessor.js:345:24)
    at /opt/homebrew/lib/node_modules/markbind-cli/node_modules/@markbind/core/src/html/NodeProcessor.js:349:22
    at Array.forEach (<anonymous>)
    at NodeProcessor.traverse (/opt/homebrew/lib/node_modules/markbind-cli/node_modules/@markbind/core/src/html/NodeProcessor.js:348:27)
    at /opt/homebrew/lib/node_modules/markbind-cli/node_modules/@markbind/core/src/html/NodeProcessor.js:349:22
    at Array.forEach (<anonymous>)
2025-06-23T17:21:30.206Z - info: Site data built
2025-06-23T17:21:30.206Z - info: Pages rebuilt
2025-06-23T17:21:30.206Z - info: Website regeneration complete! Total build time: 0.083s
2025-06-23T17:21:34.603Z - info: [01:21:34] Reload for file change: /Users/damithch/Repos/nus-cs2103/cs2103-website-base/book/gitAndGithub/trail/recordingFolderHistory/text.md
2025-06-23T17:21:34.603Z - info: Synchronizing opened pages list before reload
2025-06-23T17:21:34.603Z - info: Current opened pages, from most-to-least recent:
2025-06-23T17:21:34.603Z - info: 1. book/gitAndGithub/trail/recordingFolderHistory/index
2025-06-23T17:21:35.608Z - info: Rebuilding 1 pages
2025-06-23T17:21:35.883Z - info: Site data built
2025-06-23T17:21:35.883Z - info: Pages rebuilt
2025-06-23T17:21:35.883Z - info: Website regeneration complete! Total build time: 0.277s
2025-06-23T17:21:48.704Z - info: Building /Users/damithch/Repos/nus-cs2103/cs2103-website-base/book/gitAndGithub/trail/backingUpOnCloud/index as some of its dependencies were changed since the last visit
2025-06-23T17:21:48.879Z - info: Site data built
2025-06-23T17:21:48.880Z - info: Lazy website regeneration complete! Total build time: 0.177s
2025-06-23T17:21:57.133Z - info: Building /Users/damithch/Repos/nus-cs2103/cs2103-website-base/book/gitAndGithub/createRemoteRepo/index as some of its dependencies were changed since the last visit
2025-06-23T17:21:57.209Z - info: Site data built
2025-06-23T17:21:57.209Z - info: Lazy website regeneration complete! Total build time: 0.076s
2025-06-23T17:22:49.247Z - info: [01:22:49] Reload for file change: /Users/damithch/Repos/nus-cs2103/cs2103-website-base/book/gitAndGithub/trail/backingUpOnCloud/text.md
2025-06-23T17:22:49.251Z - info: Synchronizing opened pages list before reload
2025-06-23T17:22:49.254Z - info: Current opened pages, from most-to-least recent:
2025-06-23T17:22:49.255Z - info: 1. book/gitAndGithub/createRemoteRepo/index
2025-06-23T17:22:49.255Z - info: 2. book/gitAndGithub/trail/backingUpOnCloud/index
2025-06-23T17:22:49.258Z - info: [01:22:49] Reload for file change: /Users/damithch/Repos/nus-cs2103/cs2103-website-base/book/gitAndGithub/trail/workingWithRemotes/text.md
2025-06-23T17:22:49.258Z - info: Synchronizing opened pages list before reload
2025-06-23T17:22:49.258Z - info: Current opened pages, from most-to-least recent:
2025-06-23T17:22:49.258Z - info: 1. book/gitAndGithub/createRemoteRepo/index
2025-06-23T17:22:49.258Z - info: 2. book/gitAndGithub/trail/backingUpOnCloud/index
2025-06-23T17:22:49.258Z - info: [01:22:49] Reload for file change: /Users/damithch/Repos/nus-cs2103/cs2103-website-base/book/gitAndGithub/trail/usingRevisionHistory/text.md
2025-06-23T17:22:49.258Z - info: Synchronizing opened pages list before reload
2025-06-23T17:22:49.258Z - info: Current opened pages, from most-to-least recent:
2025-06-23T17:22:49.258Z - info: 1. book/gitAndGithub/createRemoteRepo/index
2025-06-23T17:22:49.258Z - info: 2. book/gitAndGithub/trail/backingUpOnCloud/index
2025-06-23T17:22:50.275Z - info: Rebuilding 1 pages
2025-06-23T17:22:50.465Z - info: Site data built
2025-06-23T17:22:50.465Z - info: Pages rebuilt
2025-06-23T17:22:50.465Z - info: Website regeneration complete! Total build time: 0.194s
2025-06-23T17:28:15.851Z - info: [01:28:15] Reload for file change: /Users/damithch/Repos/nus-cs2103/cs2103-website-base/book/gitAndGithub/createRemoteRepo/text.md
2025-06-23T17:28:15.857Z - info: Synchronizing opened pages list before reload
2025-06-23T17:28:15.859Z - info: Current opened pages, from most-to-least recent:
2025-06-23T17:28:15.860Z - info: 1. book/gitAndGithub/trail/backingUpOnCloud/index
2025-06-23T17:28:16.929Z - info: Rebuilding 1 pages
2025-06-23T17:28:17.130Z - info: Site data built
2025-06-23T17:28:17.130Z - info: Pages rebuilt
2025-06-23T17:28:17.130Z - info: Website regeneration complete! Total build time: 0.204s
2025-06-23T17:28:22.412Z - info: Building /Users/damithch/Repos/nus-cs2103/cs2103-website-base/book/gitAndGithub/createRemoteRepo/index as some of its dependencies were changed since the last visit
2025-06-23T17:28:22.485Z - info: Site data built
2025-06-23T17:28:22.485Z - info: Lazy website regeneration complete! Total build time: 0.074s
2025-06-23T17:28:40.259Z - info: [01:28:40] Reload for file change: /Users/damithch/Repos/nus-cs2103/cs2103-website-base/book/gitAndGithub/createRemoteRepo/text.md
2025-06-23T17:28:40.260Z - info: Synchronizing opened pages list before reload
2025-06-23T17:28:40.260Z - info: Current opened pages, from most-to-least recent:
2025-06-23T17:28:40.260Z - info: 1. book/gitAndGithub/createRemoteRepo/index
2025-06-23T17:28:40.260Z - info: 2. book/gitAndGithub/trail/backingUpOnCloud/index
2025-06-23T17:28:41.266Z - info: Rebuilding 2 pages
2025-06-23T17:28:41.464Z - info: Site data built
2025-06-23T17:28:41.464Z - info: Pages rebuilt
2025-06-23T17:28:41.464Z - info: Website regeneration complete! Total build time: 0.201s
2025-06-23T17:28:51.173Z - info: [01:28:51] Reload for file change: /Users/damithch/Repos/nus-cs2103/cs2103-website-base/book/gitAndGithub/createRemoteRepo/text.md
2025-06-23T17:28:51.174Z - info: Synchronizing opened pages list before reload
2025-06-23T17:28:51.174Z - info: Current opened pages, from most-to-least recent:
2025-06-23T17:28:51.175Z - info: 1. book/gitAndGithub/createRemoteRepo/index
2025-06-23T17:28:51.175Z - info: 2. book/gitAndGithub/trail/backingUpOnCloud/index
2025-06-23T17:28:52.178Z - info: Rebuilding 2 pages
2025-06-23T17:28:52.352Z - info: Site data built
2025-06-23T17:28:52.352Z - info: Pages rebuilt
2025-06-23T17:28:52.352Z - info: Website regeneration complete! Total build time: 0.176s
2025-06-23T17:29:09.809Z - info: [01:29:09] Reload for file change: /Users/damithch/Repos/nus-cs2103/cs2103-website-base/book/gitAndGithub/createRemoteRepo/text.md
2025-06-23T17:29:09.812Z - info: Synchronizing opened pages list before reload
2025-06-23T17:29:09.813Z - info: Current opened pages, from most-to-least recent:
2025-06-23T17:29:09.813Z - info: 1. book/gitAndGithub/createRemoteRepo/index
2025-06-23T17:29:09.813Z - info: 2. book/gitAndGithub/trail/backingUpOnCloud/index
2025-06-23T17:29:10.744Z - info: Rebuilding 2 pages
2025-06-23T17:29:10.957Z - info: Site data built
2025-06-23T17:29:10.957Z - info: Pages rebuilt
2025-06-23T17:29:10.957Z - info: Website regeneration complete! Total build time: 0.216s
2025-06-23T17:30:35.373Z - info: [01:30:35] Reload for file change: /Users/damithch/Repos/nus-cs2103/cs2103-website-base/book/gitAndGithub/createRemoteRepo/text.md
2025-06-23T17:30:35.375Z - info: Synchronizing opened pages list before reload
2025-06-23T17:30:35.376Z - info: Current opened pages, from most-to-least recent:
2025-06-23T17:30:35.376Z - info: 1. book/gitAndGithub/createRemoteRepo/index
2025-06-23T17:30:35.376Z - info: 2. book/gitAndGithub/trail/backingUpOnCloud/index
2025-06-23T17:30:36.383Z - info: Rebuilding 2 pages
2025-06-23T17:30:36.602Z - info: Site data built
2025-06-23T17:30:36.602Z - info: Pages rebuilt
2025-06-23T17:30:36.602Z - info: Website regeneration complete! Total build time: 0.223s
2025-06-23T17:33:34.219Z - info: [01:33:34] Reload for file change: /Users/damithch/Repos/nus-cs2103/cs2103-website-base/book/gitAndGithub/createRemoteRepo/text.md
2025-06-23T17:33:34.221Z - info: Synchronizing opened pages list before reload
2025-06-23T17:33:34.221Z - info: Current opened pages, from most-to-least recent:
2025-06-23T17:33:34.221Z - info: 1. book/gitAndGithub/createRemoteRepo/index
2025-06-23T17:33:34.222Z - info: 2. book/gitAndGithub/trail/backingUpOnCloud/index
2025-06-23T17:33:35.231Z - info: Rebuilding 2 pages
2025-06-23T17:33:35.451Z - info: Site data built
2025-06-23T17:33:35.451Z - info: Pages rebuilt
2025-06-23T17:33:35.451Z - info: Website regeneration complete! Total build time: 0.223s
2025-06-23T17:38:14.663Z - info: [01:38:14] Reload for file change: /Users/damithch/Repos/nus-cs2103/cs2103-website-base/book/gitAndGithub/createRemoteRepo/text.md
2025-06-23T17:38:14.665Z - info: Synchronizing opened pages list before reload
2025-06-23T17:38:14.666Z - info: Current opened pages, from most-to-least recent:
2025-06-23T17:38:14.666Z - info: 1. book/gitAndGithub/createRemoteRepo/index
2025-06-23T17:38:14.666Z - info: 2. book/gitAndGithub/trail/backingUpOnCloud/index
2025-06-23T17:38:15.674Z - info: Rebuilding 2 pages
2025-06-23T17:38:15.880Z - info: Site data built
2025-06-23T17:38:15.880Z - info: Pages rebuilt
2025-06-23T17:38:15.880Z - info: Website regeneration complete! Total build time: 0.208s
2025-06-23T17:58:14.924Z - info: [01:58:14] Reload for file change: /Users/damithch/Repos/nus-cs2103/cs2103-website-base/book/gitAndGithub/createRemoteRepo/text.md
2025-06-23T17:58:14.930Z - info: Synchronizing opened pages list before reload
2025-06-23T17:58:14.949Z - info: Current opened pages, from most-to-least recent:
2025-06-23T17:58:14.950Z - info: 1. book/gitAndGithub/createRemoteRepo/index
2025-06-23T17:58:14.951Z - info: 2. book/gitAndGithub/trail/backingUpOnCloud/index
2025-06-23T17:58:15.987Z - info: Rebuilding 2 pages
2025-06-23T17:58:16.028Z - error:  Template render error: (/Users/damithch/Repos/nus-cs2103/cs2103-website-base/book/gitAndGithub/createRemoteRepo/text.md) [Line 20, Column 30]
  Template render error: (/Users/damithch/Repos/nus-cs2103/cs2103-website-base/book/gitAndGithub/createRemoteRepo/text.md) [Line 211, Column 9]
  Error: Unable to call `show_hands_on_practice`, which is undefined or falsey
    at Object._prettifyError (/opt/homebrew/lib/node_modules/markbind-cli/node_modules/nunjucks/src/lib.js:32:11)
    at /opt/homebrew/lib/node_modules/markbind-cli/node_modules/@markbind/core/src/patches/nunjucks/context-overrides-frame.js:383:17
    at Template.root [as rootRenderFunc] (eval at _compile (/opt/homebrew/lib/node_modules/markbind-cli/node_modules/nunjucks/src/environment.js:527:18), <anonymous>:151:3)
    at Template.render (/opt/homebrew/lib/node_modules/markbind-cli/node_modules/@markbind/core/src/patches/nunjucks/context-overrides-frame.js:372:8)
    at /opt/homebrew/lib/node_modules/markbind-cli/node_modules/@markbind/core/src/patches/nunjucks/context-overrides-frame.js:54:25
    at createTemplate (/opt/homebrew/lib/node_modules/markbind-cli/node_modules/@markbind/core/src/patches/nunjucks/load-event.js:121:7)
    at handle (/opt/homebrew/lib/node_modules/markbind-cli/node_modules/@markbind/core/src/patches/nunjucks/load-event.js:133:9)
    at /opt/homebrew/lib/node_modules/markbind-cli/node_modules/@markbind/core/src/patches/nunjucks/load-event.js:145:7
    at next (/opt/homebrew/lib/node_modules/markbind-cli/node_modules/nunjucks/src/lib.js:258:7)
    at Object.asyncIter (/opt/homebrew/lib/node_modules/markbind-cli/node_modules/nunjucks/src/lib.js:263:3)
    at Environment.getTemplate (/opt/homebrew/lib/node_modules/markbind-cli/node_modules/@markbind/core/src/patches/nunjucks/load-event.js:127:7)
    at Environment.render (/opt/homebrew/lib/node_modules/markbind-cli/node_modules/@markbind/core/src/patches/nunjucks/context-overrides-frame.js:48:8)
    at VariableRenderer.renderFile (/opt/homebrew/lib/node_modules/markbind-cli/node_modules/@markbind/core/src/variables/VariableRenderer.js:73:24)
    at VariableProcessor.renderWithSiteVariables (/opt/homebrew/lib/node_modules/markbind-cli/node_modules/@markbind/core/src/variables/VariableProcessor.js:154:57)
    at VariableProcessor.renderIncludeFile (/opt/homebrew/lib/node_modules/markbind-cli/node_modules/@markbind/core/src/variables/VariableProcessor.js:231:38)
    at processInclude (/opt/homebrew/lib/node_modules/markbind-cli/node_modules/@markbind/core/src/html/includePanelProcessor.js:198:68)
2025-06-23T17:58:16.030Z - error:  Template render error: (/Users/damithch/Repos/nus-cs2103/cs2103-website-base/book/gitAndGithub/createRemoteRepo/text.md) [Line 20, Column 30]
  Template render error: (/Users/damithch/Repos/nus-cs2103/cs2103-website-base/book/gitAndGithub/createRemoteRepo/text.md) [Line 211, Column 9]
  Error: Unable to call `show_hands_on_practice`, which is undefined or falsey
    at Object._prettifyError (/opt/homebrew/lib/node_modules/markbind-cli/node_modules/nunjucks/src/lib.js:32:11)
    at /opt/homebrew/lib/node_modules/markbind-cli/node_modules/@markbind/core/src/patches/nunjucks/context-overrides-frame.js:383:17
    at Template.root [as rootRenderFunc] (eval at _compile (/opt/homebrew/lib/node_modules/markbind-cli/node_modules/nunjucks/src/environment.js:527:18), <anonymous>:151:3)
    at Template.render (/opt/homebrew/lib/node_modules/markbind-cli/node_modules/@markbind/core/src/patches/nunjucks/context-overrides-frame.js:372:8)
    at /opt/homebrew/lib/node_modules/markbind-cli/node_modules/@markbind/core/src/patches/nunjucks/context-overrides-frame.js:54:25
    at Environment.getTemplate (/opt/homebrew/lib/node_modules/markbind-cli/node_modules/@markbind/core/src/patches/nunjucks/load-event.js:85:7)
    at Environment.render (/opt/homebrew/lib/node_modules/markbind-cli/node_modules/@markbind/core/src/patches/nunjucks/context-overrides-frame.js:48:8)
    at VariableRenderer.renderFile (/opt/homebrew/lib/node_modules/markbind-cli/node_modules/@markbind/core/src/variables/VariableRenderer.js:73:24)
    at VariableProcessor.renderWithSiteVariables (/opt/homebrew/lib/node_modules/markbind-cli/node_modules/@markbind/core/src/variables/VariableProcessor.js:154:57)
    at VariableProcessor.renderIncludeFile (/opt/homebrew/lib/node_modules/markbind-cli/node_modules/@markbind/core/src/variables/VariableProcessor.js:231:38)
    at processInclude (/opt/homebrew/lib/node_modules/markbind-cli/node_modules/@markbind/core/src/html/includePanelProcessor.js:198:68)
    at NodeProcessor.processNode (/opt/homebrew/lib/node_modules/markbind-cli/node_modules/@markbind/core/src/html/NodeProcessor.js:173:71)
    at NodeProcessor.traverse (/opt/homebrew/lib/node_modules/markbind-cli/node_modules/@markbind/core/src/html/NodeProcessor.js:345:24)
    at /opt/homebrew/lib/node_modules/markbind-cli/node_modules/@markbind/core/src/html/NodeProcessor.js:349:22
    at Array.forEach (<anonymous>)
    at NodeProcessor.traverse (/opt/homebrew/lib/node_modules/markbind-cli/node_modules/@markbind/core/src/html/NodeProcessor.js:348:27)
2025-06-23T17:58:16.030Z - error:  Template render error: (/Users/damithch/Repos/nus-cs2103/cs2103-website-base/book/gitAndGithub/createRemoteRepo/text.md) [Line 20, Column 30]
  Template render error: (/Users/damithch/Repos/nus-cs2103/cs2103-website-base/book/gitAndGithub/createRemoteRepo/text.md) [Line 211, Column 9]
  Error: Unable to call `show_hands_on_practice`, which is undefined or falsey
    at Object._prettifyError (/opt/homebrew/lib/node_modules/markbind-cli/node_modules/nunjucks/src/lib.js:32:11)
    at /opt/homebrew/lib/node_modules/markbind-cli/node_modules/@markbind/core/src/patches/nunjucks/context-overrides-frame.js:383:17
    at Template.root [as rootRenderFunc] (eval at _compile (/opt/homebrew/lib/node_modules/markbind-cli/node_modules/nunjucks/src/environment.js:527:18), <anonymous>:151:3)
    at Template.render (/opt/homebrew/lib/node_modules/markbind-cli/node_modules/@markbind/core/src/patches/nunjucks/context-overrides-frame.js:372:8)
    at /opt/homebrew/lib/node_modules/markbind-cli/node_modules/@markbind/core/src/patches/nunjucks/context-overrides-frame.js:54:25
    at Environment.getTemplate (/opt/homebrew/lib/node_modules/markbind-cli/node_modules/@markbind/core/src/patches/nunjucks/load-event.js:85:7)
    at Environment.render (/opt/homebrew/lib/node_modules/markbind-cli/node_modules/@markbind/core/src/patches/nunjucks/context-overrides-frame.js:48:8)
    at VariableRenderer.renderFile (/opt/homebrew/lib/node_modules/markbind-cli/node_modules/@markbind/core/src/variables/VariableRenderer.js:73:24)
    at VariableProcessor.renderWithSiteVariables (/opt/homebrew/lib/node_modules/markbind-cli/node_modules/@markbind/core/src/variables/VariableProcessor.js:154:57)
    at VariableProcessor.renderIncludeFile (/opt/homebrew/lib/node_modules/markbind-cli/node_modules/@markbind/core/src/variables/VariableProcessor.js:231:38)
    at processInclude (/opt/homebrew/lib/node_modules/markbind-cli/node_modules/@markbind/core/src/html/includePanelProcessor.js:198:68)
    at NodeProcessor.processNode (/opt/homebrew/lib/node_modules/markbind-cli/node_modules/@markbind/core/src/html/NodeProcessor.js:173:71)
    at NodeProcessor.traverse (/opt/homebrew/lib/node_modules/markbind-cli/node_modules/@markbind/core/src/html/NodeProcessor.js:345:24)
    at /opt/homebrew/lib/node_modules/markbind-cli/node_modules/@markbind/core/src/html/NodeProcessor.js:349:22
    at Array.forEach (<anonymous>)
    at NodeProcessor.traverse (/opt/homebrew/lib/node_modules/markbind-cli/node_modules/@markbind/core/src/html/NodeProcessor.js:348:27)
2025-06-23T17:58:16.100Z - error:  Template render error: (/Users/damithch/Repos/nus-cs2103/cs2103-website-base/book/gitAndGithub/createRemoteRepo/text.md) [Line 20, Column 30]
  Template render error: (/Users/damithch/Repos/nus-cs2103/cs2103-website-base/book/gitAndGithub/createRemoteRepo/text.md) [Line 211, Column 9]
  Error: Unable to call `show_hands_on_practice`, which is undefined or falsey
    at Object._prettifyError (/opt/homebrew/lib/node_modules/markbind-cli/node_modules/nunjucks/src/lib.js:32:11)
    at /opt/homebrew/lib/node_modules/markbind-cli/node_modules/@markbind/core/src/patches/nunjucks/context-overrides-frame.js:383:17
    at Template.root [as rootRenderFunc] (eval at _compile (/opt/homebrew/lib/node_modules/markbind-cli/node_modules/nunjucks/src/environment.js:527:18), <anonymous>:151:3)
    at Template.render (/opt/homebrew/lib/node_modules/markbind-cli/node_modules/@markbind/core/src/patches/nunjucks/context-overrides-frame.js:372:8)
    at /opt/homebrew/lib/node_modules/markbind-cli/node_modules/@markbind/core/src/patches/nunjucks/context-overrides-frame.js:54:25
    at Environment.getTemplate (/opt/homebrew/lib/node_modules/markbind-cli/node_modules/@markbind/core/src/patches/nunjucks/load-event.js:85:7)
    at Environment.render (/opt/homebrew/lib/node_modules/markbind-cli/node_modules/@markbind/core/src/patches/nunjucks/context-overrides-frame.js:48:8)
    at VariableRenderer.renderFile (/opt/homebrew/lib/node_modules/markbind-cli/node_modules/@markbind/core/src/variables/VariableRenderer.js:73:24)
    at VariableProcessor.renderWithSiteVariables (/opt/homebrew/lib/node_modules/markbind-cli/node_modules/@markbind/core/src/variables/VariableProcessor.js:154:57)
    at VariableProcessor.renderIncludeFile (/opt/homebrew/lib/node_modules/markbind-cli/node_modules/@markbind/core/src/variables/VariableProcessor.js:231:38)
    at processInclude (/opt/homebrew/lib/node_modules/markbind-cli/node_modules/@markbind/core/src/html/includePanelProcessor.js:198:68)
    at NodeProcessor.processNode (/opt/homebrew/lib/node_modules/markbind-cli/node_modules/@markbind/core/src/html/NodeProcessor.js:173:71)
    at NodeProcessor.traverse (/opt/homebrew/lib/node_modules/markbind-cli/node_modules/@markbind/core/src/html/NodeProcessor.js:345:24)
    at /opt/homebrew/lib/node_modules/markbind-cli/node_modules/@markbind/core/src/html/NodeProcessor.js:349:22
    at Array.forEach (<anonymous>)
    at NodeProcessor.traverse (/opt/homebrew/lib/node_modules/markbind-cli/node_modules/@markbind/core/src/html/NodeProcessor.js:348:27)
2025-06-23T17:58:16.107Z - error:  Template render error: (/Users/damithch/Repos/nus-cs2103/cs2103-website-base/book/gitAndGithub/createRemoteRepo/text.md) [Line 20, Column 30]
  Template render error: (/Users/damithch/Repos/nus-cs2103/cs2103-website-base/book/gitAndGithub/createRemoteRepo/text.md) [Line 211, Column 9]
  Error: Unable to call `show_hands_on_practice`, which is undefined or falsey
    at Object._prettifyError (/opt/homebrew/lib/node_modules/markbind-cli/node_modules/nunjucks/src/lib.js:32:11)
    at /opt/homebrew/lib/node_modules/markbind-cli/node_modules/@markbind/core/src/patches/nunjucks/context-overrides-frame.js:383:17
    at Template.root [as rootRenderFunc] (eval at _compile (/opt/homebrew/lib/node_modules/markbind-cli/node_modules/nunjucks/src/environment.js:527:18), <anonymous>:151:3)
    at Template.render (/opt/homebrew/lib/node_modules/markbind-cli/node_modules/@markbind/core/src/patches/nunjucks/context-overrides-frame.js:372:8)
    at /opt/homebrew/lib/node_modules/markbind-cli/node_modules/@markbind/core/src/patches/nunjucks/context-overrides-frame.js:54:25
    at Environment.getTemplate (/opt/homebrew/lib/node_modules/markbind-cli/node_modules/@markbind/core/src/patches/nunjucks/load-event.js:85:7)
    at Environment.render (/opt/homebrew/lib/node_modules/markbind-cli/node_modules/@markbind/core/src/patches/nunjucks/context-overrides-frame.js:48:8)
    at VariableRenderer.renderFile (/opt/homebrew/lib/node_modules/markbind-cli/node_modules/@markbind/core/src/variables/VariableRenderer.js:73:24)
    at VariableProcessor.renderWithSiteVariables (/opt/homebrew/lib/node_modules/markbind-cli/node_modules/@markbind/core/src/variables/VariableProcessor.js:154:57)
    at VariableProcessor.renderIncludeFile (/opt/homebrew/lib/node_modules/markbind-cli/node_modules/@markbind/core/src/variables/VariableProcessor.js:231:38)
    at processInclude (/opt/homebrew/lib/node_modules/markbind-cli/node_modules/@markbind/core/src/html/includePanelProcessor.js:198:68)
    at NodeProcessor.processNode (/opt/homebrew/lib/node_modules/markbind-cli/node_modules/@markbind/core/src/html/NodeProcessor.js:173:71)
    at NodeProcessor.traverse (/opt/homebrew/lib/node_modules/markbind-cli/node_modules/@markbind/core/src/html/NodeProcessor.js:345:24)
    at /opt/homebrew/lib/node_modules/markbind-cli/node_modules/@markbind/core/src/html/NodeProcessor.js:349:22
    at Array.forEach (<anonymous>)
    at NodeProcessor.traverse (/opt/homebrew/lib/node_modules/markbind-cli/node_modules/@markbind/core/src/html/NodeProcessor.js:348:27)
2025-06-23T17:58:16.107Z - error:  Template render error: (/Users/damithch/Repos/nus-cs2103/cs2103-website-base/book/gitAndGithub/createRemoteRepo/text.md) [Line 20, Column 30]
  Template render error: (/Users/damithch/Repos/nus-cs2103/cs2103-website-base/book/gitAndGithub/createRemoteRepo/text.md) [Line 211, Column 9]
  Error: Unable to call `show_hands_on_practice`, which is undefined or falsey
    at Object._prettifyError (/opt/homebrew/lib/node_modules/markbind-cli/node_modules/nunjucks/src/lib.js:32:11)
    at /opt/homebrew/lib/node_modules/markbind-cli/node_modules/@markbind/core/src/patches/nunjucks/context-overrides-frame.js:383:17
    at Template.root [as rootRenderFunc] (eval at _compile (/opt/homebrew/lib/node_modules/markbind-cli/node_modules/nunjucks/src/environment.js:527:18), <anonymous>:151:3)
    at Template.render (/opt/homebrew/lib/node_modules/markbind-cli/node_modules/@markbind/core/src/patches/nunjucks/context-overrides-frame.js:372:8)
    at /opt/homebrew/lib/node_modules/markbind-cli/node_modules/@markbind/core/src/patches/nunjucks/context-overrides-frame.js:54:25
    at Environment.getTemplate (/opt/homebrew/lib/node_modules/markbind-cli/node_modules/@markbind/core/src/patches/nunjucks/load-event.js:85:7)
    at Environment.render (/opt/homebrew/lib/node_modules/markbind-cli/node_modules/@markbind/core/src/patches/nunjucks/context-overrides-frame.js:48:8)
    at VariableRenderer.renderFile (/opt/homebrew/lib/node_modules/markbind-cli/node_modules/@markbind/core/src/variables/VariableRenderer.js:73:24)
    at VariableProcessor.renderWithSiteVariables (/opt/homebrew/lib/node_modules/markbind-cli/node_modules/@markbind/core/src/variables/VariableProcessor.js:154:57)
    at VariableProcessor.renderIncludeFile (/opt/homebrew/lib/node_modules/markbind-cli/node_modules/@markbind/core/src/variables/VariableProcessor.js:231:38)
    at processInclude (/opt/homebrew/lib/node_modules/markbind-cli/node_modules/@markbind/core/src/html/includePanelProcessor.js:198:68)
    at NodeProcessor.processNode (/opt/homebrew/lib/node_modules/markbind-cli/node_modules/@markbind/core/src/html/NodeProcessor.js:173:71)
    at NodeProcessor.traverse (/opt/homebrew/lib/node_modules/markbind-cli/node_modules/@markbind/core/src/html/NodeProcessor.js:345:24)
    at /opt/homebrew/lib/node_modules/markbind-cli/node_modules/@markbind/core/src/html/NodeProcessor.js:349:22
    at Array.forEach (<anonymous>)
    at NodeProcessor.traverse (/opt/homebrew/lib/node_modules/markbind-cli/node_modules/@markbind/core/src/html/NodeProcessor.js:348:27)
2025-06-23T17:58:16.216Z - info: Site data built
2025-06-23T17:58:16.216Z - info: Pages rebuilt
2025-06-23T17:58:16.216Z - info: Website regeneration complete! Total build time: 0.248s
2025-06-23T17:59:01.650Z - info: [01:59:01] Reload for file change: /Users/damithch/Repos/nus-cs2103/cs2103-website-base/book/gitAndGithub/createRemoteRepo/text.md
2025-06-23T17:59:01.650Z - info: Synchronizing opened pages list before reload
2025-06-23T17:59:01.651Z - info: Current opened pages, from most-to-least recent:
2025-06-23T17:59:01.651Z - info: 1. book/gitAndGithub/createRemoteRepo/index
2025-06-23T17:59:01.651Z - info: 2. book/gitAndGithub/trail/backingUpOnCloud/index
2025-06-23T17:59:02.661Z - info: Rebuilding 2 pages
2025-06-23T17:59:02.696Z - error:  Template render error: (/Users/damithch/Repos/nus-cs2103/cs2103-website-base/book/gitAndGithub/createRemoteRepo/text.md) [Line 20, Column 30]
  Template render error: (/Users/damithch/Repos/nus-cs2103/cs2103-website-base/book/gitAndGithub/createRemoteRepo/text.md) [Line 211, Column 9]
  Error: Unable to call `show_hands_on_practice`, which is undefined or falsey
    at Object._prettifyError (/opt/homebrew/lib/node_modules/markbind-cli/node_modules/nunjucks/src/lib.js:32:11)
    at /opt/homebrew/lib/node_modules/markbind-cli/node_modules/@markbind/core/src/patches/nunjucks/context-overrides-frame.js:383:17
    at Template.root [as rootRenderFunc] (eval at _compile (/opt/homebrew/lib/node_modules/markbind-cli/node_modules/nunjucks/src/environment.js:527:18), <anonymous>:151:3)
    at Template.render (/opt/homebrew/lib/node_modules/markbind-cli/node_modules/@markbind/core/src/patches/nunjucks/context-overrides-frame.js:372:8)
    at /opt/homebrew/lib/node_modules/markbind-cli/node_modules/@markbind/core/src/patches/nunjucks/context-overrides-frame.js:54:25
    at createTemplate (/opt/homebrew/lib/node_modules/markbind-cli/node_modules/@markbind/core/src/patches/nunjucks/load-event.js:121:7)
    at handle (/opt/homebrew/lib/node_modules/markbind-cli/node_modules/@markbind/core/src/patches/nunjucks/load-event.js:133:9)
    at /opt/homebrew/lib/node_modules/markbind-cli/node_modules/@markbind/core/src/patches/nunjucks/load-event.js:145:7
    at next (/opt/homebrew/lib/node_modules/markbind-cli/node_modules/nunjucks/src/lib.js:258:7)
    at Object.asyncIter (/opt/homebrew/lib/node_modules/markbind-cli/node_modules/nunjucks/src/lib.js:263:3)
    at Environment.getTemplate (/opt/homebrew/lib/node_modules/markbind-cli/node_modules/@markbind/core/src/patches/nunjucks/load-event.js:127:7)
    at Environment.render (/opt/homebrew/lib/node_modules/markbind-cli/node_modules/@markbind/core/src/patches/nunjucks/context-overrides-frame.js:48:8)
    at VariableRenderer.renderFile (/opt/homebrew/lib/node_modules/markbind-cli/node_modules/@markbind/core/src/variables/VariableRenderer.js:73:24)
    at VariableProcessor.renderWithSiteVariables (/opt/homebrew/lib/node_modules/markbind-cli/node_modules/@markbind/core/src/variables/VariableProcessor.js:154:57)
    at VariableProcessor.renderIncludeFile (/opt/homebrew/lib/node_modules/markbind-cli/node_modules/@markbind/core/src/variables/VariableProcessor.js:231:38)
    at processInclude (/opt/homebrew/lib/node_modules/markbind-cli/node_modules/@markbind/core/src/html/includePanelProcessor.js:198:68)
2025-06-23T17:59:02.697Z - error:  Template render error: (/Users/damithch/Repos/nus-cs2103/cs2103-website-base/book/gitAndGithub/createRemoteRepo/text.md) [Line 20, Column 30]
  Template render error: (/Users/damithch/Repos/nus-cs2103/cs2103-website-base/book/gitAndGithub/createRemoteRepo/text.md) [Line 211, Column 9]
  Error: Unable to call `show_hands_on_practice`, which is undefined or falsey
    at Object._prettifyError (/opt/homebrew/lib/node_modules/markbind-cli/node_modules/nunjucks/src/lib.js:32:11)
    at /opt/homebrew/lib/node_modules/markbind-cli/node_modules/@markbind/core/src/patches/nunjucks/context-overrides-frame.js:383:17
    at Template.root [as rootRenderFunc] (eval at _compile (/opt/homebrew/lib/node_modules/markbind-cli/node_modules/nunjucks/src/environment.js:527:18), <anonymous>:151:3)
    at Template.render (/opt/homebrew/lib/node_modules/markbind-cli/node_modules/@markbind/core/src/patches/nunjucks/context-overrides-frame.js:372:8)
    at /opt/homebrew/lib/node_modules/markbind-cli/node_modules/@markbind/core/src/patches/nunjucks/context-overrides-frame.js:54:25
    at Environment.getTemplate (/opt/homebrew/lib/node_modules/markbind-cli/node_modules/@markbind/core/src/patches/nunjucks/load-event.js:85:7)
    at Environment.render (/opt/homebrew/lib/node_modules/markbind-cli/node_modules/@markbind/core/src/patches/nunjucks/context-overrides-frame.js:48:8)
    at VariableRenderer.renderFile (/opt/homebrew/lib/node_modules/markbind-cli/node_modules/@markbind/core/src/variables/VariableRenderer.js:73:24)
    at VariableProcessor.renderWithSiteVariables (/opt/homebrew/lib/node_modules/markbind-cli/node_modules/@markbind/core/src/variables/VariableProcessor.js:154:57)
    at VariableProcessor.renderIncludeFile (/opt/homebrew/lib/node_modules/markbind-cli/node_modules/@markbind/core/src/variables/VariableProcessor.js:231:38)
    at processInclude (/opt/homebrew/lib/node_modules/markbind-cli/node_modules/@markbind/core/src/html/includePanelProcessor.js:198:68)
    at NodeProcessor.processNode (/opt/homebrew/lib/node_modules/markbind-cli/node_modules/@markbind/core/src/html/NodeProcessor.js:173:71)
    at NodeProcessor.traverse (/opt/homebrew/lib/node_modules/markbind-cli/node_modules/@markbind/core/src/html/NodeProcessor.js:345:24)
    at /opt/homebrew/lib/node_modules/markbind-cli/node_modules/@markbind/core/src/html/NodeProcessor.js:349:22
    at Array.forEach (<anonymous>)
    at NodeProcessor.traverse (/opt/homebrew/lib/node_modules/markbind-cli/node_modules/@markbind/core/src/html/NodeProcessor.js:348:27)
2025-06-23T17:59:02.697Z - error:  Template render error: (/Users/damithch/Repos/nus-cs2103/cs2103-website-base/book/gitAndGithub/createRemoteRepo/text.md) [Line 20, Column 30]
  Template render error: (/Users/damithch/Repos/nus-cs2103/cs2103-website-base/book/gitAndGithub/createRemoteRepo/text.md) [Line 211, Column 9]
  Error: Unable to call `show_hands_on_practice`, which is undefined or falsey
    at Object._prettifyError (/opt/homebrew/lib/node_modules/markbind-cli/node_modules/nunjucks/src/lib.js:32:11)
    at /opt/homebrew/lib/node_modules/markbind-cli/node_modules/@markbind/core/src/patches/nunjucks/context-overrides-frame.js:383:17
    at Template.root [as rootRenderFunc] (eval at _compile (/opt/homebrew/lib/node_modules/markbind-cli/node_modules/nunjucks/src/environment.js:527:18), <anonymous>:151:3)
    at Template.render (/opt/homebrew/lib/node_modules/markbind-cli/node_modules/@markbind/core/src/patches/nunjucks/context-overrides-frame.js:372:8)
    at /opt/homebrew/lib/node_modules/markbind-cli/node_modules/@markbind/core/src/patches/nunjucks/context-overrides-frame.js:54:25
    at Environment.getTemplate (/opt/homebrew/lib/node_modules/markbind-cli/node_modules/@markbind/core/src/patches/nunjucks/load-event.js:85:7)
    at Environment.render (/opt/homebrew/lib/node_modules/markbind-cli/node_modules/@markbind/core/src/patches/nunjucks/context-overrides-frame.js:48:8)
    at VariableRenderer.renderFile (/opt/homebrew/lib/node_modules/markbind-cli/node_modules/@markbind/core/src/variables/VariableRenderer.js:73:24)
    at VariableProcessor.renderWithSiteVariables (/opt/homebrew/lib/node_modules/markbind-cli/node_modules/@markbind/core/src/variables/VariableProcessor.js:154:57)
    at VariableProcessor.renderIncludeFile (/opt/homebrew/lib/node_modules/markbind-cli/node_modules/@markbind/core/src/variables/VariableProcessor.js:231:38)
    at processInclude (/opt/homebrew/lib/node_modules/markbind-cli/node_modules/@markbind/core/src/html/includePanelProcessor.js:198:68)
    at NodeProcessor.processNode (/opt/homebrew/lib/node_modules/markbind-cli/node_modules/@markbind/core/src/html/NodeProcessor.js:173:71)
    at NodeProcessor.traverse (/opt/homebrew/lib/node_modules/markbind-cli/node_modules/@markbind/core/src/html/NodeProcessor.js:345:24)
    at /opt/homebrew/lib/node_modules/markbind-cli/node_modules/@markbind/core/src/html/NodeProcessor.js:349:22
    at Array.forEach (<anonymous>)
    at NodeProcessor.traverse (/opt/homebrew/lib/node_modules/markbind-cli/node_modules/@markbind/core/src/html/NodeProcessor.js:348:27)
2025-06-23T17:59:02.751Z - error:  Template render error: (/Users/damithch/Repos/nus-cs2103/cs2103-website-base/book/gitAndGithub/createRemoteRepo/text.md) [Line 20, Column 30]
  Template render error: (/Users/damithch/Repos/nus-cs2103/cs2103-website-base/book/gitAndGithub/createRemoteRepo/text.md) [Line 211, Column 9]
  Error: Unable to call `show_hands_on_practice`, which is undefined or falsey
    at Object._prettifyError (/opt/homebrew/lib/node_modules/markbind-cli/node_modules/nunjucks/src/lib.js:32:11)
    at /opt/homebrew/lib/node_modules/markbind-cli/node_modules/@markbind/core/src/patches/nunjucks/context-overrides-frame.js:383:17
    at Template.root [as rootRenderFunc] (eval at _compile (/opt/homebrew/lib/node_modules/markbind-cli/node_modules/nunjucks/src/environment.js:527:18), <anonymous>:151:3)
    at Template.render (/opt/homebrew/lib/node_modules/markbind-cli/node_modules/@markbind/core/src/patches/nunjucks/context-overrides-frame.js:372:8)
    at /opt/homebrew/lib/node_modules/markbind-cli/node_modules/@markbind/core/src/patches/nunjucks/context-overrides-frame.js:54:25
    at Environment.getTemplate (/opt/homebrew/lib/node_modules/markbind-cli/node_modules/@markbind/core/src/patches/nunjucks/load-event.js:85:7)
    at Environment.render (/opt/homebrew/lib/node_modules/markbind-cli/node_modules/@markbind/core/src/patches/nunjucks/context-overrides-frame.js:48:8)
    at VariableRenderer.renderFile (/opt/homebrew/lib/node_modules/markbind-cli/node_modules/@markbind/core/src/variables/VariableRenderer.js:73:24)
    at VariableProcessor.renderWithSiteVariables (/opt/homebrew/lib/node_modules/markbind-cli/node_modules/@markbind/core/src/variables/VariableProcessor.js:154:57)
    at VariableProcessor.renderIncludeFile (/opt/homebrew/lib/node_modules/markbind-cli/node_modules/@markbind/core/src/variables/VariableProcessor.js:231:38)
    at processInclude (/opt/homebrew/lib/node_modules/markbind-cli/node_modules/@markbind/core/src/html/includePanelProcessor.js:198:68)
    at NodeProcessor.processNode (/opt/homebrew/lib/node_modules/markbind-cli/node_modules/@markbind/core/src/html/NodeProcessor.js:173:71)
    at NodeProcessor.traverse (/opt/homebrew/lib/node_modules/markbind-cli/node_modules/@markbind/core/src/html/NodeProcessor.js:345:24)
    at /opt/homebrew/lib/node_modules/markbind-cli/node_modules/@markbind/core/src/html/NodeProcessor.js:349:22
    at Array.forEach (<anonymous>)
    at NodeProcessor.traverse (/opt/homebrew/lib/node_modules/markbind-cli/node_modules/@markbind/core/src/html/NodeProcessor.js:348:27)
2025-06-23T17:59:02.757Z - error:  Template render error: (/Users/damithch/Repos/nus-cs2103/cs2103-website-base/book/gitAndGithub/createRemoteRepo/text.md) [Line 20, Column 30]
  Template render error: (/Users/damithch/Repos/nus-cs2103/cs2103-website-base/book/gitAndGithub/createRemoteRepo/text.md) [Line 211, Column 9]
  Error: Unable to call `show_hands_on_practice`, which is undefined or falsey
    at Object._prettifyError (/opt/homebrew/lib/node_modules/markbind-cli/node_modules/nunjucks/src/lib.js:32:11)
    at /opt/homebrew/lib/node_modules/markbind-cli/node_modules/@markbind/core/src/patches/nunjucks/context-overrides-frame.js:383:17
    at Template.root [as rootRenderFunc] (eval at _compile (/opt/homebrew/lib/node_modules/markbind-cli/node_modules/nunjucks/src/environment.js:527:18), <anonymous>:151:3)
    at Template.render (/opt/homebrew/lib/node_modules/markbind-cli/node_modules/@markbind/core/src/patches/nunjucks/context-overrides-frame.js:372:8)
    at /opt/homebrew/lib/node_modules/markbind-cli/node_modules/@markbind/core/src/patches/nunjucks/context-overrides-frame.js:54:25
    at Environment.getTemplate (/opt/homebrew/lib/node_modules/markbind-cli/node_modules/@markbind/core/src/patches/nunjucks/load-event.js:85:7)
    at Environment.render (/opt/homebrew/lib/node_modules/markbind-cli/node_modules/@markbind/core/src/patches/nunjucks/context-overrides-frame.js:48:8)
    at VariableRenderer.renderFile (/opt/homebrew/lib/node_modules/markbind-cli/node_modules/@markbind/core/src/variables/VariableRenderer.js:73:24)
    at VariableProcessor.renderWithSiteVariables (/opt/homebrew/lib/node_modules/markbind-cli/node_modules/@markbind/core/src/variables/VariableProcessor.js:154:57)
    at VariableProcessor.renderIncludeFile (/opt/homebrew/lib/node_modules/markbind-cli/node_modules/@markbind/core/src/variables/VariableProcessor.js:231:38)
    at processInclude (/opt/homebrew/lib/node_modules/markbind-cli/node_modules/@markbind/core/src/html/includePanelProcessor.js:198:68)
    at NodeProcessor.processNode (/opt/homebrew/lib/node_modules/markbind-cli/node_modules/@markbind/core/src/html/NodeProcessor.js:173:71)
    at NodeProcessor.traverse (/opt/homebrew/lib/node_modules/markbind-cli/node_modules/@markbind/core/src/html/NodeProcessor.js:345:24)
    at /opt/homebrew/lib/node_modules/markbind-cli/node_modules/@markbind/core/src/html/NodeProcessor.js:349:22
    at Array.forEach (<anonymous>)
    at NodeProcessor.traverse (/opt/homebrew/lib/node_modules/markbind-cli/node_modules/@markbind/core/src/html/NodeProcessor.js:348:27)
2025-06-23T17:59:02.757Z - error:  Template render error: (/Users/damithch/Repos/nus-cs2103/cs2103-website-base/book/gitAndGithub/createRemoteRepo/text.md) [Line 20, Column 30]
  Template render error: (/Users/damithch/Repos/nus-cs2103/cs2103-website-base/book/gitAndGithub/createRemoteRepo/text.md) [Line 211, Column 9]
  Error: Unable to call `show_hands_on_practice`, which is undefined or falsey
    at Object._prettifyError (/opt/homebrew/lib/node_modules/markbind-cli/node_modules/nunjucks/src/lib.js:32:11)
    at /opt/homebrew/lib/node_modules/markbind-cli/node_modules/@markbind/core/src/patches/nunjucks/context-overrides-frame.js:383:17
    at Template.root [as rootRenderFunc] (eval at _compile (/opt/homebrew/lib/node_modules/markbind-cli/node_modules/nunjucks/src/environment.js:527:18), <anonymous>:151:3)
    at Template.render (/opt/homebrew/lib/node_modules/markbind-cli/node_modules/@markbind/core/src/patches/nunjucks/context-overrides-frame.js:372:8)
    at /opt/homebrew/lib/node_modules/markbind-cli/node_modules/@markbind/core/src/patches/nunjucks/context-overrides-frame.js:54:25
    at Environment.getTemplate (/opt/homebrew/lib/node_modules/markbind-cli/node_modules/@markbind/core/src/patches/nunjucks/load-event.js:85:7)
    at Environment.render (/opt/homebrew/lib/node_modules/markbind-cli/node_modules/@markbind/core/src/patches/nunjucks/context-overrides-frame.js:48:8)
    at VariableRenderer.renderFile (/opt/homebrew/lib/node_modules/markbind-cli/node_modules/@markbind/core/src/variables/VariableRenderer.js:73:24)
    at VariableProcessor.renderWithSiteVariables (/opt/homebrew/lib/node_modules/markbind-cli/node_modules/@markbind/core/src/variables/VariableProcessor.js:154:57)
    at VariableProcessor.renderIncludeFile (/opt/homebrew/lib/node_modules/markbind-cli/node_modules/@markbind/core/src/variables/VariableProcessor.js:231:38)
    at processInclude (/opt/homebrew/lib/node_modules/markbind-cli/node_modules/@markbind/core/src/html/includePanelProcessor.js:198:68)
    at NodeProcessor.processNode (/opt/homebrew/lib/node_modules/markbind-cli/node_modules/@markbind/core/src/html/NodeProcessor.js:173:71)
    at NodeProcessor.traverse (/opt/homebrew/lib/node_modules/markbind-cli/node_modules/@markbind/core/src/html/NodeProcessor.js:345:24)
    at /opt/homebrew/lib/node_modules/markbind-cli/node_modules/@markbind/core/src/html/NodeProcessor.js:349:22
    at Array.forEach (<anonymous>)
    at NodeProcessor.traverse (/opt/homebrew/lib/node_modules/markbind-cli/node_modules/@markbind/core/src/html/NodeProcessor.js:348:27)
2025-06-23T17:59:02.851Z - info: Site data built
2025-06-23T17:59:02.851Z - info: Pages rebuilt
2025-06-23T17:59:02.851Z - info: Website regeneration complete! Total build time: 0.196s
2025-06-23T17:59:26.971Z - info: [01:59:26] Reload for file change: /Users/damithch/Repos/nus-cs2103/cs2103-website-base/book/gitAndGithub/createRemoteRepo/text.md
2025-06-23T17:59:26.972Z - info: Synchronizing opened pages list before reload
2025-06-23T17:59:26.972Z - info: Current opened pages, from most-to-least recent:
2025-06-23T17:59:26.972Z - info: 1. book/gitAndGithub/createRemoteRepo/index
2025-06-23T17:59:26.972Z - info: 2. book/gitAndGithub/trail/backingUpOnCloud/index
2025-06-23T17:59:27.978Z - info: Rebuilding 2 pages
2025-06-23T17:59:28.164Z - info: Site data built
2025-06-23T17:59:28.164Z - info: Pages rebuilt
2025-06-23T17:59:28.164Z - info: Website regeneration complete! Total build time: 0.189s
2025-06-23T17:59:55.714Z - info: [01:59:55] Reload for file change: /Users/damithch/Repos/nus-cs2103/cs2103-website-base/book/gitAndGithub/createRemoteRepo/text.md
2025-06-23T17:59:55.716Z - info: Synchronizing opened pages list before reload
2025-06-23T17:59:55.716Z - info: Current opened pages, from most-to-least recent:
2025-06-23T17:59:55.716Z - info: 1. book/gitAndGithub/createRemoteRepo/index
2025-06-23T17:59:55.716Z - info: 2. book/gitAndGithub/trail/backingUpOnCloud/index
2025-06-23T17:59:56.731Z - info: Rebuilding 2 pages
2025-06-23T17:59:56.915Z - info: Site data built
2025-06-23T17:59:56.915Z - info: Pages rebuilt
2025-06-23T17:59:56.915Z - info: Website regeneration complete! Total build time: 0.186s
2025-06-23T18:11:56.555Z - info: [02:11:56] Reload for file change: /Users/damithch/Repos/nus-cs2103/cs2103-website-base/book/gitAndGithub/createRemoteRepo/text.md
2025-06-23T18:11:56.560Z - info: Synchronizing opened pages list before reload
2025-06-23T18:11:56.562Z - info: Current opened pages, from most-to-least recent:
2025-06-23T18:11:56.562Z - info: 1. book/gitAndGithub/createRemoteRepo/index
2025-06-23T18:11:56.562Z - info: 2. book/gitAndGithub/trail/backingUpOnCloud/index
2025-06-23T18:11:57.585Z - info: Rebuilding 2 pages
2025-06-23T18:11:57.848Z - info: Site data built
2025-06-23T18:11:57.848Z - info: Pages rebuilt
2025-06-23T18:11:57.848Z - info: Website regeneration complete! Total build time: 0.27s
2025-06-23T18:12:38.210Z - info: [02:12:38] Reload for file change: /Users/damithch/Repos/nus-cs2103/cs2103-website-base/book/gitAndGithub/createRemoteRepo/text.md
2025-06-23T18:12:38.211Z - info: Synchronizing opened pages list before reload
2025-06-23T18:12:38.211Z - info: Current opened pages, from most-to-least recent:
2025-06-23T18:12:38.212Z - info: 1. book/gitAndGithub/createRemoteRepo/index
2025-06-23T18:12:38.212Z - info: 2. book/gitAndGithub/trail/backingUpOnCloud/index
2025-06-23T18:12:39.219Z - info: Rebuilding 2 pages
2025-06-23T18:12:39.387Z - info: Site data built
2025-06-23T18:12:39.387Z - info: Pages rebuilt
2025-06-23T18:12:39.387Z - info: Website regeneration complete! Total build time: 0.172s
2025-06-23T18:12:58.767Z - info: [02:12:58] Reload for file change: /Users/damithch/Repos/nus-cs2103/cs2103-website-base/book/gitAndGithub/createRemoteRepo/text.md
2025-06-23T18:12:58.768Z - info: Synchronizing opened pages list before reload
2025-06-23T18:12:58.768Z - info: Current opened pages, from most-to-least recent:
2025-06-23T18:12:58.768Z - info: 1. book/gitAndGithub/createRemoteRepo/index
2025-06-23T18:12:58.768Z - info: 2. book/gitAndGithub/trail/backingUpOnCloud/index
2025-06-23T18:12:59.778Z - info: Rebuilding 2 pages
2025-06-23T18:12:59.960Z - info: Site data built
2025-06-23T18:12:59.960Z - info: Pages rebuilt
2025-06-23T18:12:59.960Z - info: Website regeneration complete! Total build time: 0.184s
2025-06-23T18:13:10.852Z - info: [02:13:10] Reload for file change: /Users/damithch/Repos/nus-cs2103/cs2103-website-base/book/gitAndGithub/createRemoteRepo/text.md
2025-06-23T18:13:10.852Z - info: Synchronizing opened pages list before reload
2025-06-23T18:13:10.852Z - info: Current opened pages, from most-to-least recent:
2025-06-23T18:13:10.852Z - info: 1. book/gitAndGithub/createRemoteRepo/index
2025-06-23T18:13:10.852Z - info: 2. book/gitAndGithub/trail/backingUpOnCloud/index
2025-06-23T18:13:11.865Z - info: Rebuilding 2 pages
2025-06-23T18:13:12.018Z - info: Site data built
2025-06-23T18:13:12.018Z - info: Pages rebuilt
2025-06-23T18:13:12.018Z - info: Website regeneration complete! Total build time: 0.155s
2025-06-23T18:13:26.465Z - info: [02:13:26] Reload for file change: /Users/damithch/Repos/nus-cs2103/cs2103-website-base/book/gitAndGithub/createRemoteRepo/text.md
2025-06-23T18:13:26.465Z - info: Synchronizing opened pages list before reload
2025-06-23T18:13:26.466Z - info: Current opened pages, from most-to-least recent:
2025-06-23T18:13:26.466Z - info: 1. book/gitAndGithub/createRemoteRepo/index
2025-06-23T18:13:26.466Z - info: 2. book/gitAndGithub/trail/backingUpOnCloud/index
2025-06-23T18:13:27.469Z - info: Rebuilding 2 pages
2025-06-23T18:13:27.649Z - info: Site data built
2025-06-23T18:13:27.649Z - info: Pages rebuilt
2025-06-23T18:13:27.649Z - info: Website regeneration complete! Total build time: 0.181s
2025-06-23T18:13:40.881Z - info: [02:13:40] Reload for file change: /Users/damithch/Repos/nus-cs2103/cs2103-website-base/book/gitAndGithub/createRemoteRepo/text.md
2025-06-23T18:13:40.882Z - info: Synchronizing opened pages list before reload
2025-06-23T18:13:40.882Z - info: Current opened pages, from most-to-least recent:
2025-06-23T18:13:40.882Z - info: 1. book/gitAndGithub/createRemoteRepo/index
2025-06-23T18:13:40.882Z - info: 2. book/gitAndGithub/trail/backingUpOnCloud/index
2025-06-23T18:13:41.889Z - info: Rebuilding 2 pages
2025-06-23T18:13:42.098Z - info: Site data built
2025-06-23T18:13:42.098Z - info: Pages rebuilt
2025-06-23T18:13:42.098Z - info: Website regeneration complete! Total build time: 0.21s
2025-06-23T18:14:08.752Z - info: [02:14:08] Reload for file change: /Users/damithch/Repos/nus-cs2103/cs2103-website-base/book/gitAndGithub/createRemoteRepo/text.md
2025-06-23T18:14:08.753Z - info: Synchronizing opened pages list before reload
2025-06-23T18:14:08.754Z - info: Current opened pages, from most-to-least recent:
2025-06-23T18:14:08.754Z - info: 1. book/gitAndGithub/createRemoteRepo/index
2025-06-23T18:14:08.754Z - info: 2. book/gitAndGithub/trail/backingUpOnCloud/index
2025-06-23T18:14:09.759Z - info: Rebuilding 2 pages
2025-06-23T18:14:09.952Z - info: Site data built
2025-06-23T18:14:09.952Z - info: Pages rebuilt
2025-06-23T18:14:09.953Z - info: Website regeneration complete! Total build time: 0.196s
2025-06-23T18:14:33.241Z - info: [02:14:33] Reload for file change: /Users/damithch/Repos/nus-cs2103/cs2103-website-base/book/gitAndGithub/createRemoteRepo/text.md
2025-06-23T18:14:33.242Z - info: Synchronizing opened pages list before reload
2025-06-23T18:14:33.242Z - info: Current opened pages, from most-to-least recent:
2025-06-23T18:14:33.242Z - info: 1. book/gitAndGithub/createRemoteRepo/index
2025-06-23T18:14:33.242Z - info: 2. book/gitAndGithub/trail/backingUpOnCloud/index
2025-06-23T18:14:34.260Z - info: Rebuilding 2 pages
2025-06-23T18:14:34.436Z - info: Site data built
2025-06-23T18:14:34.436Z - info: Pages rebuilt
2025-06-23T18:14:34.436Z - info: Website regeneration complete! Total build time: 0.177s
2025-06-23T18:14:55.617Z - info: [02:14:55] Reload for file change: /Users/damithch/Repos/nus-cs2103/cs2103-website-base/book/gitAndGithub/createRemoteRepo/text.md
2025-06-23T18:14:55.617Z - info: Synchronizing opened pages list before reload
2025-06-23T18:14:55.617Z - info: Current opened pages, from most-to-least recent:
2025-06-23T18:14:55.618Z - info: 1. book/gitAndGithub/createRemoteRepo/index
2025-06-23T18:14:55.618Z - info: 2. book/gitAndGithub/trail/backingUpOnCloud/index
2025-06-23T18:14:56.621Z - info: Rebuilding 2 pages
2025-06-23T18:14:56.819Z - info: Site data built
2025-06-23T18:14:56.819Z - info: Pages rebuilt
2025-06-23T18:14:56.819Z - info: Website regeneration complete! Total build time: 0.201s
2025-06-23T18:15:42.855Z - info: [02:15:42] Reload for file change: /Users/damithch/Repos/nus-cs2103/cs2103-website-base/book/gitAndGithub/createRemoteRepo/text.md
2025-06-23T18:15:42.856Z - info: Synchronizing opened pages list before reload
2025-06-23T18:15:42.856Z - info: Current opened pages, from most-to-least recent:
2025-06-23T18:15:42.857Z - info: 1. book/gitAndGithub/createRemoteRepo/index
2025-06-23T18:15:42.875Z - info: 2. book/gitAndGithub/trail/backingUpOnCloud/index
2025-06-23T18:15:43.880Z - info: Rebuilding 2 pages
2025-06-23T18:15:44.081Z - info: Site data built
2025-06-23T18:15:44.081Z - info: Pages rebuilt
2025-06-23T18:15:44.081Z - info: Website regeneration complete! Total build time: 0.204s
2025-06-23T18:15:55.188Z - info: [02:15:55] Reload for file change: /Users/damithch/Repos/nus-cs2103/cs2103-website-base/book/gitAndGithub/createRemoteRepo/text.md
2025-06-23T18:15:55.188Z - info: Synchronizing opened pages list before reload
2025-06-23T18:15:55.188Z - info: Current opened pages, from most-to-least recent:
2025-06-23T18:15:55.188Z - info: 1. book/gitAndGithub/createRemoteRepo/index
2025-06-23T18:15:55.189Z - info: 2. book/gitAndGithub/trail/backingUpOnCloud/index
2025-06-23T18:15:56.203Z - info: Rebuilding 2 pages
2025-06-23T18:15:56.399Z - info: Site data built
2025-06-23T18:15:56.399Z - info: Pages rebuilt
2025-06-23T18:15:56.399Z - info: Website regeneration complete! Total build time: 0.198s
2025-06-23T18:16:58.780Z - info: [02:16:58] Reload for file change: /Users/damithch/Repos/nus-cs2103/cs2103-website-base/book/gitAndGithub/createRemoteRepo/text.md
2025-06-23T18:16:58.781Z - info: Synchronizing opened pages list before reload
2025-06-23T18:16:58.781Z - info: Current opened pages, from most-to-least recent:
2025-06-23T18:16:58.781Z - info: 1. book/gitAndGithub/createRemoteRepo/index
2025-06-23T18:16:58.781Z - info: 2. book/gitAndGithub/trail/backingUpOnCloud/index
2025-06-23T18:16:59.790Z - info: Rebuilding 2 pages
2025-06-23T18:17:00.015Z - info: Site data built
2025-06-23T18:17:00.015Z - info: Pages rebuilt
2025-06-23T18:17:00.015Z - info: Website regeneration complete! Total build time: 0.227s
2025-06-23T18:17:19.962Z - info: [02:17:19] Reload for file change: /Users/damithch/Repos/nus-cs2103/cs2103-website-base/book/gitAndGithub/createRemoteRepo/text.md
2025-06-23T18:17:19.962Z - info: Synchronizing opened pages list before reload
2025-06-23T18:17:19.962Z - info: Current opened pages, from most-to-least recent:
2025-06-23T18:17:19.962Z - info: 1. book/gitAndGithub/createRemoteRepo/index
2025-06-23T18:17:19.962Z - info: 2. book/gitAndGithub/trail/backingUpOnCloud/index
2025-06-23T18:17:20.978Z - info: Rebuilding 2 pages
2025-06-23T18:17:21.176Z - info: Site data built
2025-06-23T18:17:21.176Z - info: Pages rebuilt
2025-06-23T18:17:21.176Z - info: Website regeneration complete! Total build time: 0.2s
2025-06-23T18:30:04.195Z - info: [02:30:04] Reload for file change: /Users/damithch/Repos/nus-cs2103/cs2103-website-base/book/gitAndGithub/createRemoteRepo/text.md
2025-06-23T18:30:04.196Z - info: Synchronizing opened pages list before reload
2025-06-23T18:30:04.197Z - info: Current opened pages, from most-to-least recent:
2025-06-23T18:30:04.197Z - info: 1. book/gitAndGithub/createRemoteRepo/index
2025-06-23T18:30:04.197Z - info: 2. book/gitAndGithub/trail/backingUpOnCloud/index
2025-06-23T18:30:05.204Z - info: Rebuilding 2 pages
2025-06-23T18:30:05.419Z - info: Site data built
2025-06-23T18:30:05.419Z - info: Pages rebuilt
2025-06-23T18:30:05.419Z - info: Website regeneration complete! Total build time: 0.218s
2025-06-23T18:30:41.465Z - info: [02:30:41] Reload for file change: /Users/damithch/Repos/nus-cs2103/cs2103-website-base/book/gitAndGithub/createRemoteRepo/text.md
2025-06-23T18:30:41.465Z - info: Synchronizing opened pages list before reload
2025-06-23T18:30:41.466Z - info: No pages are currently opened
2025-06-23T18:30:42.469Z - info: No pages needed to be rebuilt
2025-06-23T18:30:50.231Z - info: Building /Users/damithch/Repos/nus-cs2103/cs2103-website-base/book/gitAndGithub/createRemoteRepo/index as some of its dependencies were changed since the last visit
2025-06-23T18:30:50.319Z - info: Site data built
2025-06-23T18:30:50.319Z - info: Lazy website regeneration complete! Total build time: 0.088s
2025-06-23T18:30:51.449Z - info: Building /Users/damithch/Repos/nus-cs2103/cs2103-website-base/book/gitAndGithub/trail/backingUpOnCloud/index as some of its dependencies were changed since the last visit
2025-06-23T18:30:51.615Z - info: Site data built
2025-06-23T18:30:51.615Z - info: Lazy website regeneration complete! Total build time: 0.166s
2025-06-23T18:31:01.190Z - info: [02:31:01] Reload for file change: /Users/damithch/Repos/nus-cs2103/cs2103-website-base/book/gitAndGithub/createRemoteRepo/text.md
2025-06-23T18:31:01.190Z - info: Synchronizing opened pages list before reload
2025-06-23T18:31:01.190Z - info: Current opened pages, from most-to-least recent:
2025-06-23T18:31:01.190Z - info: 1. book/gitAndGithub/createRemoteRepo/index
2025-06-23T18:31:01.190Z - info: 2. book/gitAndGithub/trail/backingUpOnCloud/index
2025-06-23T18:31:02.194Z - info: Rebuilding 2 pages
2025-06-23T18:31:02.354Z - info: Site data built
2025-06-23T18:31:02.354Z - info: Pages rebuilt
2025-06-23T18:31:02.354Z - info: Website regeneration complete! Total build time: 0.162s
2025-06-23T18:31:52.237Z - info: [02:31:52] Reload for file change: /Users/damithch/Repos/nus-cs2103/cs2103-website-base/book/gitAndGithub/createRemoteRepo/text.md
2025-06-23T18:31:52.239Z - info: Synchronizing opened pages list before reload
2025-06-23T18:31:52.239Z - info: Current opened pages, from most-to-least recent:
2025-06-23T18:31:52.239Z - info: 1. book/gitAndGithub/createRemoteRepo/index
2025-06-23T18:31:52.239Z - info: 2. book/gitAndGithub/trail/backingUpOnCloud/index
2025-06-23T18:31:53.244Z - info: Rebuilding 2 pages
2025-06-23T18:31:53.434Z - info: Site data built
2025-06-23T18:31:53.434Z - info: Pages rebuilt
2025-06-23T18:31:53.434Z - info: Website regeneration complete! Total build time: 0.193s
2025-06-23T18:32:20.273Z - info: [02:32:20] Reload for file change: /Users/damithch/Repos/nus-cs2103/cs2103-website-base/book/gitAndGithub/createRemoteRepo/text.md
2025-06-23T18:32:20.273Z - info: Synchronizing opened pages list before reload
2025-06-23T18:32:20.273Z - info: Current opened pages, from most-to-least recent:
2025-06-23T18:32:20.274Z - info: 1. book/gitAndGithub/createRemoteRepo/index
2025-06-23T18:32:20.274Z - info: 2. book/gitAndGithub/trail/backingUpOnCloud/index
2025-06-23T18:32:21.290Z - info: Rebuilding 2 pages
2025-06-23T18:32:21.468Z - info: Site data built
2025-06-23T18:32:21.468Z - info: Pages rebuilt
2025-06-23T18:32:21.468Z - info: Website regeneration complete! Total build time: 0.18s
2025-06-23T18:32:43.985Z - info: [02:32:43] Reload for file change: /Users/damithch/Repos/nus-cs2103/cs2103-website-base/book/gitAndGithub/createRemoteRepo/text.md
2025-06-23T18:32:43.985Z - info: Synchronizing opened pages list before reload
2025-06-23T18:32:43.985Z - info: Current opened pages, from most-to-least recent:
2025-06-23T18:32:43.985Z - info: 1. book/gitAndGithub/createRemoteRepo/index
2025-06-23T18:32:43.986Z - info: 2. book/gitAndGithub/trail/backingUpOnCloud/index
2025-06-23T18:32:45.001Z - info: Rebuilding 2 pages
2025-06-23T18:32:45.200Z - info: Site data built
2025-06-23T18:32:45.200Z - info: Pages rebuilt
2025-06-23T18:32:45.200Z - info: Website regeneration complete! Total build time: 0.204s
2025-06-23T18:33:33.945Z - info: [02:33:33] Reload for file change: /Users/damithch/Repos/nus-cs2103/cs2103-website-base/book/gitAndGithub/createRemoteRepo/text.md
2025-06-23T18:33:33.946Z - info: Synchronizing opened pages list before reload
2025-06-23T18:33:33.946Z - info: Current opened pages, from most-to-least recent:
2025-06-23T18:33:33.946Z - info: 1. book/gitAndGithub/createRemoteRepo/index
2025-06-23T18:33:33.946Z - info: 2. book/gitAndGithub/trail/backingUpOnCloud/index
2025-06-23T18:33:34.950Z - info: Rebuilding 2 pages
2025-06-23T18:33:35.161Z - info: Site data built
2025-06-23T18:33:35.161Z - info: Pages rebuilt
2025-06-23T18:33:35.161Z - info: Website regeneration complete! Total build time: 0.213s
2025-06-23T18:33:55.347Z - info: [02:33:55] Reload for file change: /Users/damithch/Repos/nus-cs2103/cs2103-website-base/book/gitAndGithub/createRemoteRepo/text.md
2025-06-23T18:33:55.348Z - info: Synchronizing opened pages list before reload
2025-06-23T18:33:55.353Z - info: Current opened pages, from most-to-least recent:
2025-06-23T18:33:55.353Z - info: 1. book/gitAndGithub/createRemoteRepo/index
2025-06-23T18:33:55.353Z - info: 2. book/gitAndGithub/trail/backingUpOnCloud/index
2025-06-23T18:33:56.359Z - info: Rebuilding 2 pages
2025-06-23T18:33:56.513Z - info: Site data built
2025-06-23T18:33:56.513Z - info: Pages rebuilt
2025-06-23T18:33:56.513Z - info: Website regeneration complete! Total build time: 0.157s
2025-06-23T18:34:37.399Z - info: [02:34:37] Reload for file change: /Users/damithch/Repos/nus-cs2103/cs2103-website-base/book/gitAndGithub/createRemoteRepo/text.md
2025-06-23T18:34:37.400Z - info: Synchronizing opened pages list before reload
2025-06-23T18:34:37.400Z - info: Current opened pages, from most-to-least recent:
2025-06-23T18:34:37.400Z - info: 1. book/gitAndGithub/createRemoteRepo/index
2025-06-23T18:34:37.400Z - info: 2. book/gitAndGithub/trail/backingUpOnCloud/index
2025-06-23T18:34:38.410Z - info: Rebuilding 2 pages
2025-06-23T18:34:38.590Z - info: Site data built
2025-06-23T18:34:38.590Z - info: Pages rebuilt
2025-06-23T18:34:38.590Z - info: Website regeneration complete! Total build time: 0.182s
2025-06-23T18:39:37.652Z - info: [02:39:37] Reload for file change: /Users/damithch/Repos/nus-cs2103/cs2103-website-base/book/gitAndGithub/createRemoteRepo/text.md
2025-06-23T18:39:37.673Z - info: Synchronizing opened pages list before reload
2025-06-23T18:39:37.677Z - info: Current opened pages, from most-to-least recent:
2025-06-23T18:39:37.678Z - info: 1. book/gitAndGithub/createRemoteRepo/index
2025-06-23T18:39:37.678Z - info: 2. book/gitAndGithub/trail/backingUpOnCloud/index
2025-06-23T18:39:38.697Z - info: Rebuilding 2 pages
2025-06-23T18:39:38.906Z - info: Site data built
2025-06-23T18:39:38.906Z - info: Pages rebuilt
2025-06-23T18:39:38.906Z - info: Website regeneration complete! Total build time: 0.212s
