2025-04-25T02:44:56.881Z - info: Website generation (lazy) started at 10:44:56
2025-04-25T02:44:57.169Z - warn: ENOENT: no such file or directory, open '/Users/damithch/Repos/nus-cs2103/cs2103-website-base/node_modules/.cache/gh-pages/https!github.com!nus-cs2103-AY2425S2!website.git/book/_markbind/variables.md'
2025-04-25T02:44:57.169Z - warn: ENOENT: no such file or directory, open '/Users/damithch/Repos/nus-cs2103/cs2103-website-base/node_modules/.cache/gh-pages/https!github.com!nus-cs2103-AY2425S2!website.git/_markbind/variables.md'
2025-04-25T02:44:57.189Z - info: Building assets...
2025-04-25T02:44:58.598Z - info: Assets built
2025-04-25T02:44:58.599Z - info: Generating landing page...
2025-04-25T02:44:58.912Z - info: Landing page built, other pages will be built as you navigate to them!
2025-04-25T02:44:58.985Z - info: Site data built
2025-04-25T02:44:58.985Z - info: Website generation (lazy) complete! Total build time: 2.776s
2025-04-25T02:44:58.994Z - info: Serving "/Users/damithch/Repos/nus-cs2103/cs2103-website-base/_site" at http://127.0.0.1:8080
2025-04-25T02:44:58.994Z - info: Press CTRL+C to stop ...
2025-04-25T02:48:59.703Z - info: [10:48:59] Reload for file change: /Users/damithch/Repos/nus-cs2103/cs2103-website-base/admin/exams.md
2025-04-25T02:48:59.727Z - info: Synchronizing opened pages list before reload
2025-04-25T02:48:59.739Z - info: Current opened pages, from most-to-least recent:
2025-04-25T02:48:59.740Z - info: 1. index
2025-04-25T02:49:00.753Z - info: Rebuilding 1 pages
2025-04-25T02:49:01.025Z - info: Site data built
2025-04-25T02:49:01.025Z - info: Pages rebuilt
2025-04-25T02:49:01.025Z - info: Website regeneration complete! Total build time: 0.275s
2025-04-25T02:51:08.093Z - info: [10:51:08] Reload for file change: /Users/damithch/Repos/nus-cs2103/cs2103-website-base/admin/exams.md
2025-04-25T02:51:08.093Z - info: Synchronizing opened pages list before reload
2025-04-25T02:51:08.096Z - info: Current opened pages, from most-to-least recent:
2025-04-25T02:51:08.096Z - info: 1. index
2025-04-25T02:51:09.104Z - info: Rebuilding 1 pages
2025-04-25T02:51:09.361Z - info: Site data built
2025-04-25T02:51:09.361Z - info: Pages rebuilt
2025-04-25T02:51:09.361Z - info: Website regeneration complete! Total build time: 0.26s
2025-04-25T02:54:19.268Z - info: [10:54:19] Reload for file change: /Users/damithch/Repos/nus-cs2103/cs2103-website-base/admin/exams.md
2025-04-25T02:54:19.299Z - info: Synchronizing opened pages list before reload
2025-04-25T02:54:19.305Z - info: Current opened pages, from most-to-least recent:
2025-04-25T02:54:19.305Z - info: 1. index
2025-04-25T02:54:19.359Z - info: [10:54:19] Reload for file change: /Users/damithch/Repos/nus-cs2103/cs2103-website-base/admin/exams.md
2025-04-25T02:54:19.360Z - info: Synchronizing opened pages list before reload
2025-04-25T02:54:19.360Z - info: Current opened pages, from most-to-least recent:
2025-04-25T02:54:19.360Z - info: 1. index
2025-04-25T02:54:20.335Z - info: Rebuilding 1 pages
2025-04-25T02:54:20.620Z - info: Site data built
2025-04-25T02:54:20.620Z - info: Pages rebuilt
2025-04-25T02:54:20.620Z - info: Website regeneration complete! Total build time: 0.288s
2025-04-25T02:55:18.545Z - info: [10:55:18] Reload for file change: /Users/damithch/Repos/nus-cs2103/cs2103-website-base/admin/exams.md
2025-04-25T02:55:18.546Z - info: Synchronizing opened pages list before reload
2025-04-25T02:55:18.546Z - info: Current opened pages, from most-to-least recent:
2025-04-25T02:55:18.546Z - info: 1. index
2025-04-25T02:55:19.560Z - info: Rebuilding 1 pages
2025-04-25T02:55:19.764Z - info: Site data built
2025-04-25T02:55:19.764Z - info: Pages rebuilt
2025-04-25T02:55:19.764Z - info: Website regeneration complete! Total build time: 0.206s
2025-04-25T02:55:50.179Z - info: [10:55:50] Reload for file change: /Users/damithch/Repos/nus-cs2103/cs2103-website-base/admin/exams.md
2025-04-25T02:55:50.180Z - info: Synchronizing opened pages list before reload
2025-04-25T02:55:50.180Z - info: Current opened pages, from most-to-least recent:
2025-04-25T02:55:50.180Z - info: 1. index
2025-04-25T02:55:51.189Z - info: Rebuilding 1 pages
2025-04-25T02:55:51.431Z - info: Site data built
2025-04-25T02:55:51.431Z - info: Pages rebuilt
2025-04-25T02:55:51.431Z - info: Website regeneration complete! Total build time: 0.245s
2025-04-25T02:56:59.573Z - info: [10:56:59] Reload for file change: /Users/damithch/Repos/nus-cs2103/cs2103-website-base/admin/exams.md
2025-04-25T02:56:59.574Z - info: Synchronizing opened pages list before reload
2025-04-25T02:56:59.576Z - info: Current opened pages, from most-to-least recent:
2025-04-25T02:56:59.577Z - info: 1. index
2025-04-25T02:57:00.589Z - info: Rebuilding 1 pages
2025-04-25T02:57:00.797Z - info: Site data built
2025-04-25T02:57:00.797Z - info: Pages rebuilt
2025-04-25T02:57:00.797Z - info: Website regeneration complete! Total build time: 0.21s
2025-04-25T02:58:04.248Z - info: [10:58:04] Reload for file change: /Users/damithch/Repos/nus-cs2103/cs2103-website-base/admin/exams.md
2025-04-25T02:58:04.249Z - info: Synchronizing opened pages list before reload
2025-04-25T02:58:04.249Z - info: Current opened pages, from most-to-least recent:
2025-04-25T02:58:04.249Z - info: 1. index
2025-04-25T02:58:05.256Z - info: Rebuilding 1 pages
2025-04-25T02:58:05.512Z - info: Site data built
2025-04-25T02:58:05.512Z - info: Pages rebuilt
2025-04-25T02:58:05.512Z - info: Website regeneration complete! Total build time: 0.26s
2025-04-25T02:59:04.527Z - info: [10:59:04] Reload for file change: /Users/damithch/Repos/nus-cs2103/cs2103-website-base/admin/exams.md
2025-04-25T02:59:04.528Z - info: Synchronizing opened pages list before reload
2025-04-25T02:59:04.528Z - info: Current opened pages, from most-to-least recent:
2025-04-25T02:59:04.528Z - info: 1. index
2025-04-25T02:59:05.540Z - info: Rebuilding 1 pages
2025-04-25T02:59:05.764Z - info: Site data built
2025-04-25T02:59:05.764Z - info: Pages rebuilt
2025-04-25T02:59:05.764Z - info: Website regeneration complete! Total build time: 0.229s
2025-04-25T02:59:52.789Z - info: [10:59:52] Reload for file change: /Users/damithch/Repos/nus-cs2103/cs2103-website-base/admin/exams.md
2025-04-25T02:59:52.790Z - info: Synchronizing opened pages list before reload
2025-04-25T02:59:52.790Z - info: Current opened pages, from most-to-least recent:
2025-04-25T02:59:52.790Z - info: 1. index
2025-04-25T02:59:53.809Z - info: Rebuilding 1 pages
2025-04-25T02:59:54.049Z - info: Site data built
2025-04-25T02:59:54.049Z - info: Pages rebuilt
2025-04-25T02:59:54.049Z - info: Website regeneration complete! Total build time: 0.242s
2025-04-25T03:00:05.769Z - info: [11:00:05] Reload for file change: /Users/damithch/Repos/nus-cs2103/cs2103-website-base/admin/exams.md
2025-04-25T03:00:05.770Z - info: Synchronizing opened pages list before reload
2025-04-25T03:00:05.770Z - info: Current opened pages, from most-to-least recent:
2025-04-25T03:00:05.770Z - info: 1. index
2025-04-25T03:00:06.774Z - info: Rebuilding 1 pages
2025-04-25T03:00:06.957Z - info: Site data built
2025-04-25T03:00:06.957Z - info: Pages rebuilt
2025-04-25T03:00:06.957Z - info: Website regeneration complete! Total build time: 0.185s
2025-04-25T03:00:16.552Z - info: [11:00:16] Reload for file change: /Users/damithch/Repos/nus-cs2103/cs2103-website-base/admin/exams.md
2025-04-25T03:00:16.552Z - info: Synchronizing opened pages list before reload
2025-04-25T03:00:16.552Z - info: Current opened pages, from most-to-least recent:
2025-04-25T03:00:16.552Z - info: 1. index
2025-04-25T03:00:17.554Z - info: Rebuilding 1 pages
2025-04-25T03:00:17.783Z - info: Site data built
2025-04-25T03:00:17.783Z - info: Pages rebuilt
2025-04-25T03:00:17.784Z - info: Website regeneration complete! Total build time: 0.231s
2025-04-25T03:00:32.433Z - info: [11:00:32] Reload for file change: /Users/damithch/Repos/nus-cs2103/cs2103-website-base/admin/exams.md
2025-04-25T03:00:32.433Z - info: Synchronizing opened pages list before reload
2025-04-25T03:00:32.434Z - info: Current opened pages, from most-to-least recent:
2025-04-25T03:00:32.434Z - info: 1. index
2025-04-25T03:00:33.437Z - info: Rebuilding 1 pages
2025-04-25T03:00:33.624Z - info: Site data built
2025-04-25T03:00:33.624Z - info: Pages rebuilt
2025-04-25T03:00:33.624Z - info: Website regeneration complete! Total build time: 0.189s
2025-04-25T03:00:58.750Z - info: [11:00:58] Reload for file change: /Users/damithch/Repos/nus-cs2103/cs2103-website-base/admin/exams.md
2025-04-25T03:00:58.751Z - info: Synchronizing opened pages list before reload
2025-04-25T03:00:58.752Z - info: Current opened pages, from most-to-least recent:
2025-04-25T03:00:58.752Z - info: 1. index
2025-04-25T03:00:59.758Z - info: Rebuilding 1 pages
2025-04-25T03:00:59.995Z - info: Site data built
2025-04-25T03:00:59.995Z - info: Pages rebuilt
2025-04-25T03:00:59.995Z - info: Website regeneration complete! Total build time: 0.24s
2025-04-25T03:01:07.151Z - info: [11:01:07] Reload for file change: /Users/damithch/Repos/nus-cs2103/cs2103-website-base/admin/exams.md
2025-04-25T03:01:07.151Z - info: Synchronizing opened pages list before reload
2025-04-25T03:01:07.153Z - info: Current opened pages, from most-to-least recent:
2025-04-25T03:01:07.153Z - info: 1. index
2025-04-25T03:01:08.162Z - info: Rebuilding 1 pages
2025-04-25T03:01:08.351Z - info: Site data built
2025-04-25T03:01:08.351Z - info: Pages rebuilt
2025-04-25T03:01:08.351Z - info: Website regeneration complete! Total build time: 0.191s
2025-04-25T03:01:43.494Z - info: [11:01:43] Reload for file change: /Users/damithch/Repos/nus-cs2103/cs2103-website-base/admin/exams.md
2025-04-25T03:01:43.495Z - info: Synchronizing opened pages list before reload
2025-04-25T03:01:43.495Z - info: Current opened pages, from most-to-least recent:
2025-04-25T03:01:43.495Z - info: 1. index
2025-04-25T03:01:44.508Z - info: Rebuilding 1 pages
2025-04-25T03:01:44.728Z - info: Site data built
2025-04-25T03:01:44.728Z - info: Pages rebuilt
2025-04-25T03:01:44.728Z - info: Website regeneration complete! Total build time: 0.222s
2025-04-25T03:01:53.468Z - info: Website generation started at 11:01:52
2025-04-25T03:01:53.727Z - warn: ENOENT: no such file or directory, open '/Users/damithch/Repos/nus-cs2103/cs2103-website-base/node_modules/.cache/gh-pages/https!github.com!nus-cs2103-AY2425S2!website.git/book/_markbind/variables.md'
2025-04-25T03:01:53.728Z - warn: ENOENT: no such file or directory, open '/Users/damithch/Repos/nus-cs2103/cs2103-website-base/node_modules/.cache/gh-pages/https!github.com!nus-cs2103-AY2425S2!website.git/_markbind/variables.md'
2025-04-25T03:01:53.748Z - info: Building assets...
2025-04-25T03:01:55.296Z - info: Assets built
2025-04-25T03:01:55.296Z - info: Generating pages...
2025-04-25T03:02:03.652Z - debug:  
2025-04-25T03:02:03.652Z - debug: 2025-04-25 11:01:58.778 java[8813:11628341] +[IMKClient subclass]: chose IMKClient_Modern
2025-04-25 11:01:58.778 java[8813:11628341] +[IMKInputSession subclass]: chose IMKInputSession_Modern

2025-04-25T03:02:03.652Z - debug:  
2025-04-25T03:02:03.652Z - debug:  
2025-04-25T03:02:03.652Z - debug:  
2025-04-25T03:02:03.653Z - debug:  
2025-04-25T03:02:03.653Z - debug:  
2025-04-25T03:02:03.653Z - debug: 2025-04-25 11:02:00.532 java[8854:11628640] +[IMKClient subclass]: chose IMKClient_Modern
2025-04-25 11:02:00.532 java[8854:11628640] +[IMKInputSession subclass]: chose IMKInputSession_Modern

2025-04-25T03:02:03.880Z - debug:  
2025-04-25T03:02:03.880Z - debug:  
2025-04-25T03:02:03.880Z - debug:  
2025-04-25T03:02:04.036Z - debug:  
2025-04-25T03:02:04.036Z - debug:  
2025-04-25T03:02:04.036Z - debug:  
2025-04-25T03:02:04.036Z - debug:  
2025-04-25T03:02:04.036Z - debug:  
2025-04-25T03:02:05.042Z - debug:  
2025-04-25T03:02:14.149Z - debug: 2025-04-25 11:02:13.795 java[8903:11629718] +[IMKClient subclass]: chose IMKClient_Modern
2025-04-25 11:02:13.795 java[8903:11629718] +[IMKInputSession subclass]: chose IMKInputSession_Modern

2025-04-25T03:03:01.999Z - debug: 2025-04-25 11:02:58.958 java[8963:11631322] +[IMKClient subclass]: chose IMKClient_Modern
2025-04-25 11:02:58.958 java[8963:11631322] +[IMKInputSession subclass]: chose IMKInputSession_Modern

2025-04-25T03:03:13.221Z - debug:  
2025-04-25T03:03:13.227Z - debug: 2025-04-25 11:03:12.472 java[8977:11631837] +[IMKClient subclass]: chose IMKClient_Modern
2025-04-25 11:03:12.472 java[8977:11631837] +[IMKInputSession subclass]: chose IMKInputSession_Modern

2025-04-25T03:03:20.897Z - info: Pages built
2025-04-25T03:03:20.967Z - info: Site data built
2025-04-25T03:03:20.967Z - info: Website generation complete! Total build time: 88.157s
2025-04-25T03:03:20.967Z - info: Build success!
2025-04-25T03:03:42.354Z - info: The website has been deployed at: https://nus-cs2103-ay2425s2.github.io/website
2025-04-25T03:07:41.911Z - info: Website generation started at 11:07:41
2025-04-25T03:07:42.182Z - warn: ENOENT: no such file or directory, open '/Users/damithch/Repos/nus-cs2103/cs2103-website-base/node_modules/.cache/gh-pages/https!github.com!nus-cs2103-AY2425S2!website.git/book/_markbind/variables.md'
2025-04-25T03:07:42.183Z - warn: ENOENT: no such file or directory, open '/Users/damithch/Repos/nus-cs2103/cs2103-website-base/node_modules/.cache/gh-pages/https!github.com!nus-cs2103-AY2425S2!website.git/_markbind/variables.md'
2025-04-25T03:07:42.202Z - info: Building assets...
2025-04-25T03:07:43.618Z - info: Assets built
2025-04-25T03:07:43.619Z - info: Generating pages...
2025-04-25T03:07:49.744Z - debug:  
2025-04-25T03:07:49.744Z - debug: 2025-04-25 11:07:46.383 java[9233:11638797] +[IMKClient subclass]: chose IMKClient_Modern
2025-04-25 11:07:46.383 java[9233:11638797] +[IMKInputSession subclass]: chose IMKInputSession_Modern

2025-04-25T03:07:49.744Z - debug:  
2025-04-25T03:07:49.744Z - debug:  
2025-04-25T03:07:49.744Z - debug:  
2025-04-25T03:07:49.744Z - debug:  
2025-04-25T03:07:49.744Z - debug:  
2025-04-25T03:07:49.744Z - debug:  
2025-04-25T03:07:49.744Z - debug:  
2025-04-25T03:07:49.744Z - debug:  
2025-04-25T03:07:49.744Z - debug:  
2025-04-25T03:07:49.744Z - debug:  
2025-04-25T03:07:49.744Z - debug:  
2025-04-25T03:07:49.744Z - debug:  
2025-04-25T03:07:49.744Z - debug: 2025-04-25 11:07:47.592 java[9260:11639062] +[IMKClient subclass]: chose IMKClient_Modern
2025-04-25 11:07:47.592 java[9260:11639062] +[IMKInputSession subclass]: chose IMKInputSession_Modern

2025-04-25T03:07:49.744Z - debug:  
2025-04-25T03:07:50.673Z - debug: 2025-04-25 11:07:50.305 java[9290:11639790] +[IMKClient subclass]: chose IMKClient_Modern
2025-04-25 11:07:50.305 java[9290:11639790] +[IMKInputSession subclass]: chose IMKInputSession_Modern

2025-04-25T03:07:59.775Z - debug: 2025-04-25 11:07:59.413 java[9313:11640073] +[IMKClient subclass]: chose IMKClient_Modern
2025-04-25 11:07:59.413 java[9313:11640073] +[IMKInputSession subclass]: chose IMKInputSession_Modern

2025-04-25T03:08:45.793Z - debug: 2025-04-25 11:08:43.540 java[9445:11641887] +[IMKClient subclass]: chose IMKClient_Modern
2025-04-25 11:08:43.540 java[9445:11641887] +[IMKInputSession subclass]: chose IMKInputSession_Modern

2025-04-25T03:08:57.069Z - debug:  
2025-04-25T03:08:57.091Z - debug: 2025-04-25 11:08:56.251 java[9454:11642148] +[IMKClient subclass]: chose IMKClient_Modern
2025-04-25 11:08:56.251 java[9454:11642148] +[IMKInputSession subclass]: chose IMKInputSession_Modern

2025-04-25T03:09:04.153Z - info: Pages built
2025-04-25T03:09:04.238Z - info: Site data built
2025-04-25T03:09:04.238Z - info: Website generation complete! Total build time: 83.161s
2025-04-25T03:09:04.238Z - info: Build success!
2025-04-25T03:09:24.345Z - info: The website has been deployed at: https://nus-cs2103-ay2425s2.github.io/website
2025-04-25T05:00:04.558Z - info: Website generation (lazy) started at 13:00:03
2025-04-25T05:00:04.899Z - warn: ENOENT: no such file or directory, open '/Users/damithch/Repos/nus-cs2103/cs2103-website-base/node_modules/.cache/gh-pages/https!github.com!nus-cs2103-AY2425S2!website.git/book/_markbind/variables.md'
2025-04-25T05:00:04.899Z - warn: ENOENT: no such file or directory, open '/Users/damithch/Repos/nus-cs2103/cs2103-website-base/node_modules/.cache/gh-pages/https!github.com!nus-cs2103-AY2425S2!website.git/_markbind/variables.md'
2025-04-25T05:00:04.919Z - info: Building assets...
2025-04-25T05:00:06.368Z - info: Assets built
2025-04-25T05:00:06.371Z - info: Generating landing page...
2025-04-25T05:00:06.770Z - info: Landing page built, other pages will be built as you navigate to them!
2025-04-25T05:00:06.846Z - info: Site data built
2025-04-25T05:00:06.846Z - info: Website generation (lazy) complete! Total build time: 3.09s
2025-04-25T05:00:06.858Z - info: Serving "/Users/damithch/Repos/nus-cs2103/cs2103-website-base/_site" at http://127.0.0.1:8080
2025-04-25T05:00:06.858Z - info: Press CTRL+C to stop ...
2025-04-25T05:03:49.283Z - info: [13:03:49] Reload for file change: /Users/damithch/Repos/nus-cs2103/cs2103-website-base/admin/exams.md
2025-04-25T05:03:49.285Z - info: Synchronizing opened pages list before reload
2025-04-25T05:03:49.286Z - info: Current opened pages, from most-to-least recent:
2025-04-25T05:03:49.286Z - info: 1. index
2025-04-25T05:03:50.296Z - info: Rebuilding 1 pages
2025-04-25T05:03:50.566Z - info: Site data built
2025-04-25T05:03:50.566Z - info: Pages rebuilt
2025-04-25T05:03:50.566Z - info: Website regeneration complete! Total build time: 0.272s
2025-04-25T05:04:30.609Z - info: [13:04:30] Reload for file change: /Users/damithch/Repos/nus-cs2103/cs2103-website-base/admin/exams.md
2025-04-25T05:04:30.609Z - info: Synchronizing opened pages list before reload
2025-04-25T05:04:30.611Z - info: Current opened pages, from most-to-least recent:
2025-04-25T05:04:30.611Z - info: 1. index
2025-04-25T05:04:31.617Z - info: Rebuilding 1 pages
2025-04-25T05:04:31.836Z - info: Site data built
2025-04-25T05:04:31.836Z - info: Pages rebuilt
2025-04-25T05:04:31.836Z - info: Website regeneration complete! Total build time: 0.222s
2025-04-25T05:05:00.485Z - info: [13:05:00] Reload for file change: /Users/damithch/Repos/nus-cs2103/cs2103-website-base/admin/exams.md
2025-04-25T05:05:00.486Z - info: Synchronizing opened pages list before reload
2025-04-25T05:05:00.487Z - info: Current opened pages, from most-to-least recent:
2025-04-25T05:05:00.488Z - info: 1. index
2025-04-25T05:05:01.499Z - info: Rebuilding 1 pages
2025-04-25T05:05:01.807Z - info: Site data built
2025-04-25T05:05:01.807Z - info: Pages rebuilt
2025-04-25T05:05:01.807Z - info: Website regeneration complete! Total build time: 0.315s
2025-04-25T05:05:22.707Z - info: Website generation started at 13:05:22
2025-04-25T05:05:22.976Z - warn: ENOENT: no such file or directory, open '/Users/damithch/Repos/nus-cs2103/cs2103-website-base/node_modules/.cache/gh-pages/https!github.com!nus-cs2103-AY2425S2!website.git/book/_markbind/variables.md'
2025-04-25T05:05:22.976Z - warn: ENOENT: no such file or directory, open '/Users/damithch/Repos/nus-cs2103/cs2103-website-base/node_modules/.cache/gh-pages/https!github.com!nus-cs2103-AY2425S2!website.git/_markbind/variables.md'
2025-04-25T05:05:22.996Z - info: Building assets...
2025-04-25T05:05:24.534Z - info: Assets built
2025-04-25T05:05:24.535Z - info: Generating pages...
2025-04-25T05:05:33.090Z - debug: 2025-04-25 13:05:27.802 java[13452:11741420] +[IMKClient subclass]: chose IMKClient_Modern
2025-04-25 13:05:27.802 java[13452:11741420] +[IMKInputSession subclass]: chose IMKInputSession_Modern

2025-04-25T05:05:33.524Z - debug:  
2025-04-25T05:05:33.525Z - debug:  
2025-04-25T05:05:33.525Z - debug:  
2025-04-25T05:05:33.525Z - debug:  
2025-04-25T05:05:33.525Z - debug:  
2025-04-25T05:05:33.525Z - debug:  
2025-04-25T05:05:33.525Z - debug:  
2025-04-25T05:05:33.525Z - debug:  
2025-04-25T05:05:33.525Z - debug:  
2025-04-25T05:05:33.525Z - debug:  
2025-04-25T05:05:33.525Z - debug:  
2025-04-25T05:05:33.525Z - debug:  
2025-04-25T05:05:33.525Z - debug:  
2025-04-25T05:05:33.526Z - debug:  
2025-04-25T05:05:33.526Z - debug:  
2025-04-25T05:05:34.486Z - debug: 2025-04-25 13:05:33.767 java[13519:11742551] +[IMKClient subclass]: chose IMKClient_Modern
2025-04-25 13:05:33.767 java[13519:11742551] +[IMKInputSession subclass]: chose IMKInputSession_Modern

2025-04-25T05:05:43.908Z - debug: 2025-04-25 13:05:43.546 java[13536:11742852] +[IMKClient subclass]: chose IMKClient_Modern
2025-04-25 13:05:43.546 java[13536:11742852] +[IMKInputSession subclass]: chose IMKInputSession_Modern

2025-04-25T05:06:28.611Z - debug: 2025-04-25 13:06:28.296 java[13576:11743778] +[IMKClient subclass]: chose IMKClient_Modern
2025-04-25 13:06:28.296 java[13576:11743778] +[IMKInputSession subclass]: chose IMKInputSession_Modern

2025-04-25T05:06:42.038Z - debug: 2025-04-25 13:06:41.649 java[13588:11744119] +[IMKClient subclass]: chose IMKClient_Modern
2025-04-25 13:06:41.649 java[13588:11744119] +[IMKInputSession subclass]: chose IMKInputSession_Modern

2025-04-25T05:06:42.465Z - debug:  
2025-04-25T05:06:49.604Z - info: Pages built
2025-04-25T05:06:49.679Z - info: Site data built
2025-04-25T05:06:49.679Z - info: Website generation complete! Total build time: 87.566s
2025-04-25T05:06:49.679Z - info: Build success!
2025-04-25T05:07:11.775Z - info: The website has been deployed at: https://nus-cs2103-ay2425s2.github.io/website
