2025-06-25T08:49:44.484Z - info: Website generation (lazy) started at 16:49:43
2025-06-25T08:49:44.855Z - warn: ENOENT: no such file or directory, open '/Users/damithch/Repos/nus-cs2103/cs2103-website-base/node_modules/.cache/gh-pages/https!github.com!nus-cs2103-AY2526S1!website.git/book/_markbind/variables.md'
2025-06-25T08:49:44.856Z - warn: ENOENT: no such file or directory, open '/Users/damithch/Repos/nus-cs2103/cs2103-website-base/node_modules/.cache/gh-pages/https!github.com!nus-cs2103-AY2526S1!website.git/_markbind/variables.md'
2025-06-25T08:49:44.875Z - info: Building assets...
2025-06-25T08:49:46.478Z - info: Assets built
2025-06-25T08:49:46.479Z - info: Generating landing page...
2025-06-25T08:49:46.721Z - info: Landing page built, other pages will be built as you navigate to them!
2025-06-25T08:49:46.786Z - info: Site data built
2025-06-25T08:49:46.786Z - info: Website generation (lazy) complete! Total build time: 2.958s
2025-06-25T08:49:46.798Z - info: Serving "/Users/damithch/Repos/nus-cs2103/cs2103-website-base/_site" at http://127.0.0.1:8080
2025-06-25T08:49:46.798Z - info: Press CTRL+C to stop ...
2025-06-25T08:49:56.582Z - info: Building /Users/damithch/Repos/nus-cs2103/cs2103-website-base/se-book-adapted/git-trail/index as some of its dependencies were changed since the last visit
2025-06-25T08:49:56.765Z - info: Site data built
2025-06-25T08:49:56.765Z - info: Lazy website regeneration complete! Total build time: 0.183s
2025-06-25T08:50:00.628Z - info: Building /Users/damithch/Repos/nus-cs2103/cs2103-website-base/book/gitAndGithub/trail/backingUpOnCloud/index as some of its dependencies were changed since the last visit
2025-06-25T08:50:00.814Z - info: Site data built
2025-06-25T08:50:00.814Z - info: Lazy website regeneration complete! Total build time: 0.186s
2025-06-25T08:51:12.910Z - info: [16:51:12] Reload for file change: /Users/damithch/Repos/nus-cs2103/cs2103-website-base/book/gitAndGithub/remoteRepos/text.md
2025-06-25T08:51:12.912Z - info: Synchronizing opened pages list before reload
2025-06-25T08:51:12.913Z - info: Current opened pages, from most-to-least recent:
2025-06-25T08:51:12.913Z - info: 1. book/gitAndGithub/trail/backingUpOnCloud/index
2025-06-25T08:51:13.919Z - info: Rebuilding 1 pages
2025-06-25T08:51:14.108Z - info: Site data built
2025-06-25T08:51:14.108Z - info: Pages rebuilt
2025-06-25T08:51:14.108Z - info: Website regeneration complete! Total build time: 0.191s
2025-06-25T08:53:13.478Z - info: [16:53:13] Reload for file change: /Users/damithch/Repos/nus-cs2103/cs2103-website-base/book/gitAndGithub/remoteRepos/text.md
2025-06-25T08:53:13.480Z - info: Synchronizing opened pages list before reload
2025-06-25T08:53:13.480Z - info: Current opened pages, from most-to-least recent:
2025-06-25T08:53:13.481Z - info: 1. book/gitAndGithub/trail/backingUpOnCloud/index
2025-06-25T08:53:14.496Z - info: Rebuilding 1 pages
2025-06-25T08:53:14.691Z - info: Site data built
2025-06-25T08:53:14.691Z - info: Pages rebuilt
2025-06-25T08:53:14.691Z - info: Website regeneration complete! Total build time: 0.199s
2025-06-25T08:54:31.042Z - info: [16:54:31] Reload for file change: /Users/damithch/Repos/nus-cs2103/cs2103-website-base/book/gitAndGithub/remoteRepos/text.md
2025-06-25T08:54:31.043Z - info: Synchronizing opened pages list before reload
2025-06-25T08:54:31.043Z - info: Current opened pages, from most-to-least recent:
2025-06-25T08:54:31.043Z - info: 1. book/gitAndGithub/trail/backingUpOnCloud/index
2025-06-25T08:54:32.060Z - info: Rebuilding 1 pages
2025-06-25T08:54:32.239Z - info: Site data built
2025-06-25T08:54:32.239Z - info: Pages rebuilt
2025-06-25T08:54:32.239Z - info: Website regeneration complete! Total build time: 0.181s
2025-06-25T08:59:34.882Z - info: [16:59:34] Reload for file change: /Users/damithch/Repos/nus-cs2103/cs2103-website-base/book/gitAndGithub/remoteRepos/text.md
2025-06-25T08:59:34.883Z - info: Synchronizing opened pages list before reload
2025-06-25T08:59:34.884Z - info: Current opened pages, from most-to-least recent:
2025-06-25T08:59:34.884Z - info: 1. book/gitAndGithub/trail/backingUpOnCloud/index
2025-06-25T08:59:35.892Z - info: Rebuilding 1 pages
2025-06-25T08:59:36.066Z - info: Site data built
2025-06-25T08:59:36.067Z - info: Pages rebuilt
2025-06-25T08:59:36.067Z - info: Website regeneration complete! Total build time: 0.177s
2025-06-25T09:00:04.817Z - info: [17:00:04] Reload for file change: /Users/damithch/Repos/nus-cs2103/cs2103-website-base/book/gitAndGithub/remoteRepos/text.md
2025-06-25T09:00:04.818Z - info: Synchronizing opened pages list before reload
2025-06-25T09:00:04.819Z - info: Current opened pages, from most-to-least recent:
2025-06-25T09:00:04.819Z - info: 1. book/gitAndGithub/trail/backingUpOnCloud/index
2025-06-25T09:00:05.823Z - info: Rebuilding 1 pages
2025-06-25T09:00:06.003Z - info: Site data built
2025-06-25T09:00:06.003Z - info: Pages rebuilt
2025-06-25T09:00:06.003Z - info: Website regeneration complete! Total build time: 0.182s
2025-06-25T09:02:34.585Z - info: [17:02:34] Reload for file change: /Users/damithch/Repos/nus-cs2103/cs2103-website-base/book/gitAndGithub/remoteRepos/text.md
2025-06-25T09:02:34.588Z - info: Synchronizing opened pages list before reload
2025-06-25T09:02:34.588Z - info: Current opened pages, from most-to-least recent:
2025-06-25T09:02:34.589Z - info: 1. book/gitAndGithub/trail/backingUpOnCloud/index
2025-06-25T09:02:35.610Z - info: Rebuilding 1 pages
2025-06-25T09:02:35.811Z - info: Site data built
2025-06-25T09:02:35.811Z - info: Pages rebuilt
2025-06-25T09:02:35.811Z - info: Website regeneration complete! Total build time: 0.212s
2025-06-25T09:02:59.196Z - info: [17:02:59] Reload for file change: /Users/damithch/Repos/nus-cs2103/cs2103-website-base/book/gitAndGithub/remoteRepos/text.md
2025-06-25T09:02:59.197Z - info: Synchronizing opened pages list before reload
2025-06-25T09:02:59.197Z - info: Current opened pages, from most-to-least recent:
2025-06-25T09:02:59.197Z - info: 1. book/gitAndGithub/trail/backingUpOnCloud/index
2025-06-25T09:03:00.204Z - info: Rebuilding 1 pages
2025-06-25T09:03:00.385Z - info: Site data built
2025-06-25T09:03:00.385Z - info: Pages rebuilt
2025-06-25T09:03:00.386Z - info: Website regeneration complete! Total build time: 0.184s
2025-06-25T09:03:45.723Z - info: [17:03:45] Reload for file change: /Users/damithch/Repos/nus-cs2103/cs2103-website-base/book/gitAndGithub/githubPrep/text.md
2025-06-25T09:03:45.723Z - info: Synchronizing opened pages list before reload
2025-06-25T09:03:45.723Z - info: Current opened pages, from most-to-least recent:
2025-06-25T09:03:45.723Z - info: 1. book/gitAndGithub/trail/backingUpOnCloud/index
2025-06-25T09:03:46.730Z - info: Rebuilding 1 pages
2025-06-25T09:03:46.938Z - info: Site data built
2025-06-25T09:03:46.938Z - info: Pages rebuilt
2025-06-25T09:03:46.938Z - info: Website regeneration complete! Total build time: 0.212s
2025-06-25T09:05:31.424Z - info: [17:05:31] Reload for file change: /Users/damithch/Repos/nus-cs2103/cs2103-website-base/book/gitAndGithub/createRemoteRepo/text.md
2025-06-25T09:05:31.425Z - info: Synchronizing opened pages list before reload
2025-06-25T09:05:31.426Z - info: Current opened pages, from most-to-least recent:
2025-06-25T09:05:31.426Z - info: 1. book/gitAndGithub/trail/backingUpOnCloud/index
2025-06-25T09:05:32.438Z - info: Rebuilding 1 pages
2025-06-25T09:05:32.641Z - info: Site data built
2025-06-25T09:05:32.641Z - info: Pages rebuilt
2025-06-25T09:05:32.641Z - info: Website regeneration complete! Total build time: 0.206s
2025-06-25T09:07:02.336Z - info: [17:07:02] Reload for file change: /Users/damithch/Repos/nus-cs2103/cs2103-website-base/book/gitAndGithub/setRemote/text.md
2025-06-25T09:07:02.340Z - info: Synchronizing opened pages list before reload
2025-06-25T09:07:02.341Z - info: Current opened pages, from most-to-least recent:
2025-06-25T09:07:02.341Z - info: 1. book/gitAndGithub/trail/backingUpOnCloud/index
2025-06-25T09:07:03.352Z - info: Rebuilding 1 pages
2025-06-25T09:07:03.549Z - info: Site data built
2025-06-25T09:07:03.549Z - info: Pages rebuilt
2025-06-25T09:07:03.549Z - info: Website regeneration complete! Total build time: 0.2s
2025-06-25T09:07:32.279Z - info: [17:07:32] Reload for file change: /Users/damithch/Repos/nus-cs2103/cs2103-website-base/book/gitAndGithub/push/text.md
2025-06-25T09:07:32.279Z - info: Synchronizing opened pages list before reload
2025-06-25T09:07:32.279Z - info: Current opened pages, from most-to-least recent:
2025-06-25T09:07:32.280Z - info: 1. book/gitAndGithub/trail/backingUpOnCloud/index
2025-06-25T09:07:33.292Z - info: Rebuilding 1 pages
2025-06-25T09:07:33.513Z - info: Site data built
2025-06-25T09:07:33.513Z - info: Pages rebuilt
2025-06-25T09:07:33.513Z - info: Website regeneration complete! Total build time: 0.223s
2025-06-25T09:07:52.555Z - info: [17:07:52] Reload for file change: /Users/damithch/Repos/nus-cs2103/cs2103-website-base/book/gitAndGithub/push/text.md
2025-06-25T09:07:52.556Z - info: Synchronizing opened pages list before reload
2025-06-25T09:07:52.557Z - info: Current opened pages, from most-to-least recent:
2025-06-25T09:07:52.557Z - info: 1. book/gitAndGithub/trail/backingUpOnCloud/index
2025-06-25T09:07:53.564Z - info: Rebuilding 1 pages
2025-06-25T09:07:53.742Z - info: Site data built
2025-06-25T09:07:53.742Z - info: Pages rebuilt
2025-06-25T09:07:53.742Z - info: Website regeneration complete! Total build time: 0.181s
2025-06-25T09:09:20.317Z - info: [17:09:20] Reload for file change: /Users/damithch/Repos/nus-cs2103/cs2103-website-base/book/gitAndGithub/push/text.md
2025-06-25T09:09:20.320Z - info: Synchronizing opened pages list before reload
2025-06-25T09:09:20.321Z - info: Current opened pages, from most-to-least recent:
2025-06-25T09:09:20.322Z - info: 1. book/gitAndGithub/trail/backingUpOnCloud/index
2025-06-25T09:09:21.349Z - info: Rebuilding 1 pages
2025-06-25T09:09:21.552Z - info: Site data built
2025-06-25T09:09:21.553Z - info: Pages rebuilt
2025-06-25T09:09:21.553Z - info: Website regeneration complete! Total build time: 0.207s
2025-06-25T09:12:58.477Z - info: [17:12:58] Reload for file change: /Users/damithch/Repos/nus-cs2103/cs2103-website-base/book/gitAndGithub/trail/backingUpOnCloud/text.md
2025-06-25T09:12:58.479Z - info: Synchronizing opened pages list before reload
2025-06-25T09:12:58.479Z - info: Current opened pages, from most-to-least recent:
2025-06-25T09:12:58.479Z - info: 1. book/gitAndGithub/trail/backingUpOnCloud/index
2025-06-25T09:12:59.494Z - info: Rebuilding 1 pages
2025-06-25T09:12:59.683Z - info: Site data built
2025-06-25T09:12:59.683Z - info: Pages rebuilt
2025-06-25T09:12:59.683Z - info: Website regeneration complete! Total build time: 0.192s
2025-06-25T09:13:50.112Z - info: [17:13:50] Reload for file change: /Users/damithch/Repos/nus-cs2103/cs2103-website-base/book/gitAndGithub/trail/backingUpOnCloud/text.md
2025-06-25T09:13:50.114Z - info: Synchronizing opened pages list before reload
2025-06-25T09:13:50.114Z - info: Current opened pages, from most-to-least recent:
2025-06-25T09:13:50.115Z - info: 1. book/gitAndGithub/trail/backingUpOnCloud/index
2025-06-25T09:13:51.120Z - info: Rebuilding 1 pages
2025-06-25T09:13:51.313Z - info: Site data built
2025-06-25T09:13:51.313Z - info: Pages rebuilt
2025-06-25T09:13:51.313Z - info: Website regeneration complete! Total build time: 0.196s
2025-06-25T10:17:18.017Z - info: [18:17:18] Reload for file change: /Users/damithch/Repos/nus-cs2103/cs2103-website-base/book/gitAndGithub/remoteRepos/text.md
2025-06-25T10:17:18.021Z - info: Synchronizing opened pages list before reload
2025-06-25T10:17:18.021Z - info: Current opened pages, from most-to-least recent:
2025-06-25T10:17:18.021Z - info: 1. book/gitAndGithub/trail/backingUpOnCloud/index
2025-06-25T10:17:19.044Z - info: Rebuilding 1 pages
2025-06-25T10:17:19.234Z - info: Site data built
2025-06-25T10:17:19.234Z - info: Pages rebuilt
2025-06-25T10:17:19.234Z - info: Website regeneration complete! Total build time: 0.207s
2025-06-25T10:17:34.336Z - info: [18:17:34] Reload for file change: /Users/damithch/Repos/nus-cs2103/cs2103-website-base/book/gitAndGithub/remoteRepos/text.md
2025-06-25T10:17:34.336Z - info: Synchronizing opened pages list before reload
2025-06-25T10:17:34.336Z - info: Current opened pages, from most-to-least recent:
2025-06-25T10:17:34.337Z - info: 1. book/gitAndGithub/trail/backingUpOnCloud/index
2025-06-25T10:17:35.346Z - info: Rebuilding 1 pages
2025-06-25T10:17:35.512Z - info: Site data built
2025-06-25T10:17:35.512Z - info: Pages rebuilt
2025-06-25T10:17:35.512Z - info: Website regeneration complete! Total build time: 0.168s
2025-06-25T10:20:13.379Z - info: [18:20:13] Reload for file change: /Users/damithch/Repos/nus-cs2103/cs2103-website-base/book/gitAndGithub/remoteRepos/text.md
2025-06-25T10:20:13.380Z - info: Synchronizing opened pages list before reload
2025-06-25T10:20:13.380Z - info: Current opened pages, from most-to-least recent:
2025-06-25T10:20:13.380Z - info: 1. book/gitAndGithub/trail/backingUpOnCloud/index
2025-06-25T10:20:14.400Z - info: Rebuilding 1 pages
2025-06-25T10:20:14.580Z - info: Site data built
2025-06-25T10:20:14.580Z - info: Pages rebuilt
2025-06-25T10:20:14.581Z - info: Website regeneration complete! Total build time: 0.184s
2025-06-25T10:22:04.249Z - info: [18:22:04] Reload for file change: /Users/damithch/Repos/nus-cs2103/cs2103-website-base/book/gitAndGithub/remoteRepos/text.md
2025-06-25T10:22:04.250Z - info: Synchronizing opened pages list before reload
2025-06-25T10:22:04.251Z - info: Current opened pages, from most-to-least recent:
2025-06-25T10:22:04.251Z - info: 1. book/gitAndGithub/trail/backingUpOnCloud/index
2025-06-25T10:22:05.257Z - info: Rebuilding 1 pages
2025-06-25T10:22:05.468Z - info: Site data built
2025-06-25T10:22:05.468Z - info: Pages rebuilt
2025-06-25T10:22:05.468Z - info: Website regeneration complete! Total build time: 0.213s
2025-06-25T10:23:10.119Z - info: [18:23:10] Reload for file change: /Users/damithch/Repos/nus-cs2103/cs2103-website-base/book/gitAndGithub/createRemoteRepo/text.md
2025-06-25T10:23:10.120Z - info: Synchronizing opened pages list before reload
2025-06-25T10:23:10.120Z - info: Current opened pages, from most-to-least recent:
2025-06-25T10:23:10.120Z - info: 1. book/gitAndGithub/trail/backingUpOnCloud/index
2025-06-25T10:23:11.128Z - info: Rebuilding 1 pages
2025-06-25T10:23:11.320Z - info: Site data built
2025-06-25T10:23:11.320Z - info: Pages rebuilt
2025-06-25T10:23:11.320Z - info: Website regeneration complete! Total build time: 0.195s
2025-06-25T10:26:00.239Z - info: [18:26:00] Reload for file change: /Users/damithch/Repos/nus-cs2103/cs2103-website-base/book/gitAndGithub/createRemoteRepo/text.md
2025-06-25T10:26:00.241Z - info: Synchronizing opened pages list before reload
2025-06-25T10:26:00.241Z - info: Current opened pages, from most-to-least recent:
2025-06-25T10:26:00.241Z - info: 1. book/gitAndGithub/trail/backingUpOnCloud/index
2025-06-25T10:26:01.248Z - info: Rebuilding 1 pages
2025-06-25T10:26:01.433Z - info: Site data built
2025-06-25T10:26:01.433Z - info: Pages rebuilt
2025-06-25T10:26:01.433Z - info: Website regeneration complete! Total build time: 0.187s
2025-06-25T10:27:15.074Z - info: [18:27:15] Reload for file change: /Users/damithch/Repos/nus-cs2103/cs2103-website-base/book/gitAndGithub/setRemote/text.md
2025-06-25T10:27:15.098Z - info: Synchronizing opened pages list before reload
2025-06-25T10:27:15.099Z - info: Current opened pages, from most-to-least recent:
2025-06-25T10:27:15.100Z - info: 1. book/gitAndGithub/trail/backingUpOnCloud/index
2025-06-25T10:27:16.107Z - info: Rebuilding 1 pages
2025-06-25T10:27:16.323Z - info: Site data built
2025-06-25T10:27:16.323Z - info: Pages rebuilt
2025-06-25T10:27:16.323Z - info: Website regeneration complete! Total build time: 0.218s
2025-06-25T10:29:55.409Z - info: [18:29:55] Reload for file change: /Users/damithch/Repos/nus-cs2103/cs2103-website-base/book/gitAndGithub/setRemote/text.md
2025-06-25T10:29:55.414Z - info: Synchronizing opened pages list before reload
2025-06-25T10:29:55.415Z - info: Current opened pages, from most-to-least recent:
2025-06-25T10:29:55.415Z - info: 1. book/gitAndGithub/trail/backingUpOnCloud/index
2025-06-25T10:29:56.434Z - info: Rebuilding 1 pages
2025-06-25T10:29:56.656Z - info: Site data built
2025-06-25T10:29:56.656Z - info: Pages rebuilt
2025-06-25T10:29:56.656Z - info: Website regeneration complete! Total build time: 0.224s
2025-06-25T10:31:00.059Z - info: [18:31:00] Reload for file change: /Users/damithch/Repos/nus-cs2103/cs2103-website-base/book/gitAndGithub/setRemote/text.md
2025-06-25T10:31:00.061Z - info: Synchronizing opened pages list before reload
2025-06-25T10:31:00.061Z - info: Current opened pages, from most-to-least recent:
2025-06-25T10:31:00.061Z - info: 1. book/gitAndGithub/trail/backingUpOnCloud/index
2025-06-25T10:31:01.071Z - info: Rebuilding 1 pages
2025-06-25T10:31:01.258Z - info: Site data built
2025-06-25T10:31:01.259Z - info: Pages rebuilt
2025-06-25T10:31:01.259Z - info: Website regeneration complete! Total build time: 0.19s
2025-06-25T10:39:27.944Z - info: [18:39:27] Reload for file change: /Users/damithch/Repos/nus-cs2103/cs2103-website-base/book/gitAndGithub/setRemote/text.md
2025-06-25T10:39:27.946Z - info: Synchronizing opened pages list before reload
2025-06-25T10:39:27.946Z - info: Current opened pages, from most-to-least recent:
2025-06-25T10:39:27.946Z - info: 1. book/gitAndGithub/trail/backingUpOnCloud/index
2025-06-25T10:39:28.953Z - info: Rebuilding 1 pages
2025-06-25T10:39:29.140Z - info: Site data built
2025-06-25T10:39:29.140Z - info: Pages rebuilt
2025-06-25T10:39:29.140Z - info: Website regeneration complete! Total build time: 0.19s
2025-06-25T10:39:59.711Z - info: [18:39:59] Reload for file change: /Users/damithch/Repos/nus-cs2103/cs2103-website-base/book/gitAndGithub/setRemote/text.md
2025-06-25T10:39:59.712Z - info: Synchronizing opened pages list before reload
2025-06-25T10:39:59.713Z - info: Current opened pages, from most-to-least recent:
2025-06-25T10:39:59.713Z - info: 1. book/gitAndGithub/trail/backingUpOnCloud/index
2025-06-25T10:40:00.718Z - info: Rebuilding 1 pages
2025-06-25T10:40:00.936Z - info: Site data built
2025-06-25T10:40:00.936Z - info: Pages rebuilt
2025-06-25T10:40:00.936Z - info: Website regeneration complete! Total build time: 0.22s
2025-06-25T10:42:22.385Z - info: [18:42:22] Reload for file change: /Users/damithch/Repos/nus-cs2103/cs2103-website-base/book/gitAndGithub/setRemote/text.md
2025-06-25T10:42:22.386Z - info: Synchronizing opened pages list before reload
2025-06-25T10:42:22.386Z - info: Current opened pages, from most-to-least recent:
2025-06-25T10:42:22.386Z - info: 1. book/gitAndGithub/trail/backingUpOnCloud/index
2025-06-25T10:42:23.403Z - info: Rebuilding 1 pages
2025-06-25T10:42:23.580Z - info: Site data built
2025-06-25T10:42:23.580Z - info: Pages rebuilt
2025-06-25T10:42:23.580Z - info: Website regeneration complete! Total build time: 0.18s
2025-06-25T10:42:58.299Z - info: [18:42:58] Reload for file change: /Users/damithch/Repos/nus-cs2103/cs2103-website-base/book/gitAndGithub/setRemote/text.md
2025-06-25T10:42:58.300Z - info: Synchronizing opened pages list before reload
2025-06-25T10:42:58.300Z - info: Current opened pages, from most-to-least recent:
2025-06-25T10:42:58.300Z - info: 1. book/gitAndGithub/trail/backingUpOnCloud/index
2025-06-25T10:42:59.305Z - info: Rebuilding 1 pages
2025-06-25T10:42:59.495Z - info: Site data built
2025-06-25T10:42:59.495Z - info: Pages rebuilt
2025-06-25T10:42:59.495Z - info: Website regeneration complete! Total build time: 0.192s
2025-06-25T11:04:32.559Z - info: [19:04:32] Reload for file change: /Users/damithch/Repos/nus-cs2103/cs2103-website-base/book/gitAndGithub/setRemote/text.md
2025-06-25T11:04:32.565Z - info: Synchronizing opened pages list before reload
2025-06-25T11:04:32.567Z - info: Current opened pages, from most-to-least recent:
2025-06-25T11:04:32.567Z - info: 1. book/gitAndGithub/trail/backingUpOnCloud/index
2025-06-25T11:04:33.601Z - info: Rebuilding 1 pages
2025-06-25T11:04:33.659Z - error:  Template render error: (/Users/damithch/Repos/nus-cs2103/cs2103-website-base/book/gitAndGithub/setRemote/text.md) [Line 18, Column 30]
  Template render error: (/Users/damithch/Repos/nus-cs2103/cs2103-website-base/book/gitAndGithub/setRemote/text.md) [Line 212, Column 9]
  Error: Unable to call `show_handson_practical`, which is undefined or falsey
    at Object._prettifyError (/opt/homebrew/lib/node_modules/markbind-cli/node_modules/nunjucks/src/lib.js:32:11)
    at /opt/homebrew/lib/node_modules/markbind-cli/node_modules/@markbind/core/src/patches/nunjucks/context-overrides-frame.js:383:17
    at Template.root [as rootRenderFunc] (eval at _compile (/opt/homebrew/lib/node_modules/markbind-cli/node_modules/nunjucks/src/environment.js:527:18), <anonymous>:145:3)
    at Template.render (/opt/homebrew/lib/node_modules/markbind-cli/node_modules/@markbind/core/src/patches/nunjucks/context-overrides-frame.js:372:8)
    at /opt/homebrew/lib/node_modules/markbind-cli/node_modules/@markbind/core/src/patches/nunjucks/context-overrides-frame.js:54:25
    at createTemplate (/opt/homebrew/lib/node_modules/markbind-cli/node_modules/@markbind/core/src/patches/nunjucks/load-event.js:121:7)
    at handle (/opt/homebrew/lib/node_modules/markbind-cli/node_modules/@markbind/core/src/patches/nunjucks/load-event.js:133:9)
    at /opt/homebrew/lib/node_modules/markbind-cli/node_modules/@markbind/core/src/patches/nunjucks/load-event.js:145:7
    at next (/opt/homebrew/lib/node_modules/markbind-cli/node_modules/nunjucks/src/lib.js:258:7)
    at Object.asyncIter (/opt/homebrew/lib/node_modules/markbind-cli/node_modules/nunjucks/src/lib.js:263:3)
    at Environment.getTemplate (/opt/homebrew/lib/node_modules/markbind-cli/node_modules/@markbind/core/src/patches/nunjucks/load-event.js:127:7)
    at Environment.render (/opt/homebrew/lib/node_modules/markbind-cli/node_modules/@markbind/core/src/patches/nunjucks/context-overrides-frame.js:48:8)
    at VariableRenderer.renderFile (/opt/homebrew/lib/node_modules/markbind-cli/node_modules/@markbind/core/src/variables/VariableRenderer.js:73:24)
    at VariableProcessor.renderWithSiteVariables (/opt/homebrew/lib/node_modules/markbind-cli/node_modules/@markbind/core/src/variables/VariableProcessor.js:154:57)
    at VariableProcessor.renderIncludeFile (/opt/homebrew/lib/node_modules/markbind-cli/node_modules/@markbind/core/src/variables/VariableProcessor.js:231:38)
    at processInclude (/opt/homebrew/lib/node_modules/markbind-cli/node_modules/@markbind/core/src/html/includePanelProcessor.js:198:68)
2025-06-25T11:04:33.671Z - error:  Template render error: (/Users/damithch/Repos/nus-cs2103/cs2103-website-base/book/gitAndGithub/setRemote/text.md) [Line 18, Column 30]
  Template render error: (/Users/damithch/Repos/nus-cs2103/cs2103-website-base/book/gitAndGithub/setRemote/text.md) [Line 212, Column 9]
  Error: Unable to call `show_handson_practical`, which is undefined or falsey
    at Object._prettifyError (/opt/homebrew/lib/node_modules/markbind-cli/node_modules/nunjucks/src/lib.js:32:11)
    at /opt/homebrew/lib/node_modules/markbind-cli/node_modules/@markbind/core/src/patches/nunjucks/context-overrides-frame.js:383:17
    at Template.root [as rootRenderFunc] (eval at _compile (/opt/homebrew/lib/node_modules/markbind-cli/node_modules/nunjucks/src/environment.js:527:18), <anonymous>:145:3)
    at Template.render (/opt/homebrew/lib/node_modules/markbind-cli/node_modules/@markbind/core/src/patches/nunjucks/context-overrides-frame.js:372:8)
    at /opt/homebrew/lib/node_modules/markbind-cli/node_modules/@markbind/core/src/patches/nunjucks/context-overrides-frame.js:54:25
    at Environment.getTemplate (/opt/homebrew/lib/node_modules/markbind-cli/node_modules/@markbind/core/src/patches/nunjucks/load-event.js:85:7)
    at Environment.render (/opt/homebrew/lib/node_modules/markbind-cli/node_modules/@markbind/core/src/patches/nunjucks/context-overrides-frame.js:48:8)
    at VariableRenderer.renderFile (/opt/homebrew/lib/node_modules/markbind-cli/node_modules/@markbind/core/src/variables/VariableRenderer.js:73:24)
    at VariableProcessor.renderWithSiteVariables (/opt/homebrew/lib/node_modules/markbind-cli/node_modules/@markbind/core/src/variables/VariableProcessor.js:154:57)
    at VariableProcessor.renderIncludeFile (/opt/homebrew/lib/node_modules/markbind-cli/node_modules/@markbind/core/src/variables/VariableProcessor.js:231:38)
    at processInclude (/opt/homebrew/lib/node_modules/markbind-cli/node_modules/@markbind/core/src/html/includePanelProcessor.js:198:68)
    at NodeProcessor.processNode (/opt/homebrew/lib/node_modules/markbind-cli/node_modules/@markbind/core/src/html/NodeProcessor.js:173:71)
    at NodeProcessor.traverse (/opt/homebrew/lib/node_modules/markbind-cli/node_modules/@markbind/core/src/html/NodeProcessor.js:345:24)
    at /opt/homebrew/lib/node_modules/markbind-cli/node_modules/@markbind/core/src/html/NodeProcessor.js:349:22
    at Array.forEach (<anonymous>)
    at NodeProcessor.traverse (/opt/homebrew/lib/node_modules/markbind-cli/node_modules/@markbind/core/src/html/NodeProcessor.js:348:27)
2025-06-25T11:04:33.672Z - error:  Template render error: (/Users/damithch/Repos/nus-cs2103/cs2103-website-base/book/gitAndGithub/setRemote/text.md) [Line 18, Column 30]
  Template render error: (/Users/damithch/Repos/nus-cs2103/cs2103-website-base/book/gitAndGithub/setRemote/text.md) [Line 212, Column 9]
  Error: Unable to call `show_handson_practical`, which is undefined or falsey
    at Object._prettifyError (/opt/homebrew/lib/node_modules/markbind-cli/node_modules/nunjucks/src/lib.js:32:11)
    at /opt/homebrew/lib/node_modules/markbind-cli/node_modules/@markbind/core/src/patches/nunjucks/context-overrides-frame.js:383:17
    at Template.root [as rootRenderFunc] (eval at _compile (/opt/homebrew/lib/node_modules/markbind-cli/node_modules/nunjucks/src/environment.js:527:18), <anonymous>:145:3)
    at Template.render (/opt/homebrew/lib/node_modules/markbind-cli/node_modules/@markbind/core/src/patches/nunjucks/context-overrides-frame.js:372:8)
    at /opt/homebrew/lib/node_modules/markbind-cli/node_modules/@markbind/core/src/patches/nunjucks/context-overrides-frame.js:54:25
    at Environment.getTemplate (/opt/homebrew/lib/node_modules/markbind-cli/node_modules/@markbind/core/src/patches/nunjucks/load-event.js:85:7)
    at Environment.render (/opt/homebrew/lib/node_modules/markbind-cli/node_modules/@markbind/core/src/patches/nunjucks/context-overrides-frame.js:48:8)
    at VariableRenderer.renderFile (/opt/homebrew/lib/node_modules/markbind-cli/node_modules/@markbind/core/src/variables/VariableRenderer.js:73:24)
    at VariableProcessor.renderWithSiteVariables (/opt/homebrew/lib/node_modules/markbind-cli/node_modules/@markbind/core/src/variables/VariableProcessor.js:154:57)
    at VariableProcessor.renderIncludeFile (/opt/homebrew/lib/node_modules/markbind-cli/node_modules/@markbind/core/src/variables/VariableProcessor.js:231:38)
    at processInclude (/opt/homebrew/lib/node_modules/markbind-cli/node_modules/@markbind/core/src/html/includePanelProcessor.js:198:68)
    at NodeProcessor.processNode (/opt/homebrew/lib/node_modules/markbind-cli/node_modules/@markbind/core/src/html/NodeProcessor.js:173:71)
    at NodeProcessor.traverse (/opt/homebrew/lib/node_modules/markbind-cli/node_modules/@markbind/core/src/html/NodeProcessor.js:345:24)
    at /opt/homebrew/lib/node_modules/markbind-cli/node_modules/@markbind/core/src/html/NodeProcessor.js:349:22
    at Array.forEach (<anonymous>)
    at NodeProcessor.traverse (/opt/homebrew/lib/node_modules/markbind-cli/node_modules/@markbind/core/src/html/NodeProcessor.js:348:27)
2025-06-25T11:04:33.789Z - info: Site data built
2025-06-25T11:04:33.789Z - info: Pages rebuilt
2025-06-25T11:04:33.789Z - info: Website regeneration complete! Total build time: 0.208s
2025-06-25T11:04:54.169Z - info: [19:04:54] Reload for file change: /Users/damithch/Repos/nus-cs2103/cs2103-website-base/book/gitAndGithub/setRemote/text.md
2025-06-25T11:04:54.169Z - info: Synchronizing opened pages list before reload
2025-06-25T11:04:54.169Z - info: Current opened pages, from most-to-least recent:
2025-06-25T11:04:54.170Z - info: 1. book/gitAndGithub/trail/backingUpOnCloud/index
2025-06-25T11:04:55.178Z - info: Rebuilding 1 pages
2025-06-25T11:04:55.212Z - error:  Template render error: (/Users/damithch/Repos/nus-cs2103/cs2103-website-base/book/gitAndGithub/setRemote/text.md) [Line 18, Column 30]
  Template render error: (/Users/damithch/Repos/nus-cs2103/cs2103-website-base/book/gitAndGithub/setRemote/text.md) [Line 212, Column 9]
  Error: Unable to call `show_handson_practical`, which is undefined or falsey
    at Object._prettifyError (/opt/homebrew/lib/node_modules/markbind-cli/node_modules/nunjucks/src/lib.js:32:11)
    at /opt/homebrew/lib/node_modules/markbind-cli/node_modules/@markbind/core/src/patches/nunjucks/context-overrides-frame.js:383:17
    at Template.root [as rootRenderFunc] (eval at _compile (/opt/homebrew/lib/node_modules/markbind-cli/node_modules/nunjucks/src/environment.js:527:18), <anonymous>:145:3)
    at Template.render (/opt/homebrew/lib/node_modules/markbind-cli/node_modules/@markbind/core/src/patches/nunjucks/context-overrides-frame.js:372:8)
    at /opt/homebrew/lib/node_modules/markbind-cli/node_modules/@markbind/core/src/patches/nunjucks/context-overrides-frame.js:54:25
    at createTemplate (/opt/homebrew/lib/node_modules/markbind-cli/node_modules/@markbind/core/src/patches/nunjucks/load-event.js:121:7)
    at handle (/opt/homebrew/lib/node_modules/markbind-cli/node_modules/@markbind/core/src/patches/nunjucks/load-event.js:133:9)
    at /opt/homebrew/lib/node_modules/markbind-cli/node_modules/@markbind/core/src/patches/nunjucks/load-event.js:145:7
    at next (/opt/homebrew/lib/node_modules/markbind-cli/node_modules/nunjucks/src/lib.js:258:7)
    at Object.asyncIter (/opt/homebrew/lib/node_modules/markbind-cli/node_modules/nunjucks/src/lib.js:263:3)
    at Environment.getTemplate (/opt/homebrew/lib/node_modules/markbind-cli/node_modules/@markbind/core/src/patches/nunjucks/load-event.js:127:7)
    at Environment.render (/opt/homebrew/lib/node_modules/markbind-cli/node_modules/@markbind/core/src/patches/nunjucks/context-overrides-frame.js:48:8)
    at VariableRenderer.renderFile (/opt/homebrew/lib/node_modules/markbind-cli/node_modules/@markbind/core/src/variables/VariableRenderer.js:73:24)
    at VariableProcessor.renderWithSiteVariables (/opt/homebrew/lib/node_modules/markbind-cli/node_modules/@markbind/core/src/variables/VariableProcessor.js:154:57)
    at VariableProcessor.renderIncludeFile (/opt/homebrew/lib/node_modules/markbind-cli/node_modules/@markbind/core/src/variables/VariableProcessor.js:231:38)
    at processInclude (/opt/homebrew/lib/node_modules/markbind-cli/node_modules/@markbind/core/src/html/includePanelProcessor.js:198:68)
2025-06-25T11:04:55.226Z - error:  Template render error: (/Users/damithch/Repos/nus-cs2103/cs2103-website-base/book/gitAndGithub/setRemote/text.md) [Line 18, Column 30]
  Template render error: (/Users/damithch/Repos/nus-cs2103/cs2103-website-base/book/gitAndGithub/setRemote/text.md) [Line 212, Column 9]
  Error: Unable to call `show_handson_practical`, which is undefined or falsey
    at Object._prettifyError (/opt/homebrew/lib/node_modules/markbind-cli/node_modules/nunjucks/src/lib.js:32:11)
    at /opt/homebrew/lib/node_modules/markbind-cli/node_modules/@markbind/core/src/patches/nunjucks/context-overrides-frame.js:383:17
    at Template.root [as rootRenderFunc] (eval at _compile (/opt/homebrew/lib/node_modules/markbind-cli/node_modules/nunjucks/src/environment.js:527:18), <anonymous>:145:3)
    at Template.render (/opt/homebrew/lib/node_modules/markbind-cli/node_modules/@markbind/core/src/patches/nunjucks/context-overrides-frame.js:372:8)
    at /opt/homebrew/lib/node_modules/markbind-cli/node_modules/@markbind/core/src/patches/nunjucks/context-overrides-frame.js:54:25
    at Environment.getTemplate (/opt/homebrew/lib/node_modules/markbind-cli/node_modules/@markbind/core/src/patches/nunjucks/load-event.js:85:7)
    at Environment.render (/opt/homebrew/lib/node_modules/markbind-cli/node_modules/@markbind/core/src/patches/nunjucks/context-overrides-frame.js:48:8)
    at VariableRenderer.renderFile (/opt/homebrew/lib/node_modules/markbind-cli/node_modules/@markbind/core/src/variables/VariableRenderer.js:73:24)
    at VariableProcessor.renderWithSiteVariables (/opt/homebrew/lib/node_modules/markbind-cli/node_modules/@markbind/core/src/variables/VariableProcessor.js:154:57)
    at VariableProcessor.renderIncludeFile (/opt/homebrew/lib/node_modules/markbind-cli/node_modules/@markbind/core/src/variables/VariableProcessor.js:231:38)
    at processInclude (/opt/homebrew/lib/node_modules/markbind-cli/node_modules/@markbind/core/src/html/includePanelProcessor.js:198:68)
    at NodeProcessor.processNode (/opt/homebrew/lib/node_modules/markbind-cli/node_modules/@markbind/core/src/html/NodeProcessor.js:173:71)
    at NodeProcessor.traverse (/opt/homebrew/lib/node_modules/markbind-cli/node_modules/@markbind/core/src/html/NodeProcessor.js:345:24)
    at /opt/homebrew/lib/node_modules/markbind-cli/node_modules/@markbind/core/src/html/NodeProcessor.js:349:22
    at Array.forEach (<anonymous>)
    at NodeProcessor.traverse (/opt/homebrew/lib/node_modules/markbind-cli/node_modules/@markbind/core/src/html/NodeProcessor.js:348:27)
2025-06-25T11:04:55.226Z - error:  Template render error: (/Users/damithch/Repos/nus-cs2103/cs2103-website-base/book/gitAndGithub/setRemote/text.md) [Line 18, Column 30]
  Template render error: (/Users/damithch/Repos/nus-cs2103/cs2103-website-base/book/gitAndGithub/setRemote/text.md) [Line 212, Column 9]
  Error: Unable to call `show_handson_practical`, which is undefined or falsey
    at Object._prettifyError (/opt/homebrew/lib/node_modules/markbind-cli/node_modules/nunjucks/src/lib.js:32:11)
    at /opt/homebrew/lib/node_modules/markbind-cli/node_modules/@markbind/core/src/patches/nunjucks/context-overrides-frame.js:383:17
    at Template.root [as rootRenderFunc] (eval at _compile (/opt/homebrew/lib/node_modules/markbind-cli/node_modules/nunjucks/src/environment.js:527:18), <anonymous>:145:3)
    at Template.render (/opt/homebrew/lib/node_modules/markbind-cli/node_modules/@markbind/core/src/patches/nunjucks/context-overrides-frame.js:372:8)
    at /opt/homebrew/lib/node_modules/markbind-cli/node_modules/@markbind/core/src/patches/nunjucks/context-overrides-frame.js:54:25
    at Environment.getTemplate (/opt/homebrew/lib/node_modules/markbind-cli/node_modules/@markbind/core/src/patches/nunjucks/load-event.js:85:7)
    at Environment.render (/opt/homebrew/lib/node_modules/markbind-cli/node_modules/@markbind/core/src/patches/nunjucks/context-overrides-frame.js:48:8)
    at VariableRenderer.renderFile (/opt/homebrew/lib/node_modules/markbind-cli/node_modules/@markbind/core/src/variables/VariableRenderer.js:73:24)
    at VariableProcessor.renderWithSiteVariables (/opt/homebrew/lib/node_modules/markbind-cli/node_modules/@markbind/core/src/variables/VariableProcessor.js:154:57)
    at VariableProcessor.renderIncludeFile (/opt/homebrew/lib/node_modules/markbind-cli/node_modules/@markbind/core/src/variables/VariableProcessor.js:231:38)
    at processInclude (/opt/homebrew/lib/node_modules/markbind-cli/node_modules/@markbind/core/src/html/includePanelProcessor.js:198:68)
    at NodeProcessor.processNode (/opt/homebrew/lib/node_modules/markbind-cli/node_modules/@markbind/core/src/html/NodeProcessor.js:173:71)
    at NodeProcessor.traverse (/opt/homebrew/lib/node_modules/markbind-cli/node_modules/@markbind/core/src/html/NodeProcessor.js:345:24)
    at /opt/homebrew/lib/node_modules/markbind-cli/node_modules/@markbind/core/src/html/NodeProcessor.js:349:22
    at Array.forEach (<anonymous>)
    at NodeProcessor.traverse (/opt/homebrew/lib/node_modules/markbind-cli/node_modules/@markbind/core/src/html/NodeProcessor.js:348:27)
2025-06-25T11:04:55.333Z - info: Site data built
2025-06-25T11:04:55.333Z - info: Pages rebuilt
2025-06-25T11:04:55.333Z - info: Website regeneration complete! Total build time: 0.156s
2025-06-25T11:05:06.626Z - info: [19:05:06] Reload for file change: /Users/damithch/Repos/nus-cs2103/cs2103-website-base/book/gitAndGithub/setRemote/text.md
2025-06-25T11:05:06.626Z - info: Synchronizing opened pages list before reload
2025-06-25T11:05:06.626Z - info: Current opened pages, from most-to-least recent:
2025-06-25T11:05:06.626Z - info: 1. book/gitAndGithub/trail/backingUpOnCloud/index
2025-06-25T11:05:07.637Z - info: Rebuilding 1 pages
2025-06-25T11:05:07.806Z - info: Site data built
2025-06-25T11:05:07.806Z - info: Pages rebuilt
2025-06-25T11:05:07.806Z - info: Website regeneration complete! Total build time: 0.17s
2025-06-25T11:09:27.892Z - info: [19:09:27] Reload for file deletion: /Users/damithch/Repos/nus-cs2103/cs2103-website-base/book/gitAndGithub/setRemote/cli_3.md
2025-06-25T11:09:27.893Z - info: Synchronizing opened pages list before reload
2025-06-25T11:09:27.894Z - info: Current opened pages, from most-to-least recent:
2025-06-25T11:09:27.894Z - info: 1. book/gitAndGithub/trail/backingUpOnCloud/index
2025-06-25T11:09:28.038Z - info: [19:09:28] Reload for file add: /Users/damithch/Repos/nus-cs2103/cs2103-website-base/book/gitAndGithub/setRemote/cli_1.md
2025-06-25T11:09:28.038Z - info: Synchronizing opened pages list before reload
2025-06-25T11:09:28.038Z - info: Current opened pages, from most-to-least recent:
2025-06-25T11:09:28.038Z - info: 1. book/gitAndGithub/trail/backingUpOnCloud/index
2025-06-25T11:09:29.036Z - info: Pages or site config modified, updating pages...
2025-06-25T11:09:29.140Z - info: Assets built
2025-06-25T11:09:30.174Z - info: Building /Users/damithch/Repos/nus-cs2103/cs2103-website-base/book/gitAndGithub/trail/backingUpOnCloud/index as some of its dependencies were changed since the last visit
2025-06-25T11:09:30.229Z - error: No such file: /Users/damithch/Repos/nus-cs2103/cs2103-website-base/book/gitAndGithub/setRemote/cli_3.md
Missing reference in /Users/damithch/Repos/nus-cs2103/cs2103-website-base/book/gitAndGithub/setRemote/text.md
2025-06-25T11:09:30.420Z - info: Site data built
2025-06-25T11:09:30.420Z - info: Lazy website regeneration complete! Total build time: 0.246s
2025-06-25T11:09:35.266Z - info: [19:09:35] Reload for file add: /Users/damithch/Repos/nus-cs2103/cs2103-website-base/book/gitAndGithub/setRemote/text.md~
2025-06-25T11:09:35.266Z - info: Synchronizing opened pages list before reload
2025-06-25T11:09:35.266Z - info: Current opened pages, from most-to-least recent:
2025-06-25T11:09:35.266Z - info: 1. book/gitAndGithub/trail/backingUpOnCloud/index
2025-06-25T11:09:35.366Z - info: [19:09:35] Reload for file change: /Users/damithch/Repos/nus-cs2103/cs2103-website-base/book/gitAndGithub/setRemote/text.md
2025-06-25T11:09:35.366Z - info: Synchronizing opened pages list before reload
2025-06-25T11:09:35.366Z - info: Current opened pages, from most-to-least recent:
2025-06-25T11:09:35.366Z - info: 1. book/gitAndGithub/trail/backingUpOnCloud/index
2025-06-25T11:09:35.367Z - info: [19:09:35] Reload for file deletion: /Users/damithch/Repos/nus-cs2103/cs2103-website-base/book/gitAndGithub/setRemote/text.md~
2025-06-25T11:09:35.367Z - info: Synchronizing opened pages list before reload
2025-06-25T11:09:35.367Z - info: Current opened pages, from most-to-least recent:
2025-06-25T11:09:35.367Z - info: 1. book/gitAndGithub/trail/backingUpOnCloud/index
2025-06-25T11:09:36.372Z - info: Rebuilding 1 pages
2025-06-25T11:09:36.419Z - error: No such file: /Users/damithch/Repos/nus-cs2103/cs2103-website-base/book/gitAndGithub/setRemote/sourcetree_1.md
Missing reference in /Users/damithch/Repos/nus-cs2103/cs2103-website-base/book/gitAndGithub/setRemote/text.md
2025-06-25T11:09:36.439Z - error: ENOENT: no such file or directory, stat '/Users/damithch/Repos/nus-cs2103/cs2103-website-base/book/gitAndGithub/setRemote/text.md~'
2025-06-25T11:09:36.481Z - debug: Assets removed
2025-06-25T11:09:36.498Z - info: Site data built
2025-06-25T11:09:36.498Z - info: Pages rebuilt
2025-06-25T11:09:36.498Z - info: Website regeneration complete! Total build time: 0.127s
2025-06-25T11:09:50.415Z - info: [19:09:50] Reload for file deletion: /Users/damithch/Repos/nus-cs2103/cs2103-website-base/book/gitAndGithub/setRemote/sourcetree_3.md
2025-06-25T11:09:50.416Z - info: Synchronizing opened pages list before reload
2025-06-25T11:09:50.416Z - info: Current opened pages, from most-to-least recent:
2025-06-25T11:09:50.416Z - info: 1. book/gitAndGithub/trail/backingUpOnCloud/index
2025-06-25T11:09:50.510Z - info: [19:09:50] Reload for file add: /Users/damithch/Repos/nus-cs2103/cs2103-website-base/book/gitAndGithub/setRemote/sourcetree_1.md
2025-06-25T11:09:50.510Z - info: Synchronizing opened pages list before reload
2025-06-25T11:09:50.510Z - info: Current opened pages, from most-to-least recent:
2025-06-25T11:09:50.510Z - info: 1. book/gitAndGithub/trail/backingUpOnCloud/index
2025-06-25T11:09:51.508Z - debug: Assets removed
2025-06-25T11:09:51.557Z - info: Pages or site config modified, updating pages...
2025-06-25T11:09:52.695Z - info: Building /Users/damithch/Repos/nus-cs2103/cs2103-website-base/book/gitAndGithub/trail/backingUpOnCloud/index as some of its dependencies were changed since the last visit
2025-06-25T11:09:52.893Z - info: Site data built
2025-06-25T11:09:52.893Z - info: Lazy website regeneration complete! Total build time: 0.198s
2025-06-25T11:10:22.028Z - info: [19:10:22] Reload for file deletion: /Users/damithch/Repos/nus-cs2103/cs2103-website-base/book/gitAndGithub/setRemote/cli_1.md
2025-06-25T11:10:22.029Z - info: Synchronizing opened pages list before reload
2025-06-25T11:10:22.029Z - info: Current opened pages, from most-to-least recent:
2025-06-25T11:10:22.029Z - info: 1. book/gitAndGithub/trail/backingUpOnCloud/index
2025-06-25T11:10:22.128Z - info: [19:10:22] Reload for file add: /Users/damithch/Repos/nus-cs2103/cs2103-website-base/book/gitAndGithub/setRemote/cli_add_remote.md
2025-06-25T11:10:22.128Z - info: Synchronizing opened pages list before reload
2025-06-25T11:10:22.128Z - info: Current opened pages, from most-to-least recent:
2025-06-25T11:10:22.128Z - info: 1. book/gitAndGithub/trail/backingUpOnCloud/index
2025-06-25T11:10:22.176Z - error: ENOENT: no such file or directory, stat '/Users/damithch/Repos/nus-cs2103/cs2103-website-base/book/gitAndGithub/setRemote/text.md~'
2025-06-25T11:10:23.122Z - info: Pages or site config modified, updating pages...
2025-06-25T11:10:24.265Z - info: Building /Users/damithch/Repos/nus-cs2103/cs2103-website-base/book/gitAndGithub/trail/backingUpOnCloud/index as some of its dependencies were changed since the last visit
2025-06-25T11:10:24.309Z - error: No such file: /Users/damithch/Repos/nus-cs2103/cs2103-website-base/book/gitAndGithub/setRemote/cli_1.md
Missing reference in /Users/damithch/Repos/nus-cs2103/cs2103-website-base/book/gitAndGithub/setRemote/text.md
2025-06-25T11:10:24.470Z - info: Site data built
2025-06-25T11:10:24.470Z - info: Lazy website regeneration complete! Total build time: 0.206s
2025-06-25T11:10:33.638Z - info: [19:10:33] Reload for file deletion: /Users/damithch/Repos/nus-cs2103/cs2103-website-base/book/gitAndGithub/setRemote/sourcetree_1.md
2025-06-25T11:10:33.638Z - info: Synchronizing opened pages list before reload
2025-06-25T11:10:33.638Z - info: Current opened pages, from most-to-least recent:
2025-06-25T11:10:33.638Z - info: 1. book/gitAndGithub/trail/backingUpOnCloud/index
2025-06-25T11:10:33.734Z - info: [19:10:33] Reload for file add: /Users/damithch/Repos/nus-cs2103/cs2103-website-base/book/gitAndGithub/setRemote/sourcetree_add_remote.md
2025-06-25T11:10:33.735Z - info: Synchronizing opened pages list before reload
2025-06-25T11:10:33.735Z - info: Current opened pages, from most-to-least recent:
2025-06-25T11:10:33.735Z - info: 1. book/gitAndGithub/trail/backingUpOnCloud/index
2025-06-25T11:10:33.787Z - error: ENOENT: no such file or directory, stat '/Users/damithch/Repos/nus-cs2103/cs2103-website-base/book/gitAndGithub/setRemote/text.md~'
2025-06-25T11:10:34.733Z - info: Pages or site config modified, updating pages...
2025-06-25T11:10:35.871Z - info: Building /Users/damithch/Repos/nus-cs2103/cs2103-website-base/book/gitAndGithub/trail/backingUpOnCloud/index as some of its dependencies were changed since the last visit
2025-06-25T11:10:35.917Z - error: No such file: /Users/damithch/Repos/nus-cs2103/cs2103-website-base/book/gitAndGithub/setRemote/cli_1.md
Missing reference in /Users/damithch/Repos/nus-cs2103/cs2103-website-base/book/gitAndGithub/setRemote/text.md
2025-06-25T11:10:35.917Z - error: No such file: /Users/damithch/Repos/nus-cs2103/cs2103-website-base/book/gitAndGithub/setRemote/sourcetree_1.md
Missing reference in /Users/damithch/Repos/nus-cs2103/cs2103-website-base/book/gitAndGithub/setRemote/text.md
2025-06-25T11:10:36.086Z - info: Site data built
2025-06-25T11:10:36.086Z - info: Lazy website regeneration complete! Total build time: 0.215s
2025-06-25T11:10:43.630Z - info: [19:10:43] Reload for file change: /Users/damithch/Repos/nus-cs2103/cs2103-website-base/book/gitAndGithub/setRemote/text.md
2025-06-25T11:10:43.630Z - info: Synchronizing opened pages list before reload
2025-06-25T11:10:43.630Z - info: Current opened pages, from most-to-least recent:
2025-06-25T11:10:43.630Z - info: 1. book/gitAndGithub/trail/backingUpOnCloud/index
2025-06-25T11:10:44.645Z - info: Rebuilding 1 pages
2025-06-25T11:10:44.812Z - info: Site data built
2025-06-25T11:10:44.812Z - info: Pages rebuilt
2025-06-25T11:10:44.812Z - info: Website regeneration complete! Total build time: 0.171s
2025-06-25T11:11:31.217Z - info: [19:11:31] Reload for file deletion: /Users/damithch/Repos/nus-cs2103/cs2103-website-base/book/gitAndGithub/setRemote/cli_add_remote.md
2025-06-25T11:11:31.217Z - info: Synchronizing opened pages list before reload
2025-06-25T11:11:31.218Z - info: Current opened pages, from most-to-least recent:
2025-06-25T11:11:31.218Z - info: 1. book/gitAndGithub/trail/backingUpOnCloud/index
2025-06-25T11:11:31.312Z - info: [19:11:31] Reload for file add: /Users/damithch/Repos/nus-cs2103/cs2103-website-base/book/gitAndGithub/setRemote/cli_add_remote-fragment.md
2025-06-25T11:11:31.312Z - info: Synchronizing opened pages list before reload
2025-06-25T11:11:31.312Z - info: Current opened pages, from most-to-least recent:
2025-06-25T11:11:31.312Z - info: 1. book/gitAndGithub/trail/backingUpOnCloud/index
2025-06-25T11:11:31.358Z - error: ENOENT: no such file or directory, stat '/Users/damithch/Repos/nus-cs2103/cs2103-website-base/book/gitAndGithub/setRemote/text.md~'
2025-06-25T11:11:32.311Z - info: Pages or site config modified, updating pages...
2025-06-25T11:11:33.444Z - info: Building /Users/damithch/Repos/nus-cs2103/cs2103-website-base/book/gitAndGithub/trail/backingUpOnCloud/index as some of its dependencies were changed since the last visit
2025-06-25T11:11:33.493Z - error: No such file: /Users/damithch/Repos/nus-cs2103/cs2103-website-base/book/gitAndGithub/setRemote/cli_add_remote.md
Missing reference in /Users/damithch/Repos/nus-cs2103/cs2103-website-base/book/gitAndGithub/setRemote/text.md
2025-06-25T11:11:33.647Z - info: Site data built
2025-06-25T11:11:33.647Z - info: Lazy website regeneration complete! Total build time: 0.203s
2025-06-25T11:11:49.980Z - info: [19:11:49] Reload for file deletion: /Users/damithch/Repos/nus-cs2103/cs2103-website-base/book/gitAndGithub/setRemote/cli_add_remote-fragment.md
2025-06-25T11:11:49.980Z - info: Synchronizing opened pages list before reload
2025-06-25T11:11:49.981Z - info: Current opened pages, from most-to-least recent:
2025-06-25T11:11:49.981Z - info: 1. book/gitAndGithub/trail/backingUpOnCloud/index
2025-06-25T11:11:50.084Z - info: [19:11:50] Reload for file add: /Users/damithch/Repos/nus-cs2103/cs2103-website-base/book/gitAndGithub/setRemote/cli-add-remote-fragment.md
2025-06-25T11:11:50.084Z - info: Synchronizing opened pages list before reload
2025-06-25T11:11:50.084Z - info: Current opened pages, from most-to-least recent:
2025-06-25T11:11:50.084Z - info: 1. book/gitAndGithub/trail/backingUpOnCloud/index
2025-06-25T11:11:50.135Z - error: ENOENT: no such file or directory, stat '/Users/damithch/Repos/nus-cs2103/cs2103-website-base/book/gitAndGithub/setRemote/text.md~'
2025-06-25T11:11:51.078Z - debug: Assets removed
2025-06-25T11:12:10.070Z - info: [19:12:10] Reload for file deletion: /Users/damithch/Repos/nus-cs2103/cs2103-website-base/book/gitAndGithub/setRemote/sourcetree_add_remote.md
2025-06-25T11:12:10.071Z - info: Synchronizing opened pages list before reload
2025-06-25T11:12:10.071Z - info: Current opened pages, from most-to-least recent:
2025-06-25T11:12:10.071Z - info: 1. book/gitAndGithub/trail/backingUpOnCloud/index
2025-06-25T11:12:10.164Z - info: [19:12:10] Reload for file add: /Users/damithch/Repos/nus-cs2103/cs2103-website-base/book/gitAndGithub/setRemote/sourcetree-add-remote.md
2025-06-25T11:12:10.164Z - info: Synchronizing opened pages list before reload
2025-06-25T11:12:10.164Z - info: Current opened pages, from most-to-least recent:
2025-06-25T11:12:10.164Z - info: 1. book/gitAndGithub/trail/backingUpOnCloud/index
2025-06-25T11:12:10.217Z - error: ENOENT: no such file or directory, stat '/Users/damithch/Repos/nus-cs2103/cs2103-website-base/book/gitAndGithub/setRemote/text.md~'
2025-06-25T11:12:11.163Z - info: Pages or site config modified, updating pages...
2025-06-25T11:12:12.298Z - info: Building /Users/damithch/Repos/nus-cs2103/cs2103-website-base/book/gitAndGithub/trail/backingUpOnCloud/index as some of its dependencies were changed since the last visit
2025-06-25T11:12:12.366Z - error: No such file: /Users/damithch/Repos/nus-cs2103/cs2103-website-base/book/gitAndGithub/setRemote/cli_add_remote.md
Missing reference in /Users/damithch/Repos/nus-cs2103/cs2103-website-base/book/gitAndGithub/setRemote/text.md
2025-06-25T11:12:12.366Z - error: No such file: /Users/damithch/Repos/nus-cs2103/cs2103-website-base/book/gitAndGithub/setRemote/sourcetree_add_remote.md
Missing reference in /Users/damithch/Repos/nus-cs2103/cs2103-website-base/book/gitAndGithub/setRemote/text.md
2025-06-25T11:12:12.537Z - info: Site data built
2025-06-25T11:12:12.538Z - info: Lazy website regeneration complete! Total build time: 0.24s
2025-06-25T11:12:19.581Z - info: [19:12:19] Reload for file deletion: /Users/damithch/Repos/nus-cs2103/cs2103-website-base/book/gitAndGithub/setRemote/sourcetree-add-remote.md
2025-06-25T11:12:19.582Z - info: Synchronizing opened pages list before reload
2025-06-25T11:12:19.582Z - info: Current opened pages, from most-to-least recent:
2025-06-25T11:12:19.582Z - info: 1. book/gitAndGithub/trail/backingUpOnCloud/index
2025-06-25T11:12:19.679Z - info: [19:12:19] Reload for file add: /Users/damithch/Repos/nus-cs2103/cs2103-website-base/book/gitAndGithub/setRemote/sourcetree-add-remote-fragment.md
2025-06-25T11:12:19.679Z - info: Synchronizing opened pages list before reload
2025-06-25T11:12:19.679Z - info: Current opened pages, from most-to-least recent:
2025-06-25T11:12:19.679Z - info: 1. book/gitAndGithub/trail/backingUpOnCloud/index
2025-06-25T11:12:19.739Z - error: ENOENT: no such file or directory, stat '/Users/damithch/Repos/nus-cs2103/cs2103-website-base/book/gitAndGithub/setRemote/text.md~'
2025-06-25T11:12:20.679Z - debug: Assets removed
2025-06-25T11:12:27.269Z - info: [19:12:27] Reload for file change: /Users/damithch/Repos/nus-cs2103/cs2103-website-base/book/gitAndGithub/setRemote/text.md
2025-06-25T11:12:27.269Z - info: Synchronizing opened pages list before reload
2025-06-25T11:12:27.270Z - info: Current opened pages, from most-to-least recent:
2025-06-25T11:12:27.270Z - info: 1. book/gitAndGithub/trail/backingUpOnCloud/index
2025-06-25T11:12:28.276Z - info: Rebuilding 1 pages
2025-06-25T11:12:28.466Z - info: Site data built
2025-06-25T11:12:28.466Z - info: Pages rebuilt
2025-06-25T11:12:28.466Z - info: Website regeneration complete! Total build time: 0.193s
2025-06-25T11:14:59.473Z - info: [19:14:59] Reload for file change: /Users/damithch/Repos/nus-cs2103/cs2103-website-base/book/gitAndGithub/setRemote/cli-add-remote-fragment.md
2025-06-25T11:14:59.473Z - info: Synchronizing opened pages list before reload
2025-06-25T11:14:59.474Z - info: Current opened pages, from most-to-least recent:
2025-06-25T11:14:59.474Z - info: 1. book/gitAndGithub/trail/backingUpOnCloud/index
2025-06-25T11:15:00.480Z - info: Rebuilding 1 pages
2025-06-25T11:15:00.548Z - error:  Template render error: (/Users/damithch/Repos/nus-cs2103/cs2103-website-base/book/gitAndGithub/setRemote/cli-add-remote-fragment.md) [Line 1, Column 4]
  parseFrom: expected comma
    at Object._prettifyError (/opt/homebrew/lib/node_modules/markbind-cli/node_modules/nunjucks/src/lib.js:32:11)
    at Template.render (/opt/homebrew/lib/node_modules/markbind-cli/node_modules/@markbind/core/src/patches/nunjucks/context-overrides-frame.js:358:19)
    at /opt/homebrew/lib/node_modules/markbind-cli/node_modules/@markbind/core/src/patches/nunjucks/context-overrides-frame.js:54:25
    at createTemplate (/opt/homebrew/lib/node_modules/markbind-cli/node_modules/@markbind/core/src/patches/nunjucks/load-event.js:121:7)
    at handle (/opt/homebrew/lib/node_modules/markbind-cli/node_modules/@markbind/core/src/patches/nunjucks/load-event.js:133:9)
    at /opt/homebrew/lib/node_modules/markbind-cli/node_modules/@markbind/core/src/patches/nunjucks/load-event.js:145:7
    at next (/opt/homebrew/lib/node_modules/markbind-cli/node_modules/nunjucks/src/lib.js:258:7)
    at Object.asyncIter (/opt/homebrew/lib/node_modules/markbind-cli/node_modules/nunjucks/src/lib.js:263:3)
    at Environment.getTemplate (/opt/homebrew/lib/node_modules/markbind-cli/node_modules/@markbind/core/src/patches/nunjucks/load-event.js:127:7)
    at Environment.render (/opt/homebrew/lib/node_modules/markbind-cli/node_modules/@markbind/core/src/patches/nunjucks/context-overrides-frame.js:48:8)
    at VariableRenderer.renderFile (/opt/homebrew/lib/node_modules/markbind-cli/node_modules/@markbind/core/src/variables/VariableRenderer.js:73:24)
    at VariableProcessor.renderWithSiteVariables (/opt/homebrew/lib/node_modules/markbind-cli/node_modules/@markbind/core/src/variables/VariableProcessor.js:154:57)
    at VariableProcessor.renderIncludeFile (/opt/homebrew/lib/node_modules/markbind-cli/node_modules/@markbind/core/src/variables/VariableProcessor.js:231:38)
    at processInclude (/opt/homebrew/lib/node_modules/markbind-cli/node_modules/@markbind/core/src/html/includePanelProcessor.js:198:68)
    at NodeProcessor.processNode (/opt/homebrew/lib/node_modules/markbind-cli/node_modules/@markbind/core/src/html/NodeProcessor.js:173:71)
    at NodeProcessor.traverse (/opt/homebrew/lib/node_modules/markbind-cli/node_modules/@markbind/core/src/html/NodeProcessor.js:345:24)
2025-06-25T11:15:00.664Z - info: Site data built
2025-06-25T11:15:00.664Z - info: Pages rebuilt
2025-06-25T11:15:00.664Z - info: Website regeneration complete! Total build time: 0.188s
2025-06-25T11:15:19.489Z - info: [19:15:19] Reload for file change: /Users/damithch/Repos/nus-cs2103/cs2103-website-base/book/gitAndGithub/setRemote/cli-add-remote-fragment.md
2025-06-25T11:15:19.490Z - info: Synchronizing opened pages list before reload
2025-06-25T11:15:19.490Z - info: Current opened pages, from most-to-least recent:
2025-06-25T11:15:19.490Z - info: 1. book/gitAndGithub/trail/backingUpOnCloud/index
2025-06-25T11:15:20.502Z - info: Rebuilding 1 pages
2025-06-25T11:15:20.564Z - error:  Template render error: (/Users/damithch/Repos/nus-cs2103/cs2103-website-base/book/gitAndGithub/setRemote/cli-add-remote-fragment.md) [Line 1, Column 4]
  parseFrom: expected comma
    at Object._prettifyError (/opt/homebrew/lib/node_modules/markbind-cli/node_modules/nunjucks/src/lib.js:32:11)
    at Template.render (/opt/homebrew/lib/node_modules/markbind-cli/node_modules/@markbind/core/src/patches/nunjucks/context-overrides-frame.js:358:19)
    at /opt/homebrew/lib/node_modules/markbind-cli/node_modules/@markbind/core/src/patches/nunjucks/context-overrides-frame.js:54:25
    at createTemplate (/opt/homebrew/lib/node_modules/markbind-cli/node_modules/@markbind/core/src/patches/nunjucks/load-event.js:121:7)
    at handle (/opt/homebrew/lib/node_modules/markbind-cli/node_modules/@markbind/core/src/patches/nunjucks/load-event.js:133:9)
    at /opt/homebrew/lib/node_modules/markbind-cli/node_modules/@markbind/core/src/patches/nunjucks/load-event.js:145:7
    at next (/opt/homebrew/lib/node_modules/markbind-cli/node_modules/nunjucks/src/lib.js:258:7)
    at Object.asyncIter (/opt/homebrew/lib/node_modules/markbind-cli/node_modules/nunjucks/src/lib.js:263:3)
    at Environment.getTemplate (/opt/homebrew/lib/node_modules/markbind-cli/node_modules/@markbind/core/src/patches/nunjucks/load-event.js:127:7)
    at Environment.render (/opt/homebrew/lib/node_modules/markbind-cli/node_modules/@markbind/core/src/patches/nunjucks/context-overrides-frame.js:48:8)
    at VariableRenderer.renderFile (/opt/homebrew/lib/node_modules/markbind-cli/node_modules/@markbind/core/src/variables/VariableRenderer.js:73:24)
    at VariableProcessor.renderWithSiteVariables (/opt/homebrew/lib/node_modules/markbind-cli/node_modules/@markbind/core/src/variables/VariableProcessor.js:154:57)
    at VariableProcessor.renderIncludeFile (/opt/homebrew/lib/node_modules/markbind-cli/node_modules/@markbind/core/src/variables/VariableProcessor.js:231:38)
    at processInclude (/opt/homebrew/lib/node_modules/markbind-cli/node_modules/@markbind/core/src/html/includePanelProcessor.js:198:68)
    at NodeProcessor.processNode (/opt/homebrew/lib/node_modules/markbind-cli/node_modules/@markbind/core/src/html/NodeProcessor.js:173:71)
    at NodeProcessor.traverse (/opt/homebrew/lib/node_modules/markbind-cli/node_modules/@markbind/core/src/html/NodeProcessor.js:345:24)
2025-06-25T11:15:20.677Z - info: Site data built
2025-06-25T11:15:20.677Z - info: Pages rebuilt
2025-06-25T11:15:20.677Z - info: Website regeneration complete! Total build time: 0.176s
2025-06-25T11:15:42.235Z - info: [19:15:42] Reload for file change: /Users/damithch/Repos/nus-cs2103/cs2103-website-base/book/gitAndGithub/setRemote/cli-add-remote-fragment.md
2025-06-25T11:15:42.236Z - info: Synchronizing opened pages list before reload
2025-06-25T11:15:42.237Z - info: Current opened pages, from most-to-least recent:
2025-06-25T11:15:42.237Z - info: 1. book/gitAndGithub/trail/backingUpOnCloud/index
2025-06-25T11:15:43.242Z - info: Rebuilding 1 pages
2025-06-25T11:15:43.413Z - info: Site data built
2025-06-25T11:15:43.413Z - info: Pages rebuilt
2025-06-25T11:15:43.413Z - info: Website regeneration complete! Total build time: 0.173s
2025-06-25T11:15:52.828Z - info: [19:15:52] Reload for file change: /Users/damithch/Repos/nus-cs2103/cs2103-website-base/book/gitAndGithub/setRemote/cli-add-remote-fragment.md
2025-06-25T11:15:52.828Z - info: Synchronizing opened pages list before reload
2025-06-25T11:15:52.828Z - info: Current opened pages, from most-to-least recent:
2025-06-25T11:15:52.828Z - info: 1. book/gitAndGithub/trail/backingUpOnCloud/index
2025-06-25T11:15:53.832Z - info: Rebuilding 1 pages
2025-06-25T11:15:54.011Z - info: Site data built
2025-06-25T11:15:54.011Z - info: Pages rebuilt
2025-06-25T11:15:54.011Z - info: Website regeneration complete! Total build time: 0.181s
2025-06-25T11:17:16.830Z - info: [19:17:16] Reload for file change: /Users/damithch/Repos/nus-cs2103/cs2103-website-base/book/gitAndGithub/setRemote/cli-add-remote-fragment.md
2025-06-25T11:17:16.830Z - info: Synchronizing opened pages list before reload
2025-06-25T11:17:16.830Z - info: Current opened pages, from most-to-least recent:
2025-06-25T11:17:16.831Z - info: 1. book/gitAndGithub/trail/backingUpOnCloud/index
2025-06-25T11:17:17.844Z - info: Rebuilding 1 pages
2025-06-25T11:17:18.013Z - info: Site data built
2025-06-25T11:17:18.013Z - info: Pages rebuilt
2025-06-25T11:17:18.013Z - info: Website regeneration complete! Total build time: 0.17s
2025-06-25T11:19:44.632Z - info: [19:19:44] Reload for file change: /Users/damithch/Repos/nus-cs2103/cs2103-website-base/book/gitAndGithub/setRemote/cli-add-remote-fragment.md
2025-06-25T11:19:44.633Z - info: Synchronizing opened pages list before reload
2025-06-25T11:19:44.634Z - info: Current opened pages, from most-to-least recent:
2025-06-25T11:19:44.634Z - info: 1. book/gitAndGithub/trail/backingUpOnCloud/index
2025-06-25T11:19:45.649Z - info: Rebuilding 1 pages
2025-06-25T11:19:45.829Z - info: Site data built
2025-06-25T11:19:45.829Z - info: Pages rebuilt
2025-06-25T11:19:45.829Z - info: Website regeneration complete! Total build time: 0.183s
2025-06-25T11:22:24.763Z - info: [19:22:24] Reload for file change: /Users/damithch/Repos/nus-cs2103/cs2103-website-base/book/gitAndGithub/setRemote/cli-add-remote-fragment.md
2025-06-25T11:22:24.771Z - info: Synchronizing opened pages list before reload
2025-06-25T11:22:24.773Z - info: Current opened pages, from most-to-least recent:
2025-06-25T11:22:24.773Z - info: 1. book/gitAndGithub/trail/backingUpOnCloud/index
2025-06-25T11:22:25.789Z - info: Rebuilding 1 pages
2025-06-25T11:22:25.977Z - info: Site data built
2025-06-25T11:22:25.977Z - info: Pages rebuilt
2025-06-25T11:22:25.977Z - info: Website regeneration complete! Total build time: 0.195s
2025-06-25T11:26:33.711Z - info: [19:26:33] Reload for file change: /Users/damithch/Repos/nus-cs2103/cs2103-website-base/book/gitAndGithub/setRemote/cli-add-remote-fragment.md
2025-06-25T11:26:33.715Z - info: Synchronizing opened pages list before reload
2025-06-25T11:26:33.717Z - info: Current opened pages, from most-to-least recent:
2025-06-25T11:26:33.717Z - info: 1. book/gitAndGithub/trail/backingUpOnCloud/index
2025-06-25T11:26:34.753Z - info: Rebuilding 1 pages
2025-06-25T11:26:34.835Z - error:  Template render error: (/Users/damithch/Repos/nus-cs2103/cs2103-website-base/book/gitAndGithub/setRemote/cli-add-remote-fragment.md)
  unexpected end of file
    at Object._prettifyError (/opt/homebrew/lib/node_modules/markbind-cli/node_modules/nunjucks/src/lib.js:32:11)
    at Template.render (/opt/homebrew/lib/node_modules/markbind-cli/node_modules/@markbind/core/src/patches/nunjucks/context-overrides-frame.js:358:19)
    at /opt/homebrew/lib/node_modules/markbind-cli/node_modules/@markbind/core/src/patches/nunjucks/context-overrides-frame.js:54:25
    at createTemplate (/opt/homebrew/lib/node_modules/markbind-cli/node_modules/@markbind/core/src/patches/nunjucks/load-event.js:121:7)
    at handle (/opt/homebrew/lib/node_modules/markbind-cli/node_modules/@markbind/core/src/patches/nunjucks/load-event.js:133:9)
    at /opt/homebrew/lib/node_modules/markbind-cli/node_modules/@markbind/core/src/patches/nunjucks/load-event.js:145:7
    at next (/opt/homebrew/lib/node_modules/markbind-cli/node_modules/nunjucks/src/lib.js:258:7)
    at Object.asyncIter (/opt/homebrew/lib/node_modules/markbind-cli/node_modules/nunjucks/src/lib.js:263:3)
    at Environment.getTemplate (/opt/homebrew/lib/node_modules/markbind-cli/node_modules/@markbind/core/src/patches/nunjucks/load-event.js:127:7)
    at Environment.render (/opt/homebrew/lib/node_modules/markbind-cli/node_modules/@markbind/core/src/patches/nunjucks/context-overrides-frame.js:48:8)
    at VariableRenderer.renderFile (/opt/homebrew/lib/node_modules/markbind-cli/node_modules/@markbind/core/src/variables/VariableRenderer.js:73:24)
    at VariableProcessor.renderWithSiteVariables (/opt/homebrew/lib/node_modules/markbind-cli/node_modules/@markbind/core/src/variables/VariableProcessor.js:154:57)
    at VariableProcessor.renderIncludeFile (/opt/homebrew/lib/node_modules/markbind-cli/node_modules/@markbind/core/src/variables/VariableProcessor.js:231:38)
    at processInclude (/opt/homebrew/lib/node_modules/markbind-cli/node_modules/@markbind/core/src/html/includePanelProcessor.js:198:68)
    at NodeProcessor.processNode (/opt/homebrew/lib/node_modules/markbind-cli/node_modules/@markbind/core/src/html/NodeProcessor.js:173:71)
    at NodeProcessor.traverse (/opt/homebrew/lib/node_modules/markbind-cli/node_modules/@markbind/core/src/html/NodeProcessor.js:345:24)
2025-06-25T11:26:34.989Z - info: Site data built
2025-06-25T11:26:34.989Z - info: Pages rebuilt
2025-06-25T11:26:34.989Z - info: Website regeneration complete! Total build time: 0.246s
2025-06-25T11:27:31.015Z - info: [19:27:30] Reload for file change: /Users/damithch/Repos/nus-cs2103/cs2103-website-base/book/gitAndGithub/setRemote/cli-add-remote-fragment.md
2025-06-25T11:27:31.026Z - info: Synchronizing opened pages list before reload
2025-06-25T11:27:31.031Z - info: Current opened pages, from most-to-least recent:
2025-06-25T11:27:31.031Z - info: 1. book/gitAndGithub/trail/backingUpOnCloud/index
2025-06-25T11:27:32.052Z - info: Rebuilding 1 pages
2025-06-25T11:27:32.131Z - error:  Template render error: (/Users/damithch/Repos/nus-cs2103/cs2103-website-base/book/gitAndGithub/setRemote/cli-add-remote-fragment.md) [Line 15, Column 19]
  Template render error: (/Users/damithch/Repos/nus-cs2103/cs2103-website-base/book/gitAndGithub/setRemote/cli-add-remote-fragment.md)
  Error: Unable to call `show_output`, which is undefined or falsey
    at Object._prettifyError (/opt/homebrew/lib/node_modules/markbind-cli/node_modules/nunjucks/src/lib.js:32:11)
    at /opt/homebrew/lib/node_modules/markbind-cli/node_modules/@markbind/core/src/patches/nunjucks/context-overrides-frame.js:383:17
    at Template.root [as rootRenderFunc] (eval at _compile (/opt/homebrew/lib/node_modules/markbind-cli/node_modules/nunjucks/src/environment.js:527:18), <anonymous>:51:3)
    at Template.render (/opt/homebrew/lib/node_modules/markbind-cli/node_modules/@markbind/core/src/patches/nunjucks/context-overrides-frame.js:372:8)
    at /opt/homebrew/lib/node_modules/markbind-cli/node_modules/@markbind/core/src/patches/nunjucks/context-overrides-frame.js:54:25
    at createTemplate (/opt/homebrew/lib/node_modules/markbind-cli/node_modules/@markbind/core/src/patches/nunjucks/load-event.js:121:7)
    at handle (/opt/homebrew/lib/node_modules/markbind-cli/node_modules/@markbind/core/src/patches/nunjucks/load-event.js:133:9)
    at /opt/homebrew/lib/node_modules/markbind-cli/node_modules/@markbind/core/src/patches/nunjucks/load-event.js:145:7
    at next (/opt/homebrew/lib/node_modules/markbind-cli/node_modules/nunjucks/src/lib.js:258:7)
    at Object.asyncIter (/opt/homebrew/lib/node_modules/markbind-cli/node_modules/nunjucks/src/lib.js:263:3)
    at Environment.getTemplate (/opt/homebrew/lib/node_modules/markbind-cli/node_modules/@markbind/core/src/patches/nunjucks/load-event.js:127:7)
    at Environment.render (/opt/homebrew/lib/node_modules/markbind-cli/node_modules/@markbind/core/src/patches/nunjucks/context-overrides-frame.js:48:8)
    at VariableRenderer.renderFile (/opt/homebrew/lib/node_modules/markbind-cli/node_modules/@markbind/core/src/variables/VariableRenderer.js:73:24)
    at VariableProcessor.renderWithSiteVariables (/opt/homebrew/lib/node_modules/markbind-cli/node_modules/@markbind/core/src/variables/VariableProcessor.js:154:57)
    at VariableProcessor.renderIncludeFile (/opt/homebrew/lib/node_modules/markbind-cli/node_modules/@markbind/core/src/variables/VariableProcessor.js:231:38)
    at processInclude (/opt/homebrew/lib/node_modules/markbind-cli/node_modules/@markbind/core/src/html/includePanelProcessor.js:198:68)
2025-06-25T11:27:32.253Z - info: Site data built
2025-06-25T11:27:32.253Z - info: Pages rebuilt
2025-06-25T11:27:32.253Z - info: Website regeneration complete! Total build time: 0.203s
2025-06-25T11:27:48.769Z - info: [19:27:48] Reload for file change: /Users/damithch/Repos/nus-cs2103/cs2103-website-base/book/gitAndGithub/setRemote/cli-add-remote-fragment.md
2025-06-25T11:27:48.769Z - info: Synchronizing opened pages list before reload
2025-06-25T11:27:48.769Z - info: Current opened pages, from most-to-least recent:
2025-06-25T11:27:48.769Z - info: 1. book/gitAndGithub/trail/backingUpOnCloud/index
2025-06-25T11:27:49.781Z - info: Rebuilding 1 pages
2025-06-25T11:27:49.963Z - info: Site data built
2025-06-25T11:27:49.963Z - info: Pages rebuilt
2025-06-25T11:27:49.963Z - info: Website regeneration complete! Total build time: 0.184s
2025-06-25T11:27:58.217Z - info: [19:27:58] Reload for file change: /Users/damithch/Repos/nus-cs2103/cs2103-website-base/book/gitAndGithub/setRemote/cli-add-remote-fragment.md
2025-06-25T11:27:58.218Z - info: Synchronizing opened pages list before reload
2025-06-25T11:27:58.218Z - info: Current opened pages, from most-to-least recent:
2025-06-25T11:27:58.218Z - info: 1. book/gitAndGithub/trail/backingUpOnCloud/index
2025-06-25T11:27:59.231Z - info: Rebuilding 1 pages
2025-06-25T11:27:59.403Z - info: Site data built
2025-06-25T11:27:59.403Z - info: Pages rebuilt
2025-06-25T11:27:59.403Z - info: Website regeneration complete! Total build time: 0.173s
2025-06-25T11:28:20.568Z - info: [19:28:20] Reload for file change: /Users/damithch/Repos/nus-cs2103/cs2103-website-base/book/gitAndGithub/setRemote/cli-add-remote-fragment.md
2025-06-25T11:28:20.568Z - info: Synchronizing opened pages list before reload
2025-06-25T11:28:20.569Z - info: Current opened pages, from most-to-least recent:
2025-06-25T11:28:20.569Z - info: 1. book/gitAndGithub/trail/backingUpOnCloud/index
2025-06-25T11:28:21.581Z - info: Rebuilding 1 pages
2025-06-25T11:28:21.761Z - info: Site data built
2025-06-25T11:28:21.761Z - info: Pages rebuilt
2025-06-25T11:28:21.761Z - info: Website regeneration complete! Total build time: 0.182s
2025-06-25T11:30:17.064Z - info: [19:30:17] Reload for file change: /Users/damithch/Repos/nus-cs2103/cs2103-website-base/book/gitAndGithub/setRemote/cli-add-remote-fragment.md
2025-06-25T11:30:17.065Z - info: Synchronizing opened pages list before reload
2025-06-25T11:30:17.065Z - info: Current opened pages, from most-to-least recent:
2025-06-25T11:30:17.065Z - info: 1. book/gitAndGithub/trail/backingUpOnCloud/index
2025-06-25T11:30:18.077Z - info: Rebuilding 1 pages
2025-06-25T11:30:18.248Z - info: Site data built
2025-06-25T11:30:18.248Z - info: Pages rebuilt
2025-06-25T11:30:18.248Z - info: Website regeneration complete! Total build time: 0.172s
2025-06-25T11:30:48.708Z - info: [19:30:48] Reload for file change: /Users/damithch/Repos/nus-cs2103/cs2103-website-base/book/gitAndGithub/setRemote/cli-add-remote-fragment.md
2025-06-25T11:30:48.708Z - info: Synchronizing opened pages list before reload
2025-06-25T11:30:48.708Z - info: Current opened pages, from most-to-least recent:
2025-06-25T11:30:48.708Z - info: 1. book/gitAndGithub/trail/backingUpOnCloud/index
2025-06-25T11:30:49.723Z - info: Rebuilding 1 pages
2025-06-25T11:30:49.895Z - info: Site data built
2025-06-25T11:30:49.895Z - info: Pages rebuilt
2025-06-25T11:30:49.895Z - info: Website regeneration complete! Total build time: 0.173s
2025-06-25T11:31:29.632Z - info: [19:31:29] Reload for file change: /Users/damithch/Repos/nus-cs2103/cs2103-website-base/book/gitAndGithub/setRemote/cli-add-remote-fragment.md
2025-06-25T11:31:29.633Z - info: Synchronizing opened pages list before reload
2025-06-25T11:31:29.633Z - info: Current opened pages, from most-to-least recent:
2025-06-25T11:31:29.633Z - info: 1. book/gitAndGithub/trail/backingUpOnCloud/index
2025-06-25T11:31:30.639Z - info: Rebuilding 1 pages
2025-06-25T11:31:30.822Z - info: Site data built
2025-06-25T11:31:30.822Z - info: Pages rebuilt
2025-06-25T11:31:30.823Z - info: Website regeneration complete! Total build time: 0.185s
2025-06-25T11:32:27.860Z - info: [19:32:27] Reload for file change: /Users/damithch/Repos/nus-cs2103/cs2103-website-base/book/gitAndGithub/setRemote/cli-add-remote-fragment.md
2025-06-25T11:32:27.860Z - info: Synchronizing opened pages list before reload
2025-06-25T11:32:27.860Z - info: Current opened pages, from most-to-least recent:
2025-06-25T11:32:27.860Z - info: 1. book/gitAndGithub/trail/backingUpOnCloud/index
2025-06-25T11:32:28.863Z - info: Rebuilding 1 pages
2025-06-25T11:32:29.048Z - info: Site data built
2025-06-25T11:32:29.048Z - info: Pages rebuilt
2025-06-25T11:32:29.048Z - info: Website regeneration complete! Total build time: 0.187s
2025-06-25T11:33:54.729Z - info: [19:33:54] Reload for file change: /Users/damithch/Repos/nus-cs2103/cs2103-website-base/book/gitAndGithub/setRemote/sourcetree-add-remote-fragment.md
2025-06-25T11:33:54.730Z - info: Synchronizing opened pages list before reload
2025-06-25T11:33:54.731Z - info: Current opened pages, from most-to-least recent:
2025-06-25T11:33:54.731Z - info: 1. book/gitAndGithub/trail/backingUpOnCloud/index
2025-06-25T11:33:55.743Z - info: Rebuilding 1 pages
2025-06-25T11:33:55.971Z - info: Site data built
2025-06-25T11:33:55.971Z - info: Pages rebuilt
2025-06-25T11:33:55.971Z - info: Website regeneration complete! Total build time: 0.229s
2025-06-25T11:39:01.373Z - info: [19:39:01] Reload for file change: /Users/damithch/Repos/nus-cs2103/cs2103-website-base/book/gitAndGithub/setRemote/sourcetree-add-remote-fragment.md
2025-06-25T11:39:01.376Z - info: Synchronizing opened pages list before reload
2025-06-25T11:39:01.377Z - info: Current opened pages, from most-to-least recent:
2025-06-25T11:39:01.377Z - info: 1. book/gitAndGithub/trail/backingUpOnCloud/index
2025-06-25T11:39:02.394Z - info: Rebuilding 1 pages
2025-06-25T11:39:02.620Z - info: Site data built
2025-06-25T11:39:02.621Z - info: Pages rebuilt
2025-06-25T11:39:02.621Z - info: Website regeneration complete! Total build time: 0.233s
2025-06-25T11:40:30.986Z - info: [19:40:30] Reload for file change: /Users/damithch/Repos/nus-cs2103/cs2103-website-base/book/gitAndGithub/setRemote/sourcetree-add-remote-fragment.md
2025-06-25T11:40:30.991Z - info: Synchronizing opened pages list before reload
2025-06-25T11:40:30.994Z - info: Current opened pages, from most-to-least recent:
2025-06-25T11:40:30.994Z - info: 1. book/gitAndGithub/trail/backingUpOnCloud/index
2025-06-25T11:40:32.002Z - info: Rebuilding 1 pages
2025-06-25T11:40:32.188Z - info: Site data built
2025-06-25T11:40:32.188Z - info: Pages rebuilt
2025-06-25T11:40:32.188Z - info: Website regeneration complete! Total build time: 0.189s
2025-06-25T11:42:31.748Z - info: [19:42:31] Reload for file change: /Users/damithch/Repos/nus-cs2103/cs2103-website-base/book/gitAndGithub/setRemote/text.md
2025-06-25T11:42:31.750Z - info: Synchronizing opened pages list before reload
2025-06-25T11:42:31.751Z - info: Current opened pages, from most-to-least recent:
2025-06-25T11:42:31.751Z - info: 1. book/gitAndGithub/trail/backingUpOnCloud/index
2025-06-25T11:42:32.757Z - info: Rebuilding 1 pages
2025-06-25T11:42:32.945Z - info: Site data built
2025-06-25T11:42:32.945Z - info: Pages rebuilt
2025-06-25T11:42:32.945Z - info: Website regeneration complete! Total build time: 0.191s
2025-06-25T11:45:02.838Z - info: [19:45:02] Reload for file change: /Users/damithch/Repos/nus-cs2103/cs2103-website-base/book/gitAndGithub/setRemote/sourcetree-add-remote-fragment.md
2025-06-25T11:45:02.838Z - info: Synchronizing opened pages list before reload
2025-06-25T11:45:02.839Z - info: Current opened pages, from most-to-least recent:
2025-06-25T11:45:02.839Z - info: 1. book/gitAndGithub/trail/backingUpOnCloud/index
2025-06-25T11:45:03.845Z - info: Rebuilding 1 pages
2025-06-25T11:45:04.041Z - info: Site data built
2025-06-25T11:45:04.041Z - info: Pages rebuilt
2025-06-25T11:45:04.041Z - info: Website regeneration complete! Total build time: 0.198s
2025-06-25T11:59:08.366Z - info: Building /Users/damithch/Repos/nus-cs2103/cs2103-website-base/se-book-adapted/git-trail/index as some of its dependencies were changed since the last visit
2025-06-25T11:59:08.599Z - info: Site data built
2025-06-25T11:59:08.599Z - info: Lazy website regeneration complete! Total build time: 0.233s
2025-06-25T11:59:12.640Z - info: Building /Users/damithch/Repos/nus-cs2103/cs2103-website-base/book/gitAndGithub/trail/workingWithRemotes/index as some of its dependencies were changed since the last visit
2025-06-25T11:59:12.712Z - info: Site data built
2025-06-25T11:59:12.712Z - info: Lazy website regeneration complete! Total build time: 0.073s
