2025-06-22T17:30:23.325Z - info: Website generation (lazy) started at 01:30:22
2025-06-22T17:30:23.653Z - warn: ENOENT: no such file or directory, open '/Users/damithch/Repos/nus-cs2103/cs2103-website-base/node_modules/.cache/gh-pages/https!github.com!nus-cs2103-AY2526S1!website.git/book/_markbind/variables.md'
2025-06-22T17:30:23.654Z - warn: ENOENT: no such file or directory, open '/Users/damithch/Repos/nus-cs2103/cs2103-website-base/node_modules/.cache/gh-pages/https!github.com!nus-cs2103-AY2526S1!website.git/_markbind/variables.md'
2025-06-22T17:30:23.676Z - info: Building assets...
2025-06-22T17:30:25.632Z - info: Assets built
2025-06-22T17:30:25.632Z - info: Generating landing page...
2025-06-22T17:30:26.050Z - info: Landing page built, other pages will be built as you navigate to them!
2025-06-22T17:30:26.176Z - info: Site data built
2025-06-22T17:30:26.176Z - info: Website generation (lazy) complete! Total build time: 3.733s
2025-06-22T17:30:26.193Z - info: Serving "/Users/damithch/Repos/nus-cs2103/cs2103-website-base/_site" at http://127.0.0.1:8080
2025-06-22T17:30:26.194Z - info: Press CTRL+C to stop ...
2025-06-22T17:30:35.125Z - info: Building /Users/damithch/Repos/nus-cs2103/cs2103-website-base/se-book-adapted/git-trail/index as some of its dependencies were changed since the last visit
2025-06-22T17:30:35.324Z - info: Site data built
2025-06-22T17:30:35.324Z - info: Lazy website regeneration complete! Total build time: 0.2s
2025-06-22T17:30:37.582Z - info: Building /Users/damithch/Repos/nus-cs2103/cs2103-website-base/book/gitAndGithub/trail/recordingFolderHistory/index as some of its dependencies were changed since the last visit
2025-06-22T17:30:37.901Z - info: Site data built
2025-06-22T17:30:37.901Z - info: Lazy website regeneration complete! Total build time: 0.319s
2025-06-22T17:30:46.238Z - info: Building /Users/damithch/Repos/nus-cs2103/cs2103-website-base/book/gitAndGithub/commit/index as some of its dependencies were changed since the last visit
2025-06-22T17:30:46.268Z - warn: Empty reference in /Users/damithch/Repos/nus-cs2103/cs2103-website-base/book/gitAndGithub/commit/unit-inElsewhere-asFlat.md:
Segment '#title' in file: /Users/damithch/Repos/nus-cs2103/cs2103-website-base/book/gitAndGithub/commit/text.md is empty
2025-06-22T17:30:46.380Z - info: Site data built
2025-06-22T17:30:46.381Z - info: Lazy website regeneration complete! Total build time: 0.142s
2025-06-22T17:33:05.313Z - info: [01:33:05] Reload for file change: /Users/damithch/Repos/nus-cs2103/cs2103-website-base/book/gitAndGithub/commit/text.md
2025-06-22T17:33:05.315Z - info: Synchronizing opened pages list before reload
2025-06-22T17:33:05.317Z - info: Current opened pages, from most-to-least recent:
2025-06-22T17:33:05.318Z - info: 1. book/gitAndGithub/commit/index
2025-06-22T17:33:05.321Z - info: 2. book/gitAndGithub/trail/recordingFolderHistory/index
2025-06-22T17:33:06.330Z - info: Rebuilding 2 pages
2025-06-22T17:33:06.367Z - warn: Empty reference in /Users/damithch/Repos/nus-cs2103/cs2103-website-base/book/gitAndGithub/commit/unit-inElsewhere-asFlat.md:
Segment '#title' in file: /Users/damithch/Repos/nus-cs2103/cs2103-website-base/book/gitAndGithub/commit/text.md is empty
2025-06-22T17:33:06.672Z - info: Site data built
2025-06-22T17:33:06.673Z - info: Pages rebuilt
2025-06-22T17:33:06.673Z - info: Website regeneration complete! Total build time: 0.346s
2025-06-22T17:37:11.256Z - info: [01:37:11] Reload for file change: /Users/damithch/Repos/nus-cs2103/cs2103-website-base/book/gitAndGithub/commit/cli_1.md
2025-06-22T17:37:11.266Z - info: Synchronizing opened pages list before reload
2025-06-22T17:37:11.272Z - info: Current opened pages, from most-to-least recent:
2025-06-22T17:37:11.272Z - info: 1. book/gitAndGithub/commit/index
2025-06-22T17:37:11.272Z - info: 2. book/gitAndGithub/trail/recordingFolderHistory/index
2025-06-22T17:37:12.278Z - info: Rebuilding 2 pages
2025-06-22T17:37:12.320Z - warn: Empty reference in /Users/damithch/Repos/nus-cs2103/cs2103-website-base/book/gitAndGithub/commit/unit-inElsewhere-asFlat.md:
Segment '#title' in file: /Users/damithch/Repos/nus-cs2103/cs2103-website-base/book/gitAndGithub/commit/text.md is empty
2025-06-22T17:37:12.327Z - error:  Template render error: (/Users/damithch/Repos/nus-cs2103/cs2103-website-base/book/gitAndGithub/commit/cli_1.md) [Line 7, Column 19]
  Template render error: (/Users/damithch/Repos/nus-cs2103/cs2103-website-base/book/gitAndGithub/commit/cli_1.md)
  Error: Unable to call `show_output`, which is undefined or falsey
    at Object._prettifyError (/opt/homebrew/lib/node_modules/markbind-cli/node_modules/nunjucks/src/lib.js:32:11)
    at /opt/homebrew/lib/node_modules/markbind-cli/node_modules/@markbind/core/src/patches/nunjucks/context-overrides-frame.js:383:17
    at Template.root [as rootRenderFunc] (eval at _compile (/opt/homebrew/lib/node_modules/markbind-cli/node_modules/nunjucks/src/environment.js:527:18), <anonymous>:51:3)
    at Template.render (/opt/homebrew/lib/node_modules/markbind-cli/node_modules/@markbind/core/src/patches/nunjucks/context-overrides-frame.js:372:8)
    at /opt/homebrew/lib/node_modules/markbind-cli/node_modules/@markbind/core/src/patches/nunjucks/context-overrides-frame.js:54:25
    at createTemplate (/opt/homebrew/lib/node_modules/markbind-cli/node_modules/@markbind/core/src/patches/nunjucks/load-event.js:121:7)
    at handle (/opt/homebrew/lib/node_modules/markbind-cli/node_modules/@markbind/core/src/patches/nunjucks/load-event.js:133:9)
    at /opt/homebrew/lib/node_modules/markbind-cli/node_modules/@markbind/core/src/patches/nunjucks/load-event.js:145:7
    at next (/opt/homebrew/lib/node_modules/markbind-cli/node_modules/nunjucks/src/lib.js:258:7)
    at Object.asyncIter (/opt/homebrew/lib/node_modules/markbind-cli/node_modules/nunjucks/src/lib.js:263:3)
    at Environment.getTemplate (/opt/homebrew/lib/node_modules/markbind-cli/node_modules/@markbind/core/src/patches/nunjucks/load-event.js:127:7)
    at Environment.render (/opt/homebrew/lib/node_modules/markbind-cli/node_modules/@markbind/core/src/patches/nunjucks/context-overrides-frame.js:48:8)
    at VariableRenderer.renderFile (/opt/homebrew/lib/node_modules/markbind-cli/node_modules/@markbind/core/src/variables/VariableRenderer.js:73:24)
    at VariableProcessor.renderWithSiteVariables (/opt/homebrew/lib/node_modules/markbind-cli/node_modules/@markbind/core/src/variables/VariableProcessor.js:154:57)
    at VariableProcessor.renderIncludeFile (/opt/homebrew/lib/node_modules/markbind-cli/node_modules/@markbind/core/src/variables/VariableProcessor.js:231:38)
    at processInclude (/opt/homebrew/lib/node_modules/markbind-cli/node_modules/@markbind/core/src/html/includePanelProcessor.js:198:68)
2025-06-22T17:37:12.476Z - error:  Template render error: (/Users/damithch/Repos/nus-cs2103/cs2103-website-base/book/gitAndGithub/commit/cli_1.md) [Line 7, Column 19]
  Template render error: (/Users/damithch/Repos/nus-cs2103/cs2103-website-base/book/gitAndGithub/commit/cli_1.md)
  Error: Unable to call `show_output`, which is undefined or falsey
    at Object._prettifyError (/opt/homebrew/lib/node_modules/markbind-cli/node_modules/nunjucks/src/lib.js:32:11)
    at /opt/homebrew/lib/node_modules/markbind-cli/node_modules/@markbind/core/src/patches/nunjucks/context-overrides-frame.js:383:17
    at Template.root [as rootRenderFunc] (eval at _compile (/opt/homebrew/lib/node_modules/markbind-cli/node_modules/nunjucks/src/environment.js:527:18), <anonymous>:51:3)
    at Template.render (/opt/homebrew/lib/node_modules/markbind-cli/node_modules/@markbind/core/src/patches/nunjucks/context-overrides-frame.js:372:8)
    at /opt/homebrew/lib/node_modules/markbind-cli/node_modules/@markbind/core/src/patches/nunjucks/context-overrides-frame.js:54:25
    at Environment.getTemplate (/opt/homebrew/lib/node_modules/markbind-cli/node_modules/@markbind/core/src/patches/nunjucks/load-event.js:85:7)
    at Environment.render (/opt/homebrew/lib/node_modules/markbind-cli/node_modules/@markbind/core/src/patches/nunjucks/context-overrides-frame.js:48:8)
    at VariableRenderer.renderFile (/opt/homebrew/lib/node_modules/markbind-cli/node_modules/@markbind/core/src/variables/VariableRenderer.js:73:24)
    at VariableProcessor.renderWithSiteVariables (/opt/homebrew/lib/node_modules/markbind-cli/node_modules/@markbind/core/src/variables/VariableProcessor.js:154:57)
    at VariableProcessor.renderIncludeFile (/opt/homebrew/lib/node_modules/markbind-cli/node_modules/@markbind/core/src/variables/VariableProcessor.js:231:38)
    at processInclude (/opt/homebrew/lib/node_modules/markbind-cli/node_modules/@markbind/core/src/html/includePanelProcessor.js:198:68)
    at NodeProcessor.processNode (/opt/homebrew/lib/node_modules/markbind-cli/node_modules/@markbind/core/src/html/NodeProcessor.js:173:71)
    at NodeProcessor.traverse (/opt/homebrew/lib/node_modules/markbind-cli/node_modules/@markbind/core/src/html/NodeProcessor.js:345:24)
    at /opt/homebrew/lib/node_modules/markbind-cli/node_modules/@markbind/core/src/html/NodeProcessor.js:349:22
    at Array.forEach (<anonymous>)
    at NodeProcessor.traverse (/opt/homebrew/lib/node_modules/markbind-cli/node_modules/@markbind/core/src/html/NodeProcessor.js:348:27)
2025-06-22T17:37:12.625Z - info: Site data built
2025-06-22T17:37:12.625Z - info: Pages rebuilt
2025-06-22T17:37:12.625Z - info: Website regeneration complete! Total build time: 0.349s
2025-06-22T17:37:24.602Z - info: [01:37:24] Reload for file change: /Users/damithch/Repos/nus-cs2103/cs2103-website-base/book/gitAndGithub/commit/cli_1.md
2025-06-22T17:37:24.603Z - info: Synchronizing opened pages list before reload
2025-06-22T17:37:24.603Z - info: Current opened pages, from most-to-least recent:
2025-06-22T17:37:24.603Z - info: 1. book/gitAndGithub/commit/index
2025-06-22T17:37:24.603Z - info: 2. book/gitAndGithub/trail/recordingFolderHistory/index
2025-06-22T17:37:25.619Z - info: Rebuilding 2 pages
2025-06-22T17:37:25.641Z - warn: Empty reference in /Users/damithch/Repos/nus-cs2103/cs2103-website-base/book/gitAndGithub/commit/unit-inElsewhere-asFlat.md:
Segment '#title' in file: /Users/damithch/Repos/nus-cs2103/cs2103-website-base/book/gitAndGithub/commit/text.md is empty
2025-06-22T17:37:25.962Z - info: Site data built
2025-06-22T17:37:25.963Z - info: Pages rebuilt
2025-06-22T17:37:25.963Z - info: Website regeneration complete! Total build time: 0.346s
2025-06-22T17:38:05.683Z - info: [01:38:05] Reload for file change: /Users/damithch/Repos/nus-cs2103/cs2103-website-base/book/gitAndGithub/commit/cli_1.md
2025-06-22T17:38:05.683Z - info: Synchronizing opened pages list before reload
2025-06-22T17:38:05.683Z - info: Current opened pages, from most-to-least recent:
2025-06-22T17:38:05.683Z - info: 1. book/gitAndGithub/commit/index
2025-06-22T17:38:05.683Z - info: 2. book/gitAndGithub/trail/recordingFolderHistory/index
2025-06-22T17:38:06.698Z - info: Rebuilding 2 pages
2025-06-22T17:38:06.722Z - warn: Empty reference in /Users/damithch/Repos/nus-cs2103/cs2103-website-base/book/gitAndGithub/commit/unit-inElsewhere-asFlat.md:
Segment '#title' in file: /Users/damithch/Repos/nus-cs2103/cs2103-website-base/book/gitAndGithub/commit/text.md is empty
2025-06-22T17:38:07.025Z - info: Site data built
2025-06-22T17:38:07.025Z - info: Pages rebuilt
2025-06-22T17:38:07.025Z - info: Website regeneration complete! Total build time: 0.329s
2025-06-22T17:39:30.852Z - info: [01:39:30] Reload for file change: /Users/damithch/Repos/nus-cs2103/cs2103-website-base/book/gitAndGithub/commit/cli_1.md
2025-06-22T17:39:30.856Z - info: Synchronizing opened pages list before reload
2025-06-22T17:39:30.858Z - info: Current opened pages, from most-to-least recent:
2025-06-22T17:39:30.858Z - info: 1. book/gitAndGithub/commit/index
2025-06-22T17:39:30.858Z - info: 2. book/gitAndGithub/trail/recordingFolderHistory/index
2025-06-22T17:39:31.873Z - info: Rebuilding 2 pages
2025-06-22T17:39:31.902Z - warn: Empty reference in /Users/damithch/Repos/nus-cs2103/cs2103-website-base/book/gitAndGithub/commit/unit-inElsewhere-asFlat.md:
Segment '#title' in file: /Users/damithch/Repos/nus-cs2103/cs2103-website-base/book/gitAndGithub/commit/text.md is empty
2025-06-22T17:39:32.201Z - info: Site data built
2025-06-22T17:39:32.201Z - info: Pages rebuilt
2025-06-22T17:39:32.201Z - info: Website regeneration complete! Total build time: 0.335s
2025-06-22T17:40:20.602Z - info: [01:40:20] Reload for file change: /Users/damithch/Repos/nus-cs2103/cs2103-website-base/book/gitAndGithub/commit/cli_1.md
2025-06-22T17:40:20.603Z - info: Synchronizing opened pages list before reload
2025-06-22T17:40:20.604Z - info: Current opened pages, from most-to-least recent:
2025-06-22T17:40:20.604Z - info: 1. book/gitAndGithub/commit/index
2025-06-22T17:40:20.604Z - info: 2. book/gitAndGithub/trail/recordingFolderHistory/index
2025-06-22T17:40:21.619Z - info: Rebuilding 2 pages
2025-06-22T17:40:21.650Z - warn: Empty reference in /Users/damithch/Repos/nus-cs2103/cs2103-website-base/book/gitAndGithub/commit/unit-inElsewhere-asFlat.md:
Segment '#title' in file: /Users/damithch/Repos/nus-cs2103/cs2103-website-base/book/gitAndGithub/commit/text.md is empty
2025-06-22T17:40:21.943Z - info: Site data built
2025-06-22T17:40:21.943Z - info: Pages rebuilt
2025-06-22T17:40:21.943Z - info: Website regeneration complete! Total build time: 0.326s
2025-06-22T17:42:06.493Z - info: [01:42:06] Reload for file change: /Users/damithch/Repos/nus-cs2103/cs2103-website-base/book/gitAndGithub/commit/cli_1.md
2025-06-22T17:42:06.495Z - info: Synchronizing opened pages list before reload
2025-06-22T17:42:06.496Z - info: Current opened pages, from most-to-least recent:
2025-06-22T17:42:06.497Z - info: 1. book/gitAndGithub/commit/index
2025-06-22T17:42:06.497Z - info: 2. book/gitAndGithub/trail/recordingFolderHistory/index
2025-06-22T17:42:07.509Z - info: Rebuilding 2 pages
2025-06-22T17:42:07.549Z - warn: Empty reference in /Users/damithch/Repos/nus-cs2103/cs2103-website-base/book/gitAndGithub/commit/unit-inElsewhere-asFlat.md:
Segment '#title' in file: /Users/damithch/Repos/nus-cs2103/cs2103-website-base/book/gitAndGithub/commit/text.md is empty
2025-06-22T17:42:07.852Z - info: Site data built
2025-06-22T17:42:07.852Z - info: Pages rebuilt
2025-06-22T17:42:07.852Z - info: Website regeneration complete! Total build time: 0.347s
2025-06-22T17:42:57.069Z - info: [01:42:57] Reload for file change: /Users/damithch/Repos/nus-cs2103/cs2103-website-base/book/gitAndGithub/commit/cli_1.md
2025-06-22T17:42:57.070Z - info: Synchronizing opened pages list before reload
2025-06-22T17:42:57.070Z - info: Current opened pages, from most-to-least recent:
2025-06-22T17:42:57.070Z - info: 1. book/gitAndGithub/commit/index
2025-06-22T17:42:57.070Z - info: 2. book/gitAndGithub/trail/recordingFolderHistory/index
2025-06-22T17:42:58.083Z - info: Rebuilding 2 pages
2025-06-22T17:42:58.114Z - warn: Empty reference in /Users/damithch/Repos/nus-cs2103/cs2103-website-base/book/gitAndGithub/commit/unit-inElsewhere-asFlat.md:
Segment '#title' in file: /Users/damithch/Repos/nus-cs2103/cs2103-website-base/book/gitAndGithub/commit/text.md is empty
2025-06-22T17:42:58.415Z - info: Site data built
2025-06-22T17:42:58.415Z - info: Pages rebuilt
2025-06-22T17:42:58.415Z - info: Website regeneration complete! Total build time: 0.334s
2025-06-22T17:43:09.283Z - info: [01:43:09] Reload for file change: /Users/damithch/Repos/nus-cs2103/cs2103-website-base/book/gitAndGithub/commit/cli_1.md
2025-06-22T17:43:09.284Z - info: Synchronizing opened pages list before reload
2025-06-22T17:43:09.284Z - info: Current opened pages, from most-to-least recent:
2025-06-22T17:43:09.284Z - info: 1. book/gitAndGithub/commit/index
2025-06-22T17:43:09.284Z - info: 2. book/gitAndGithub/trail/recordingFolderHistory/index
2025-06-22T17:43:10.291Z - info: Rebuilding 2 pages
2025-06-22T17:43:10.319Z - warn: Empty reference in /Users/damithch/Repos/nus-cs2103/cs2103-website-base/book/gitAndGithub/commit/unit-inElsewhere-asFlat.md:
Segment '#title' in file: /Users/damithch/Repos/nus-cs2103/cs2103-website-base/book/gitAndGithub/commit/text.md is empty
2025-06-22T17:43:10.611Z - info: Site data built
2025-06-22T17:43:10.611Z - info: Pages rebuilt
2025-06-22T17:43:10.611Z - info: Website regeneration complete! Total build time: 0.321s
2025-06-22T17:43:36.940Z - info: [01:43:36] Reload for file change: /Users/damithch/Repos/nus-cs2103/cs2103-website-base/book/gitAndGithub/commit/cli_1.md
2025-06-22T17:43:36.942Z - info: Synchronizing opened pages list before reload
2025-06-22T17:43:36.942Z - info: Current opened pages, from most-to-least recent:
2025-06-22T17:43:36.942Z - info: 1. book/gitAndGithub/commit/index
2025-06-22T17:43:36.942Z - info: 2. book/gitAndGithub/trail/recordingFolderHistory/index
2025-06-22T17:43:37.949Z - info: Rebuilding 2 pages
2025-06-22T17:43:37.989Z - warn: Empty reference in /Users/damithch/Repos/nus-cs2103/cs2103-website-base/book/gitAndGithub/commit/unit-inElsewhere-asFlat.md:
Segment '#title' in file: /Users/damithch/Repos/nus-cs2103/cs2103-website-base/book/gitAndGithub/commit/text.md is empty
2025-06-22T17:43:38.325Z - info: Site data built
2025-06-22T17:43:38.325Z - info: Pages rebuilt
2025-06-22T17:43:38.325Z - info: Website regeneration complete! Total build time: 0.378s
2025-06-22T17:54:12.914Z - info: [01:54:12] Reload for file change: /Users/damithch/Repos/nus-cs2103/cs2103-website-base/book/gitAndGithub/commit/text.md
2025-06-22T17:54:12.915Z - info: Synchronizing opened pages list before reload
2025-06-22T17:54:12.915Z - info: Current opened pages, from most-to-least recent:
2025-06-22T17:54:12.916Z - info: 1. book/gitAndGithub/commit/index
2025-06-22T17:54:12.916Z - info: 2. book/gitAndGithub/trail/recordingFolderHistory/index
2025-06-22T17:54:13.926Z - info: Rebuilding 2 pages
2025-06-22T17:54:13.954Z - warn: Empty reference in /Users/damithch/Repos/nus-cs2103/cs2103-website-base/book/gitAndGithub/commit/unit-inElsewhere-asFlat.md:
Segment '#title' in file: /Users/damithch/Repos/nus-cs2103/cs2103-website-base/book/gitAndGithub/commit/text.md is empty
2025-06-22T17:54:14.257Z - info: Site data built
2025-06-22T17:54:14.257Z - info: Pages rebuilt
2025-06-22T17:54:14.257Z - info: Website regeneration complete! Total build time: 0.333s
2025-06-22T17:57:28.591Z - info: [01:57:28] Reload for file change: /Users/damithch/Repos/nus-cs2103/cs2103-website-base/book/gitAndGithub/commit/text.md
2025-06-22T17:57:28.594Z - info: Synchronizing opened pages list before reload
2025-06-22T17:57:28.594Z - info: Current opened pages, from most-to-least recent:
2025-06-22T17:57:28.595Z - info: 1. book/gitAndGithub/commit/index
2025-06-22T17:57:28.595Z - info: 2. book/gitAndGithub/trail/recordingFolderHistory/index
2025-06-22T17:57:29.635Z - info: Rebuilding 2 pages
2025-06-22T17:57:29.673Z - warn: Empty reference in /Users/damithch/Repos/nus-cs2103/cs2103-website-base/book/gitAndGithub/commit/unit-inElsewhere-asFlat.md:
Segment '#title' in file: /Users/damithch/Repos/nus-cs2103/cs2103-website-base/book/gitAndGithub/commit/text.md is empty
2025-06-22T17:57:29.966Z - info: Site data built
2025-06-22T17:57:29.966Z - info: Pages rebuilt
2025-06-22T17:57:29.967Z - info: Website regeneration complete! Total build time: 0.335s
2025-06-22T18:02:09.128Z - info: [02:02:09] Reload for file change: /Users/damithch/Repos/nus-cs2103/cs2103-website-base/book/gitAndGithub/commit/text.md
2025-06-22T18:02:09.130Z - info: Synchronizing opened pages list before reload
2025-06-22T18:02:09.130Z - info: Current opened pages, from most-to-least recent:
2025-06-22T18:02:09.130Z - info: 1. book/gitAndGithub/commit/index
2025-06-22T18:02:09.130Z - info: 2. book/gitAndGithub/trail/recordingFolderHistory/index
2025-06-22T18:02:10.141Z - info: Rebuilding 2 pages
2025-06-22T18:02:10.180Z - warn: Empty reference in /Users/damithch/Repos/nus-cs2103/cs2103-website-base/book/gitAndGithub/commit/unit-inElsewhere-asFlat.md:
Segment '#title' in file: /Users/damithch/Repos/nus-cs2103/cs2103-website-base/book/gitAndGithub/commit/text.md is empty
2025-06-22T18:02:10.486Z - info: Site data built
2025-06-22T18:02:10.486Z - info: Pages rebuilt
2025-06-22T18:02:10.486Z - info: Website regeneration complete! Total build time: 0.348s
2025-06-22T18:04:51.847Z - info: [02:04:51] Reload for file change: /Users/damithch/Repos/nus-cs2103/cs2103-website-base/book/gitAndGithub/commit/text.md
2025-06-22T18:04:51.858Z - info: Synchronizing opened pages list before reload
2025-06-22T18:04:51.862Z - info: Current opened pages, from most-to-least recent:
2025-06-22T18:04:51.862Z - info: 1. book/gitAndGithub/commit/index
2025-06-22T18:04:51.863Z - info: 2. book/gitAndGithub/trail/recordingFolderHistory/index
2025-06-22T18:04:52.873Z - info: Rebuilding 2 pages
2025-06-22T18:04:52.899Z - warn: Empty reference in /Users/damithch/Repos/nus-cs2103/cs2103-website-base/book/gitAndGithub/commit/unit-inElsewhere-asFlat.md:
Segment '#title' in file: /Users/damithch/Repos/nus-cs2103/cs2103-website-base/book/gitAndGithub/commit/text.md is empty
2025-06-22T18:04:53.214Z - info: Site data built
2025-06-22T18:04:53.214Z - info: Pages rebuilt
2025-06-22T18:04:53.214Z - info: Website regeneration complete! Total build time: 0.343s
2025-06-22T18:05:41.110Z - info: [02:05:41] Reload for file change: /Users/damithch/Repos/nus-cs2103/cs2103-website-base/book/gitAndGithub/commit/text.md
2025-06-22T18:05:41.111Z - info: Synchronizing opened pages list before reload
2025-06-22T18:05:41.112Z - info: Current opened pages, from most-to-least recent:
2025-06-22T18:05:41.112Z - info: 1. book/gitAndGithub/commit/index
2025-06-22T18:05:41.112Z - info: 2. book/gitAndGithub/trail/recordingFolderHistory/index
2025-06-22T18:05:42.121Z - info: Rebuilding 2 pages
2025-06-22T18:05:42.156Z - warn: Empty reference in /Users/damithch/Repos/nus-cs2103/cs2103-website-base/book/gitAndGithub/commit/unit-inElsewhere-asFlat.md:
Segment '#title' in file: /Users/damithch/Repos/nus-cs2103/cs2103-website-base/book/gitAndGithub/commit/text.md is empty
2025-06-22T18:05:42.492Z - info: Site data built
2025-06-22T18:05:42.492Z - info: Pages rebuilt
2025-06-22T18:05:42.492Z - info: Website regeneration complete! Total build time: 0.375s
2025-06-22T18:06:07.492Z - info: [02:06:07] Reload for file change: /Users/damithch/Repos/nus-cs2103/cs2103-website-base/book/gitAndGithub/commit/text.md
2025-06-22T18:06:07.493Z - info: Synchronizing opened pages list before reload
2025-06-22T18:06:07.494Z - info: Current opened pages, from most-to-least recent:
2025-06-22T18:06:07.494Z - info: 1. book/gitAndGithub/commit/index
2025-06-22T18:06:07.495Z - info: 2. book/gitAndGithub/trail/recordingFolderHistory/index
2025-06-22T18:06:08.509Z - info: Rebuilding 2 pages
2025-06-22T18:06:08.539Z - warn: Empty reference in /Users/damithch/Repos/nus-cs2103/cs2103-website-base/book/gitAndGithub/commit/unit-inElsewhere-asFlat.md:
Segment '#title' in file: /Users/damithch/Repos/nus-cs2103/cs2103-website-base/book/gitAndGithub/commit/text.md is empty
2025-06-22T18:06:08.866Z - info: Site data built
2025-06-22T18:06:08.866Z - info: Pages rebuilt
2025-06-22T18:06:08.866Z - info: Website regeneration complete! Total build time: 0.359s
2025-06-22T18:06:50.657Z - info: [02:06:50] Reload for file change: /Users/damithch/Repos/nus-cs2103/cs2103-website-base/book/gitAndGithub/commit/text.md
2025-06-22T18:06:50.668Z - info: Synchronizing opened pages list before reload
2025-06-22T18:06:50.669Z - info: Current opened pages, from most-to-least recent:
2025-06-22T18:06:50.669Z - info: 1. book/gitAndGithub/commit/index
2025-06-22T18:06:50.669Z - info: 2. book/gitAndGithub/trail/recordingFolderHistory/index
2025-06-22T18:06:51.682Z - info: Rebuilding 2 pages
2025-06-22T18:06:51.718Z - warn: Empty reference in /Users/damithch/Repos/nus-cs2103/cs2103-website-base/book/gitAndGithub/commit/unit-inElsewhere-asFlat.md:
Segment '#title' in file: /Users/damithch/Repos/nus-cs2103/cs2103-website-base/book/gitAndGithub/commit/text.md is empty
2025-06-22T18:06:52.021Z - info: Site data built
2025-06-22T18:06:52.021Z - info: Pages rebuilt
2025-06-22T18:06:52.021Z - info: Website regeneration complete! Total build time: 0.343s
2025-06-22T18:07:39.538Z - info: [02:07:39] Reload for file change: /Users/damithch/Repos/nus-cs2103/cs2103-website-base/book/gitAndGithub/commit/text.md
2025-06-22T18:07:39.575Z - info: Synchronizing opened pages list before reload
2025-06-22T18:07:39.582Z - info: Current opened pages, from most-to-least recent:
2025-06-22T18:07:39.582Z - info: 1. book/gitAndGithub/commit/index
2025-06-22T18:07:39.583Z - info: 2. book/gitAndGithub/trail/recordingFolderHistory/index
2025-06-22T18:07:40.593Z - info: Rebuilding 2 pages
2025-06-22T18:07:40.634Z - warn: Empty reference in /Users/damithch/Repos/nus-cs2103/cs2103-website-base/book/gitAndGithub/commit/unit-inElsewhere-asFlat.md:
Segment '#title' in file: /Users/damithch/Repos/nus-cs2103/cs2103-website-base/book/gitAndGithub/commit/text.md is empty
2025-06-22T18:07:40.938Z - info: Site data built
2025-06-22T18:07:40.938Z - info: Pages rebuilt
2025-06-22T18:07:40.938Z - info: Website regeneration complete! Total build time: 0.348s
2025-06-22T18:09:41.613Z - info: [02:09:41] Reload for file change: /Users/damithch/Repos/nus-cs2103/cs2103-website-base/book/gitAndGithub/commit/text.md
2025-06-22T18:09:41.615Z - info: Synchronizing opened pages list before reload
2025-06-22T18:09:41.616Z - info: Current opened pages, from most-to-least recent:
2025-06-22T18:09:41.616Z - info: 1. book/gitAndGithub/commit/index
2025-06-22T18:09:41.616Z - info: 2. book/gitAndGithub/trail/recordingFolderHistory/index
2025-06-22T18:09:42.623Z - info: Rebuilding 2 pages
2025-06-22T18:09:42.652Z - warn: Empty reference in /Users/damithch/Repos/nus-cs2103/cs2103-website-base/book/gitAndGithub/commit/unit-inElsewhere-asFlat.md:
Segment '#title' in file: /Users/damithch/Repos/nus-cs2103/cs2103-website-base/book/gitAndGithub/commit/text.md is empty
2025-06-22T18:09:42.949Z - info: Site data built
2025-06-22T18:09:42.949Z - info: Pages rebuilt
2025-06-22T18:09:42.949Z - info: Website regeneration complete! Total build time: 0.327s
2025-06-22T18:11:29.659Z - info: [02:11:29] Reload for file change: /Users/damithch/Repos/nus-cs2103/cs2103-website-base/book/gitAndGithub/commit/text.md
2025-06-22T18:11:29.660Z - info: Synchronizing opened pages list before reload
2025-06-22T18:11:29.660Z - info: Current opened pages, from most-to-least recent:
2025-06-22T18:11:29.660Z - info: 1. book/gitAndGithub/commit/index
2025-06-22T18:11:29.660Z - info: 2. book/gitAndGithub/trail/recordingFolderHistory/index
2025-06-22T18:11:30.668Z - info: Rebuilding 2 pages
2025-06-22T18:11:30.695Z - warn: Empty reference in /Users/damithch/Repos/nus-cs2103/cs2103-website-base/book/gitAndGithub/commit/unit-inElsewhere-asFlat.md:
Segment '#title' in file: /Users/damithch/Repos/nus-cs2103/cs2103-website-base/book/gitAndGithub/commit/text.md is empty
2025-06-22T18:11:30.989Z - info: Site data built
2025-06-22T18:11:30.989Z - info: Pages rebuilt
2025-06-22T18:11:30.989Z - info: Website regeneration complete! Total build time: 0.323s
2025-06-22T18:11:56.883Z - info: [02:11:56] Reload for file change: /Users/damithch/Repos/nus-cs2103/cs2103-website-base/book/gitAndGithub/commit/text.md
2025-06-22T18:11:56.884Z - info: Synchronizing opened pages list before reload
2025-06-22T18:11:56.884Z - info: Current opened pages, from most-to-least recent:
2025-06-22T18:11:56.884Z - info: 1. book/gitAndGithub/commit/index
2025-06-22T18:11:56.884Z - info: 2. book/gitAndGithub/trail/recordingFolderHistory/index
2025-06-22T18:11:57.899Z - info: Rebuilding 2 pages
2025-06-22T18:11:57.922Z - warn: Empty reference in /Users/damithch/Repos/nus-cs2103/cs2103-website-base/book/gitAndGithub/commit/unit-inElsewhere-asFlat.md:
Segment '#title' in file: /Users/damithch/Repos/nus-cs2103/cs2103-website-base/book/gitAndGithub/commit/text.md is empty
2025-06-22T18:11:58.209Z - info: Site data built
2025-06-22T18:11:58.209Z - info: Pages rebuilt
2025-06-22T18:11:58.209Z - info: Website regeneration complete! Total build time: 0.312s
2025-06-22T18:21:27.348Z - info: [02:21:27] Reload for file change: /Users/damithch/Repos/nus-cs2103/cs2103-website-base/book/gitAndGithub/commit/text.md
2025-06-22T18:21:27.350Z - info: Synchronizing opened pages list before reload
2025-06-22T18:21:27.366Z - info: Current opened pages, from most-to-least recent:
2025-06-22T18:21:27.366Z - info: 1. book/gitAndGithub/commit/index
2025-06-22T18:21:27.366Z - info: 2. book/gitAndGithub/trail/recordingFolderHistory/index
2025-06-22T18:21:28.410Z - info: Rebuilding 2 pages
2025-06-22T18:21:28.452Z - warn: Empty reference in /Users/damithch/Repos/nus-cs2103/cs2103-website-base/book/gitAndGithub/commit/unit-inElsewhere-asFlat.md:
Segment '#title' in file: /Users/damithch/Repos/nus-cs2103/cs2103-website-base/book/gitAndGithub/commit/text.md is empty
2025-06-22T18:21:28.767Z - info: Site data built
2025-06-22T18:21:28.767Z - info: Pages rebuilt
2025-06-22T18:21:28.767Z - info: Website regeneration complete! Total build time: 0.362s
2025-06-22T18:21:45.444Z - info: [02:21:45] Reload for file change: /Users/damithch/Repos/nus-cs2103/cs2103-website-base/book/gitAndGithub/commit/text.md
2025-06-22T18:21:45.445Z - info: Synchronizing opened pages list before reload
2025-06-22T18:21:45.445Z - info: Current opened pages, from most-to-least recent:
2025-06-22T18:21:45.445Z - info: 1. book/gitAndGithub/commit/index
2025-06-22T18:21:45.445Z - info: 2. book/gitAndGithub/trail/recordingFolderHistory/index
2025-06-22T18:21:45.530Z - info: [02:21:45] Reload for file change: /Users/damithch/Repos/nus-cs2103/cs2103-website-base/book/gitAndGithub/commit/text.md
2025-06-22T18:21:45.531Z - info: Synchronizing opened pages list before reload
2025-06-22T18:21:45.531Z - info: Current opened pages, from most-to-least recent:
2025-06-22T18:21:45.531Z - info: 1. book/gitAndGithub/commit/index
2025-06-22T18:21:45.531Z - info: 2. book/gitAndGithub/trail/recordingFolderHistory/index
2025-06-22T18:21:46.452Z - info: Rebuilding 2 pages
2025-06-22T18:21:46.480Z - warn: Empty reference in /Users/damithch/Repos/nus-cs2103/cs2103-website-base/book/gitAndGithub/commit/unit-inElsewhere-asFlat.md:
Segment '#title' in file: /Users/damithch/Repos/nus-cs2103/cs2103-website-base/book/gitAndGithub/commit/text.md is empty
2025-06-22T18:21:46.799Z - info: Site data built
2025-06-22T18:21:46.799Z - info: Pages rebuilt
2025-06-22T18:21:46.799Z - info: Website regeneration complete! Total build time: 0.351s
2025-06-22T18:25:07.970Z - info: [02:25:07] Reload for file change: /Users/damithch/Repos/nus-cs2103/cs2103-website-base/book/gitAndGithub/commit/cli_3.md
2025-06-22T18:25:07.973Z - info: Synchronizing opened pages list before reload
2025-06-22T18:25:07.974Z - info: Current opened pages, from most-to-least recent:
2025-06-22T18:25:07.975Z - info: 1. book/gitAndGithub/commit/index
2025-06-22T18:25:07.975Z - info: 2. book/gitAndGithub/trail/recordingFolderHistory/index
2025-06-22T18:25:07.978Z - info: [02:25:07] Reload for file change: /Users/damithch/Repos/nus-cs2103/cs2103-website-base/book/gitAndGithub/commit/cli_6.md
2025-06-22T18:25:07.979Z - info: Synchronizing opened pages list before reload
2025-06-22T18:25:07.979Z - info: Current opened pages, from most-to-least recent:
2025-06-22T18:25:07.979Z - info: 1. book/gitAndGithub/commit/index
2025-06-22T18:25:07.979Z - info: 2. book/gitAndGithub/trail/recordingFolderHistory/index
2025-06-22T18:25:07.980Z - info: [02:25:07] Reload for file change: /Users/damithch/Repos/nus-cs2103/cs2103-website-base/book/gitAndGithub/commit/cli_2.md
2025-06-22T18:25:07.980Z - info: Synchronizing opened pages list before reload
2025-06-22T18:25:07.980Z - info: Current opened pages, from most-to-least recent:
2025-06-22T18:25:07.980Z - info: 1. book/gitAndGithub/commit/index
2025-06-22T18:25:07.980Z - info: 2. book/gitAndGithub/trail/recordingFolderHistory/index
2025-06-22T18:25:09.003Z - info: Rebuilding 2 pages
2025-06-22T18:25:09.045Z - warn: Empty reference in /Users/damithch/Repos/nus-cs2103/cs2103-website-base/book/gitAndGithub/commit/unit-inElsewhere-asFlat.md:
Segment '#title' in file: /Users/damithch/Repos/nus-cs2103/cs2103-website-base/book/gitAndGithub/commit/text.md is empty
2025-06-22T18:25:09.071Z - info: Assets built
2025-06-22T18:25:09.355Z - info: Site data built
2025-06-22T18:25:09.355Z - info: Pages rebuilt
2025-06-22T18:25:09.355Z - info: Website regeneration complete! Total build time: 0.355s
2025-06-22T18:26:51.211Z - info: [02:26:51] Reload for file change: /Users/damithch/Repos/nus-cs2103/cs2103-website-base/book/gitAndGithub/commit/text.md
2025-06-22T18:26:51.212Z - info: Synchronizing opened pages list before reload
2025-06-22T18:26:51.213Z - info: Current opened pages, from most-to-least recent:
2025-06-22T18:26:51.213Z - info: 1. book/gitAndGithub/commit/index
2025-06-22T18:26:51.213Z - info: 2. book/gitAndGithub/trail/recordingFolderHistory/index
2025-06-22T18:26:52.224Z - info: Rebuilding 2 pages
2025-06-22T18:26:52.252Z - warn: Empty reference in /Users/damithch/Repos/nus-cs2103/cs2103-website-base/book/gitAndGithub/commit/unit-inElsewhere-asFlat.md:
Segment '#title' in file: /Users/damithch/Repos/nus-cs2103/cs2103-website-base/book/gitAndGithub/commit/text.md is empty
2025-06-22T18:26:52.548Z - info: Site data built
2025-06-22T18:26:52.548Z - info: Pages rebuilt
2025-06-22T18:26:52.548Z - info: Website regeneration complete! Total build time: 0.326s
2025-06-22T18:27:45.927Z - info: [02:27:45] Reload for file change: /Users/damithch/Repos/nus-cs2103/cs2103-website-base/book/gitAndGithub/commit/text.md
2025-06-22T18:27:45.934Z - info: Synchronizing opened pages list before reload
2025-06-22T18:27:45.939Z - info: Current opened pages, from most-to-least recent:
2025-06-22T18:27:45.941Z - info: 1. book/gitAndGithub/commit/index
2025-06-22T18:27:45.942Z - info: 2. book/gitAndGithub/trail/recordingFolderHistory/index
2025-06-22T18:27:46.961Z - info: Rebuilding 2 pages
2025-06-22T18:27:47.006Z - warn: Empty reference in /Users/damithch/Repos/nus-cs2103/cs2103-website-base/book/gitAndGithub/commit/unit-inElsewhere-asFlat.md:
Segment '#title' in file: /Users/damithch/Repos/nus-cs2103/cs2103-website-base/book/gitAndGithub/commit/text.md is empty
2025-06-22T18:27:47.343Z - info: Site data built
2025-06-22T18:27:47.343Z - info: Pages rebuilt
2025-06-22T18:27:47.343Z - info: Website regeneration complete! Total build time: 0.385s
2025-06-22T18:27:55.208Z - info: [02:27:55] Reload for file change: /Users/damithch/Repos/nus-cs2103/cs2103-website-base/book/gitAndGithub/commit/text.md
2025-06-22T18:27:55.210Z - info: Synchronizing opened pages list before reload
2025-06-22T18:27:55.211Z - info: Current opened pages, from most-to-least recent:
2025-06-22T18:27:55.211Z - info: 1. book/gitAndGithub/commit/index
2025-06-22T18:27:55.211Z - info: 2. book/gitAndGithub/trail/recordingFolderHistory/index
2025-06-22T18:27:56.218Z - info: Rebuilding 2 pages
2025-06-22T18:27:56.237Z - warn: Empty reference in /Users/damithch/Repos/nus-cs2103/cs2103-website-base/book/gitAndGithub/commit/unit-inElsewhere-asFlat.md:
Segment '#title' in file: /Users/damithch/Repos/nus-cs2103/cs2103-website-base/book/gitAndGithub/commit/text.md is empty
2025-06-22T18:27:56.552Z - info: Site data built
2025-06-22T18:27:56.552Z - info: Pages rebuilt
2025-06-22T18:27:56.552Z - info: Website regeneration complete! Total build time: 0.335s
2025-06-22T18:29:33.012Z - info: [02:29:33] Reload for file change: /Users/damithch/Repos/nus-cs2103/cs2103-website-base/book/gitAndGithub/commit/cli_3.md
2025-06-22T18:29:33.014Z - info: Synchronizing opened pages list before reload
2025-06-22T18:29:33.014Z - info: Current opened pages, from most-to-least recent:
2025-06-22T18:29:33.015Z - info: 1. book/gitAndGithub/commit/index
2025-06-22T18:29:33.015Z - info: 2. book/gitAndGithub/trail/recordingFolderHistory/index
2025-06-22T18:29:34.045Z - info: Rebuilding 2 pages
2025-06-22T18:29:34.086Z - warn: Empty reference in /Users/damithch/Repos/nus-cs2103/cs2103-website-base/book/gitAndGithub/commit/unit-inElsewhere-asFlat.md:
Segment '#title' in file: /Users/damithch/Repos/nus-cs2103/cs2103-website-base/book/gitAndGithub/commit/text.md is empty
2025-06-22T18:29:34.385Z - info: Site data built
2025-06-22T18:29:34.385Z - info: Pages rebuilt
2025-06-22T18:29:34.385Z - info: Website regeneration complete! Total build time: 0.343s
2025-06-22T18:34:26.342Z - info: [02:34:26] Reload for file change: /Users/damithch/Repos/nus-cs2103/cs2103-website-base/book/gitAndGithub/commit/text.md
2025-06-22T18:34:26.343Z - info: Synchronizing opened pages list before reload
2025-06-22T18:34:26.343Z - info: Current opened pages, from most-to-least recent:
2025-06-22T18:34:26.343Z - info: 1. book/gitAndGithub/commit/index
2025-06-22T18:34:26.343Z - info: 2. book/gitAndGithub/trail/recordingFolderHistory/index
2025-06-22T18:34:27.352Z - info: Rebuilding 2 pages
2025-06-22T18:34:27.378Z - warn: Empty reference in /Users/damithch/Repos/nus-cs2103/cs2103-website-base/book/gitAndGithub/commit/unit-inElsewhere-asFlat.md:
Segment '#title' in file: /Users/damithch/Repos/nus-cs2103/cs2103-website-base/book/gitAndGithub/commit/text.md is empty
2025-06-22T18:34:27.667Z - info: Site data built
2025-06-22T18:34:27.667Z - info: Pages rebuilt
2025-06-22T18:34:27.667Z - info: Website regeneration complete! Total build time: 0.317s
2025-06-22T18:35:28.702Z - info: [02:35:28] Reload for file change: /Users/damithch/Repos/nus-cs2103/cs2103-website-base/book/gitAndGithub/commit/text.md
2025-06-22T18:35:28.702Z - info: Synchronizing opened pages list before reload
2025-06-22T18:35:28.703Z - info: No pages are currently opened
2025-06-22T18:35:29.706Z - info: No pages needed to be rebuilt
2025-06-22T18:35:36.805Z - info: Building /Users/damithch/Repos/nus-cs2103/cs2103-website-base/book/gitAndGithub/commit/index as some of its dependencies were changed since the last visit
2025-06-22T18:35:36.805Z - info: Building /Users/damithch/Repos/nus-cs2103/cs2103-website-base/book/gitAndGithub/trail/recordingFolderHistory/index as some of its dependencies were changed since the last visit
2025-06-22T18:35:36.848Z - warn: Empty reference in /Users/damithch/Repos/nus-cs2103/cs2103-website-base/book/gitAndGithub/commit/unit-inElsewhere-asFlat.md:
Segment '#title' in file: /Users/damithch/Repos/nus-cs2103/cs2103-website-base/book/gitAndGithub/commit/text.md is empty
2025-06-22T18:35:37.235Z - info: Site data built
2025-06-22T18:35:37.235Z - info: Lazy website regeneration complete! Total build time: 0.431s
2025-06-22T18:40:02.901Z - info: [02:40:02] Reload for file change: /Users/damithch/Repos/nus-cs2103/cs2103-website-base/book/gitAndGithub/commit/text.md
2025-06-22T18:40:02.902Z - info: Synchronizing opened pages list before reload
2025-06-22T18:40:02.903Z - info: Current opened pages, from most-to-least recent:
2025-06-22T18:40:02.903Z - info: 1. book/gitAndGithub/commit/index
2025-06-22T18:40:02.903Z - info: 2. book/gitAndGithub/trail/recordingFolderHistory/index
2025-06-22T18:40:03.913Z - info: Rebuilding 2 pages
2025-06-22T18:40:03.938Z - warn: Empty reference in /Users/damithch/Repos/nus-cs2103/cs2103-website-base/book/gitAndGithub/commit/unit-inElsewhere-asFlat.md:
Segment '#title' in file: /Users/damithch/Repos/nus-cs2103/cs2103-website-base/book/gitAndGithub/commit/text.md is empty
2025-06-22T18:40:04.244Z - info: Site data built
2025-06-22T18:40:04.245Z - info: Pages rebuilt
2025-06-22T18:40:04.245Z - info: Website regeneration complete! Total build time: 0.335s
2025-06-23T02:54:58.294Z - info: Website generation started at 10:54:57
2025-06-23T02:54:58.643Z - warn: ENOENT: no such file or directory, open '/Users/damithch/Repos/nus-cs2103/cs2103-website-base/node_modules/.cache/gh-pages/https!github.com!nus-cs2103-AY2526S1!website.git/book/_markbind/variables.md'
2025-06-23T02:54:58.643Z - warn: ENOENT: no such file or directory, open '/Users/damithch/Repos/nus-cs2103/cs2103-website-base/node_modules/.cache/gh-pages/https!github.com!nus-cs2103-AY2526S1!website.git/_markbind/variables.md'
2025-06-23T02:54:58.667Z - info: Building assets...
